#
# There is insufficient memory for the Java Runtime Environment to continue.
# Native memory allocation (mmap) failed to map 65536 bytes for Failed to commit metaspace.
# Possible reasons:
#   The system is out of physical RAM or swap space
#   The process is running with CompressedOops enabled, and the Java Heap may be blocking the growth of the native heap
# Possible solutions:
#   Reduce memory load on the system
#   Increase physical memory or swap space
#   Check if swap backing store is full
#   Decrease Java heap size (-Xmx/-Xms)
#   Decrease number of Java threads
#   Decrease Java thread stack sizes (-Xss)
#   Set larger code cache with -XX:ReservedCodeCacheSize=
#   JVM is running with Unscaled Compressed Oops mode in which the Java heap is
#     placed in the first 4GB address space. The Java Heap base address is the
#     maximum limit for the native heap growth. Please use -XX:HeapBaseMinAddress
#     to set the Java Heap base and to place the Java Heap above 4GB virtual address.
# This output file may be truncated or incomplete.
#
#  Out of Memory Error (virtualSpaceNode.cpp:110), pid=15168, tid=14440
#
# JRE version: OpenJDK Runtime Environment Temurin-17.0.3+7 (17.0.3+7) (build 17.0.3+7)
# Java VM: OpenJDK 64-Bit Server VM Temurin-17.0.3+7 (17.0.3+7, mixed mode, tiered, compressed oops, compressed class ptrs, g1 gc, windows-amd64)
# No core dump will be written. Minidumps are not enabled by default on client versions of Windows
#

---------------  S U M M A R Y ------------

Command Line: -Dfile.encoding=UTF-8 -XX:+ShowCodeDetailsInExceptionMessages com.quizapplication.Quiz1

Host: Intel(R) Core(TM) i3-6006U CPU @ 2.00GHz, 4 cores, 3G,  Windows 10 , 64 bit Build 19041 (10.0.19041.2364)
Time: Sat Feb 11 23:43:07 2023 India Standard Time elapsed time: 1.269899 seconds (0d 0h 0m 1s)

---------------  T H R E A D  ---------------

Current thread (0x000001e07765dae0):  JavaThread "AWT-EventQueue-0" [_thread_in_vm, id=14440, stack(0x000000d002f00000,0x000000d003000000)]

Stack: [0x000000d002f00000,0x000000d003000000]
Native frames: (J=compiled Java code, j=interpreted, Vv=VM code, C=native code)
V  [jvm.dll+0x675efa]
V  [jvm.dll+0x830a24]
V  [jvm.dll+0x8321ce]
V  [jvm.dll+0x832833]
V  [jvm.dll+0x2454b5]
V  [jvm.dll+0x82c9cb]
V  [jvm.dll+0x61ab26]
V  [jvm.dll+0x1c046e]
V  [jvm.dll+0x61d471]
V  [jvm.dll+0x61b4c6]
V  [jvm.dll+0x242f0c]
V  [jvm.dll+0x6cc39d]
V  [jvm.dll+0x6ccdcf]
V  [jvm.dll+0x36fdf3]
V  [jvm.dll+0x36fc66]
V  [jvm.dll+0x36efd2]
V  [jvm.dll+0x36ef78]
V  [jvm.dll+0x37ed9a]
C  0x000001e00001b6e4

Java frames: (J=compiled Java code, j=interpreted, Vv=VM code)
j  java.lang.invoke.VarHandles.makeFieldHandle(Ljava/lang/invoke/MemberName;Ljava/lang/Class;Ljava/lang/Class;Z)Ljava/lang/invoke/VarHandle;+316 java.base@17.0.3
j  java.lang.invoke.MethodHandles$Lookup.getFieldVarHandleCommon(BBLjava/lang/Class;Ljava/lang/invoke/MemberName;Ljava/lang/invoke/MemberName;Z)Ljava/lang/invoke/VarHandle;+270 java.base@17.0.3
j  java.lang.invoke.MethodHandles$Lookup.getFieldVarHandle(BBLjava/lang/Class;Ljava/lang/invoke/MemberName;Ljava/lang/invoke/MemberName;)Ljava/lang/invoke/VarHandle;+12 java.base@17.0.3
j  java.lang.invoke.MethodHandles$Lookup.findVarHandle(Ljava/lang/Class;Ljava/lang/String;Ljava/lang/Class;)Ljava/lang/invoke/VarHandle;+28 java.base@17.0.3
j  java.util.concurrent.ForkJoinPool.<clinit>()V+13 java.base@17.0.3
v  ~StubRoutines::call_stub
j  java.util.concurrent.locks.AbstractQueuedSynchronizer$ConditionObject.await()V+105 java.base@17.0.3
j  java.awt.EventQueue.getNextEvent()Ljava/awt/AWTEvent;+52 java.desktop@17.0.3
j  java.awt.EventDispatchThread.pumpOneEventForFilters(I)V+20 java.desktop@17.0.3
j  java.awt.EventDispatchThread.pumpEventsForFilter(ILjava/awt/Conditional;Ljava/awt/EventFilter;)V+35 java.desktop@17.0.3
j  java.awt.EventDispatchThread.pumpEventsForHierarchy(ILjava/awt/Conditional;Ljava/awt/Component;)V+11 java.desktop@17.0.3
j  java.awt.EventDispatchThread.pumpEvents(ILjava/awt/Conditional;)V+4 java.desktop@17.0.3
j  java.awt.EventDispatchThread.pumpEvents(Ljava/awt/Conditional;)V+3 java.desktop@17.0.3
j  java.awt.EventDispatchThread.run()V+9 java.desktop@17.0.3
v  ~StubRoutines::call_stub

---------------  P R O C E S S  ---------------

Threads class SMR info:
_java_thread_list=0x000001e077911380, length=17, elements={
0x000001e076787400, 0x000001e076788c50, 0x000001e0767e23c0, 0x000001e0767e4d80,
0x000001e0767e5ed0, 0x000001e0767e6880, 0x000001e0767eb2b0, 0x000001e0767f5c00,
0x000001e07680fd70, 0x000001e077527640, 0x000001e077543df0, 0x000001e07765c2d0,
0x000001e07765c7a0, 0x000001e07765d610, 0x000001e07765cc70, 0x000001e07765dae0,
0x000001e07765be00
}

Java Threads: ( => current thread )
  0x000001e076787400 JavaThread "Reference Handler" daemon [_thread_blocked, id=14032, stack(0x000000d001e00000,0x000000d001f00000)]
  0x000001e076788c50 JavaThread "Finalizer" daemon [_thread_blocked, id=12608, stack(0x000000d001f00000,0x000000d002000000)]
  0x000001e0767e23c0 JavaThread "Signal Dispatcher" daemon [_thread_blocked, id=14876, stack(0x000000d002100000,0x000000d002200000)]
  0x000001e0767e4d80 JavaThread "Attach Listener" daemon [_thread_blocked, id=15100, stack(0x000000d002200000,0x000000d002300000)]
  0x000001e0767e5ed0 JavaThread "Service Thread" daemon [_thread_blocked, id=14864, stack(0x000000d002300000,0x000000d002400000)]
  0x000001e0767e6880 JavaThread "Monitor Deflation Thread" daemon [_thread_blocked, id=14744, stack(0x000000d002400000,0x000000d002500000)]
  0x000001e0767eb2b0 JavaThread "C2 CompilerThread0" daemon [_thread_blocked, id=12852, stack(0x000000d002500000,0x000000d002600000)]
  0x000001e0767f5c00 JavaThread "C1 CompilerThread0" daemon [_thread_in_vm, id=14792, stack(0x000000d002600000,0x000000d002700000)]
  0x000001e07680fd70 JavaThread "Sweeper thread" daemon [_thread_blocked, id=1844, stack(0x000000d002700000,0x000000d002800000)]
  0x000001e077527640 JavaThread "Notification Thread" daemon [_thread_blocked, id=14560, stack(0x000000d002800000,0x000000d002900000)]
  0x000001e077543df0 JavaThread "Common-Cleaner" daemon [_thread_blocked, id=16068, stack(0x000000d002a00000,0x000000d002b00000)]
  0x000001e07765c2d0 JavaThread "Java2D Disposer" daemon [_thread_blocked, id=16080, stack(0x000000d002b00000,0x000000d002c00000)]
  0x000001e07765c7a0 JavaThread "AWT-Shutdown" [_thread_blocked, id=16084, stack(0x000000d002c00000,0x000000d002d00000)]
  0x000001e07765d610 JavaThread "AWT-Windows" daemon [_thread_in_native, id=14176, stack(0x000000d002d00000,0x000000d002e00000)]
  0x000001e07765cc70 JavaThread "Image Fetcher 0" daemon [_thread_blocked, id=12720, stack(0x000000d002e00000,0x000000d002f00000)]
=>0x000001e07765dae0 JavaThread "AWT-EventQueue-0" [_thread_in_vm, id=14440, stack(0x000000d002f00000,0x000000d003000000)]
  0x000001e07765be00 JavaThread "DestroyJavaVM" [_thread_blocked, id=6312, stack(0x000000d001700000,0x000000d001800000)]

Other Threads:
  0x000001e06e7b4e80 VMThread "VM Thread" [stack: 0x000000d001d00000,0x000000d001e00000] [id=14480]
  0x000001e07752bb20 WatcherThread [stack: 0x000000d002900000,0x000000d002a00000] [id=5000]
  0x000001e06e71a9e0 GCTaskThread "GC Thread#0" [stack: 0x000000d001800000,0x000000d001900000] [id=968]
  0x000001e06e724550 ConcurrentGCThread "G1 Main Marker" [stack: 0x000000d001900000,0x000000d001a00000] [id=13688]
  0x000001e06e726af0 ConcurrentGCThread "G1 Conc#0" [stack: 0x000000d001a00000,0x000000d001b00000] [id=268]
  0x000001e06e773b20 ConcurrentGCThread "G1 Refine#0" [stack: 0x000000d001b00000,0x000000d001c00000] [id=8388]
  0x000001e06e774cc0 ConcurrentGCThread "G1 Service" [stack: 0x000000d001c00000,0x000000d001d00000] [id=13560]

Threads with active compile tasks:
C1 CompilerThread0     1332  727       3       java.lang.invoke.MethodHandles$Lookup::checkSecurityManager (97 bytes)

VM state: not at safepoint (normal execution)

VM Mutex/Monitor currently owned by a thread:  ([mutex/lock_event])
[0x000001e06e6d8530] Metaspace_lock - owner thread: 0x000001e07765dae0
[0x000001e06e6da940] MethodData_lock - owner thread: 0x000001e0767f5c00

Heap address: 0x00000000c1400000, size: 1004 MB, Compressed Oops mode: 32-bit

CDS archive(s) not mapped
Compressed class space mapped at: 0x0000000100000000-0x0000000140000000, reserved size: 1073741824
Narrow klass base: 0x0000000000000000, Narrow klass shift: 3, Narrow klass range: 0x140000000

GC Precious Log:
 CPUs: 4 total, 4 available
 Memory: 4012M
 Large Page Support: Disabled
 NUMA Support: Disabled
 Compressed Oops: Enabled (32-bit)
 Heap Region Size: 1M
 Heap Min Capacity: 8M
 Heap Initial Capacity: 64M
 Heap Max Capacity: 1004M
 Pre-touch: Disabled
 Parallel Workers: 4
 Concurrent Workers: 1
 Concurrent Refinement Workers: 4
 Periodic GC: Disabled

Heap:
 garbage-first heap   total 65536K, used 13312K [0x00000000c1400000, 0x0000000100000000)
  region size 1024K, 7 young (7168K), 0 survivors (0K)
 Metaspace       used 13452K, committed 13632K, reserved 1064960K
  class space    used 1309K, committed 1408K, reserved 1048576K

Heap Regions: E=young(eden), S=young(survivor), O=old, HS=humongous(starts), HC=humongous(continues), CS=collection set, F=free, OA=open archive, CA=closed archive, TAMS=top-at-mark-start (previous, next)
|   0|0x00000000c1400000, 0x00000000c1500000, 0x00000000c1500000|100%|HS|  |TAMS 0x00000000c1400000, 0x00000000c1400000| Complete 
|   1|0x00000000c1500000, 0x00000000c1600000, 0x00000000c1600000|100%|HC|  |TAMS 0x00000000c1500000, 0x00000000c1500000| Complete 
|   2|0x00000000c1600000, 0x00000000c1700000, 0x00000000c1700000|100%|HC|  |TAMS 0x00000000c1600000, 0x00000000c1600000| Complete 
|   3|0x00000000c1700000, 0x00000000c1800000, 0x00000000c1800000|100%|HC|  |TAMS 0x00000000c1700000, 0x00000000c1700000| Complete 
|   4|0x00000000c1800000, 0x00000000c1900000, 0x00000000c1900000|100%|HC|  |TAMS 0x00000000c1800000, 0x00000000c1800000| Complete 
|   5|0x00000000c1900000, 0x00000000c1a00000, 0x00000000c1a00000|100%|HC|  |TAMS 0x00000000c1900000, 0x00000000c1900000| Complete 
|   6|0x00000000c1a00000, 0x00000000c1b00000, 0x00000000c1b00000|100%|HC|  |TAMS 0x00000000c1a00000, 0x00000000c1a00000| Complete 
|   7|0x00000000c1b00000, 0x00000000c1b00000, 0x00000000c1c00000|  0%| F|  |TAMS 0x00000000c1b00000, 0x00000000c1b00000| Untracked 
|   8|0x00000000c1c00000, 0x00000000c1c00000, 0x00000000c1d00000|  0%| F|  |TAMS 0x00000000c1c00000, 0x00000000c1c00000| Untracked 
|   9|0x00000000c1d00000, 0x00000000c1d00000, 0x00000000c1e00000|  0%| F|  |TAMS 0x00000000c1d00000, 0x00000000c1d00000| Untracked 
|  10|0x00000000c1e00000, 0x00000000c1e00000, 0x00000000c1f00000|  0%| F|  |TAMS 0x00000000c1e00000, 0x00000000c1e00000| Untracked 
|  11|0x00000000c1f00000, 0x00000000c1f00000, 0x00000000c2000000|  0%| F|  |TAMS 0x00000000c1f00000, 0x00000000c1f00000| Untracked 
|  12|0x00000000c2000000, 0x00000000c2000000, 0x00000000c2100000|  0%| F|  |TAMS 0x00000000c2000000, 0x00000000c2000000| Untracked 
|  13|0x00000000c2100000, 0x00000000c2100000, 0x00000000c2200000|  0%| F|  |TAMS 0x00000000c2100000, 0x00000000c2100000| Untracked 
|  14|0x00000000c2200000, 0x00000000c2200000, 0x00000000c2300000|  0%| F|  |TAMS 0x00000000c2200000, 0x00000000c2200000| Untracked 
|  15|0x00000000c2300000, 0x00000000c2300000, 0x00000000c2400000|  0%| F|  |TAMS 0x00000000c2300000, 0x00000000c2300000| Untracked 
|  16|0x00000000c2400000, 0x00000000c2400000, 0x00000000c2500000|  0%| F|  |TAMS 0x00000000c2400000, 0x00000000c2400000| Untracked 
|  17|0x00000000c2500000, 0x00000000c2500000, 0x00000000c2600000|  0%| F|  |TAMS 0x00000000c2500000, 0x00000000c2500000| Untracked 
|  18|0x00000000c2600000, 0x00000000c2600000, 0x00000000c2700000|  0%| F|  |TAMS 0x00000000c2600000, 0x00000000c2600000| Untracked 
|  19|0x00000000c2700000, 0x00000000c2700000, 0x00000000c2800000|  0%| F|  |TAMS 0x00000000c2700000, 0x00000000c2700000| Untracked 
|  20|0x00000000c2800000, 0x00000000c2800000, 0x00000000c2900000|  0%| F|  |TAMS 0x00000000c2800000, 0x00000000c2800000| Untracked 
|  21|0x00000000c2900000, 0x00000000c2900000, 0x00000000c2a00000|  0%| F|  |TAMS 0x00000000c2900000, 0x00000000c2900000| Untracked 
|  22|0x00000000c2a00000, 0x00000000c2a00000, 0x00000000c2b00000|  0%| F|  |TAMS 0x00000000c2a00000, 0x00000000c2a00000| Untracked 
|  23|0x00000000c2b00000, 0x00000000c2b00000, 0x00000000c2c00000|  0%| F|  |TAMS 0x00000000c2b00000, 0x00000000c2b00000| Untracked 
|  24|0x00000000c2c00000, 0x00000000c2c00000, 0x00000000c2d00000|  0%| F|  |TAMS 0x00000000c2c00000, 0x00000000c2c00000| Untracked 
|  25|0x00000000c2d00000, 0x00000000c2d00000, 0x00000000c2e00000|  0%| F|  |TAMS 0x00000000c2d00000, 0x00000000c2d00000| Untracked 
|  26|0x00000000c2e00000, 0x00000000c2e00000, 0x00000000c2f00000|  0%| F|  |TAMS 0x00000000c2e00000, 0x00000000c2e00000| Untracked 
|  27|0x00000000c2f00000, 0x00000000c2f00000, 0x00000000c3000000|  0%| F|  |TAMS 0x00000000c2f00000, 0x00000000c2f00000| Untracked 
|  28|0x00000000c3000000, 0x00000000c3000000, 0x00000000c3100000|  0%| F|  |TAMS 0x00000000c3000000, 0x00000000c3000000| Untracked 
|  29|0x00000000c3100000, 0x00000000c3100000, 0x00000000c3200000|  0%| F|  |TAMS 0x00000000c3100000, 0x00000000c3100000| Untracked 
|  30|0x00000000c3200000, 0x00000000c3200000, 0x00000000c3300000|  0%| F|  |TAMS 0x00000000c3200000, 0x00000000c3200000| Untracked 
|  31|0x00000000c3300000, 0x00000000c3300000, 0x00000000c3400000|  0%| F|  |TAMS 0x00000000c3300000, 0x00000000c3300000| Untracked 
|  32|0x00000000c3400000, 0x00000000c3400000, 0x00000000c3500000|  0%| F|  |TAMS 0x00000000c3400000, 0x00000000c3400000| Untracked 
|  33|0x00000000c3500000, 0x00000000c3500000, 0x00000000c3600000|  0%| F|  |TAMS 0x00000000c3500000, 0x00000000c3500000| Untracked 
|  34|0x00000000c3600000, 0x00000000c3600000, 0x00000000c3700000|  0%| F|  |TAMS 0x00000000c3600000, 0x00000000c3600000| Untracked 
|  35|0x00000000c3700000, 0x00000000c3700000, 0x00000000c3800000|  0%| F|  |TAMS 0x00000000c3700000, 0x00000000c3700000| Untracked 
|  36|0x00000000c3800000, 0x00000000c3800000, 0x00000000c3900000|  0%| F|  |TAMS 0x00000000c3800000, 0x00000000c3800000| Untracked 
|  37|0x00000000c3900000, 0x00000000c3900000, 0x00000000c3a00000|  0%| F|  |TAMS 0x00000000c3900000, 0x00000000c3900000| Untracked 
|  38|0x00000000c3a00000, 0x00000000c3a00000, 0x00000000c3b00000|  0%| F|  |TAMS 0x00000000c3a00000, 0x00000000c3a00000| Untracked 
|  39|0x00000000c3b00000, 0x00000000c3b00000, 0x00000000c3c00000|  0%| F|  |TAMS 0x00000000c3b00000, 0x00000000c3b00000| Untracked 
|  40|0x00000000c3c00000, 0x00000000c3c00000, 0x00000000c3d00000|  0%| F|  |TAMS 0x00000000c3c00000, 0x00000000c3c00000| Untracked 
|  41|0x00000000c3d00000, 0x00000000c3d00000, 0x00000000c3e00000|  0%| F|  |TAMS 0x00000000c3d00000, 0x00000000c3d00000| Untracked 
|  42|0x00000000c3e00000, 0x00000000c3e00000, 0x00000000c3f00000|  0%| F|  |TAMS 0x00000000c3e00000, 0x00000000c3e00000| Untracked 
|  43|0x00000000c3f00000, 0x00000000c3f00000, 0x00000000c4000000|  0%| F|  |TAMS 0x00000000c3f00000, 0x00000000c3f00000| Untracked 
|  44|0x00000000c4000000, 0x00000000c4000000, 0x00000000c4100000|  0%| F|  |TAMS 0x00000000c4000000, 0x00000000c4000000| Untracked 
|  45|0x00000000c4100000, 0x00000000c4100000, 0x00000000c4200000|  0%| F|  |TAMS 0x00000000c4100000, 0x00000000c4100000| Untracked 
|  46|0x00000000c4200000, 0x00000000c4200000, 0x00000000c4300000|  0%| F|  |TAMS 0x00000000c4200000, 0x00000000c4200000| Untracked 
|  47|0x00000000c4300000, 0x00000000c4300000, 0x00000000c4400000|  0%| F|  |TAMS 0x00000000c4300000, 0x00000000c4300000| Untracked 
|  48|0x00000000c4400000, 0x00000000c4400000, 0x00000000c4500000|  0%| F|  |TAMS 0x00000000c4400000, 0x00000000c4400000| Untracked 
|  49|0x00000000c4500000, 0x00000000c4500000, 0x00000000c4600000|  0%| F|  |TAMS 0x00000000c4500000, 0x00000000c4500000| Untracked 
|  50|0x00000000c4600000, 0x00000000c4600000, 0x00000000c4700000|  0%| F|  |TAMS 0x00000000c4600000, 0x00000000c4600000| Untracked 
|  51|0x00000000c4700000, 0x00000000c4700000, 0x00000000c4800000|  0%| F|  |TAMS 0x00000000c4700000, 0x00000000c4700000| Untracked 
|  52|0x00000000c4800000, 0x00000000c4800000, 0x00000000c4900000|  0%| F|  |TAMS 0x00000000c4800000, 0x00000000c4800000| Untracked 
|  53|0x00000000c4900000, 0x00000000c4900000, 0x00000000c4a00000|  0%| F|  |TAMS 0x00000000c4900000, 0x00000000c4900000| Untracked 
|  54|0x00000000c4a00000, 0x00000000c4a00000, 0x00000000c4b00000|  0%| F|  |TAMS 0x00000000c4a00000, 0x00000000c4a00000| Untracked 
|  55|0x00000000c4b00000, 0x00000000c4b00000, 0x00000000c4c00000|  0%| F|  |TAMS 0x00000000c4b00000, 0x00000000c4b00000| Untracked 
|  56|0x00000000c4c00000, 0x00000000c4c00000, 0x00000000c4d00000|  0%| F|  |TAMS 0x00000000c4c00000, 0x00000000c4c00000| Untracked 
|  57|0x00000000c4d00000, 0x00000000c4dc8478, 0x00000000c4e00000| 78%| E|  |TAMS 0x00000000c4d00000, 0x00000000c4d00000| Complete 
|  58|0x00000000c4e00000, 0x00000000c4f00000, 0x00000000c4f00000|100%| E|CS|TAMS 0x00000000c4e00000, 0x00000000c4e00000| Complete 
|  59|0x00000000c4f00000, 0x00000000c5000000, 0x00000000c5000000|100%| E|CS|TAMS 0x00000000c4f00000, 0x00000000c4f00000| Complete 
|  60|0x00000000c5000000, 0x00000000c5100000, 0x00000000c5100000|100%| E|CS|TAMS 0x00000000c5000000, 0x00000000c5000000| Complete 
|  61|0x00000000c5100000, 0x00000000c5200000, 0x00000000c5200000|100%| E|CS|TAMS 0x00000000c5100000, 0x00000000c5100000| Complete 
|  62|0x00000000c5200000, 0x00000000c5300000, 0x00000000c5300000|100%| E|CS|TAMS 0x00000000c5200000, 0x00000000c5200000| Complete 
|  63|0x00000000c5300000, 0x00000000c5400000, 0x00000000c5400000|100%| E|CS|TAMS 0x00000000c5300000, 0x00000000c5300000| Complete 

Card table byte_map: [0x000001e071fa0000,0x000001e0721a0000] _byte_map_base: 0x000001e071996000

Marking Bits (Prev, Next): (CMBitMap*) 0x000001e06e71bea0, (CMBitMap*) 0x000001e06e71bee0
 Prev Bits: [0x000001e0723a0000, 0x000001e073350000)
 Next Bits: [0x000001e073350000, 0x000001e074300000)

Polling page: 0x000001e06dec0000

Metaspace:

Usage:
  Non-class:     11.86 MB used.
      Class:      1.28 MB used.
       Both:     13.14 MB used.

Virtual space:
  Non-class space:       16.00 MB reserved,      11.94 MB ( 75%) committed,  2 nodes.
      Class space:        1.00 GB reserved,       1.38 MB ( <1%) committed,  1 nodes.
             Both:        1.02 GB reserved,      13.31 MB (  1%) committed. 

Chunk freelists:
   Non-Class:  45.00 KB
       Class:  2.61 MB
        Both:  2.66 MB

MaxMetaspaceSize: unlimited
CompressedClassSpaceSize: 1.00 GB
Initial GC threshold: 21.00 MB
Current GC threshold: 21.00 MB
CDS: off
MetaspaceReclaimPolicy: balanced
 - commit_granule_bytes: 65536.
 - commit_granule_words: 8192.
 - virtual_space_node_default_size: 1048576.
 - enlarge_chunks_in_place: 1.
 - new_chunks_are_fully_committed: 0.
 - uncommit_free_chunks: 1.
 - use_allocation_guard: 0.
 - handle_deallocations: 1.


Internal statistics:

num_allocs_failed_limit: 0.
num_arena_births: 118.
num_arena_deaths: 0.
num_vsnodes_births: 3.
num_vsnodes_deaths: 0.
num_space_committed: 213.
num_space_uncommitted: 0.
num_chunks_returned_to_freelist: 0.
num_chunks_taken_from_freelist: 187.
num_chunk_merges: 0.
num_chunk_splits: 93.
num_chunks_enlarged: 28.
num_purges: 0.
num_inconsistent_stats: 0.

CodeHeap 'non-profiled nmethods': size=120000Kb used=199Kb max_used=199Kb free=119800Kb
 bounds [0x000001e007ad0000, 0x000001e007d40000, 0x000001e00f000000]
CodeHeap 'profiled nmethods': size=120000Kb used=1114Kb max_used=1114Kb free=118885Kb
 bounds [0x000001e0005a0000, 0x000001e000810000, 0x000001e007ad0000]
CodeHeap 'non-nmethods': size=5760Kb used=1249Kb max_used=1261Kb free=4510Kb
 bounds [0x000001e000000000, 0x000001e000270000, 0x000001e0005a0000]
 total_blobs=1293 nmethods=726 adapters=480
 compilation: enabled
              stopped_count=0, restarted_count=0
 full_count=0

Compilation events (20 events):
Event: 1.237 Thread 0x000001e0767f5c00 nmethod 716 0x000001e0006b2e90 code [0x000001e0006b30e0, 0x000001e0006b39e8]
Event: 1.237 Thread 0x000001e0767f5c00  717       3       java.nio.ByteBufferAsIntBufferB::byteOffset (9 bytes)
Event: 1.237 Thread 0x000001e0767eb2b0  718       4       jdk.internal.misc.Unsafe::getCharUnaligned (12 bytes)
Event: 1.237 Thread 0x000001e0767f5c00 nmethod 717 0x000001e0006b3e10 code [0x000001e0006b3fa0, 0x000001e0006b40b8]
Event: 1.238 Thread 0x000001e0767eb2b0 nmethod 718 0x000001e007b01290 code [0x000001e007b01400, 0x000001e007b014b8]
Event: 1.243 Thread 0x000001e0767f5c00  719       3       java.util.ArrayList$Itr::<init> (26 bytes)
Event: 1.244 Thread 0x000001e0767f5c00 nmethod 719 0x000001e0006b4190 code [0x000001e0006b4320, 0x000001e0006b44f8]
Event: 1.244 Thread 0x000001e0767f5c00  720       3       java.util.ArrayList::iterator (9 bytes)
Event: 1.244 Thread 0x000001e0767f5c00 nmethod 720 0x000001e0006b4610 code [0x000001e0006b47c0, 0x000001e0006b4a58]
Event: 1.244 Thread 0x000001e0767f5c00  721       3       jdk.internal.logger.LazyLoggers$LazyLoggerWrapper::platformProxy (10 bytes)
Event: 1.244 Thread 0x000001e0767f5c00 nmethod 721 0x000001e0006b4b90 code [0x000001e0006b4d40, 0x000001e0006b4ec8]
Event: 1.245 Thread 0x000001e0767f5c00  722   !   3       jdk.internal.logger.LazyLoggers$LazyLoggerAccessor::platform (103 bytes)
Event: 1.246 Thread 0x000001e0767f5c00 nmethod 722 0x000001e0006b5010 code [0x000001e0006b5260, 0x000001e0006b5f08]
Event: 1.246 Thread 0x000001e0767f5c00  723       3       jdk.internal.logger.SimpleConsoleLogger::isLoggable (29 bytes)
Event: 1.246 Thread 0x000001e0767f5c00 nmethod 723 0x000001e0006b6210 code [0x000001e0006b63c0, 0x000001e0006b6708]
Event: 1.246 Thread 0x000001e0767f5c00  724       3       jdk.internal.logger.SurrogateLogger::defaultPlatformLevel (4 bytes)
Event: 1.246 Thread 0x000001e0767f5c00 nmethod 724 0x000001e0006b6810 code [0x000001e0006b69a0, 0x000001e0006b6ab8]
Event: 1.246 Thread 0x000001e0767f5c00  726       1       java.awt.AWTEvent::getID (5 bytes)
Event: 1.247 Thread 0x000001e0767f5c00 nmethod 726 0x000001e007b01990 code [0x000001e007b01b20, 0x000001e007b01bf8]
Event: 1.265 Thread 0x000001e0767f5c00  727       3       java.lang.invoke.MethodHandles$Lookup::checkSecurityManager (97 bytes)

GC Heap History (0 events):
No events

Deoptimization events (12 events):
Event: 0.845 Thread 0x000001e07765cc70 Uncommon trap: trap_request=0xffffff45 fr.pc=0x000001e007af409c relative=0x00000000000003fc
Event: 0.846 Thread 0x000001e07765cc70 Uncommon trap: reason=unstable_if action=reinterpret pc=0x000001e007af409c method=java.lang.StringLatin1.newString([BII)Ljava/lang/String; @ 1 c2
Event: 0.846 Thread 0x000001e07765cc70 DEOPT PACKING pc=0x000001e007af409c sp=0x000000d002efed90
Event: 0.846 Thread 0x000001e07765cc70 DEOPT UNPACKING pc=0x000001e0000523a3 sp=0x000000d002efed70 mode 2
Event: 0.984 Thread 0x000001e06e6de520 Uncommon trap: trap_request=0xffffff45 fr.pc=0x000001e007af1de8 relative=0x0000000000000368
Event: 0.984 Thread 0x000001e06e6de520 Uncommon trap: reason=unstable_if action=reinterpret pc=0x000001e007af1de8 method=java.lang.StringUTF16.compress([CI[BII)I @ 20 c2
Event: 0.984 Thread 0x000001e06e6de520 DEOPT PACKING pc=0x000001e007af1de8 sp=0x000000d0017fd360
Event: 0.984 Thread 0x000001e06e6de520 DEOPT UNPACKING pc=0x000001e0000523a3 sp=0x000000d0017fd2e0 mode 2
Event: 1.173 Thread 0x000001e07765dae0 Uncommon trap: trap_request=0xffffff45 fr.pc=0x000001e007afc298 relative=0x0000000000000838
Event: 1.173 Thread 0x000001e07765dae0 Uncommon trap: reason=unstable_if action=reinterpret pc=0x000001e007afc298 method=java.util.HashMap.putVal(ILjava/lang/Object;Ljava/lang/Object;ZZ)Ljava/lang/Object; @ 181 c2
Event: 1.173 Thread 0x000001e07765dae0 DEOPT PACKING pc=0x000001e007afc298 sp=0x000000d002ffcab0
Event: 1.173 Thread 0x000001e07765dae0 DEOPT UNPACKING pc=0x000001e0000523a3 sp=0x000000d002ffc9e8 mode 2

Classes unloaded (0 events):
No events

Classes redefined (0 events):
No events

Internal exceptions (14 events):
Event: 0.406 Thread 0x000001e06e6de520 Exception <a 'java/lang/ClassNotFoundException'{0x00000000c5232858}: sun/awt/resources/spi/awtProvider> (0x00000000c5232858) 
thrown [e:\jenkins\tmp\workspace\build\src\src\hotspot\share\classfile\systemDictionary.cpp, line 256]
Event: 0.459 Thread 0x000001e06e6de520 Exception <a 'java/io/FileNotFoundException'{0x00000000c528d4b0}> (0x00000000c528d4b0) 
thrown [e:\jenkins\tmp\workspace\build\src\src\hotspot\share\prims\jni.cpp, line 516]
Event: 0.477 Thread 0x000001e06e6de520 Exception <a 'java/io/FileNotFoundException'{0x00000000c52ba450}> (0x00000000c52ba450) 
thrown [e:\jenkins\tmp\workspace\build\src\src\hotspot\share\prims\jni.cpp, line 516]
Event: 0.555 Thread 0x000001e06e6de520 Exception <a 'java/lang/NoSuchMethodError'{0x00000000c510c048}: 'java.lang.Object java.lang.invoke.DirectMethodHandle$Holder.invokeStaticInit(java.lang.Object)'> (0x00000000c510c048) 
thrown [e:\jenkins\tmp\workspace\build\src\src\hotspot\share\interpreter\linkResolver.cpp, line 766]
Event: 0.621 Thread 0x000001e06e6de520 Exception <a 'java/lang/NoSuchMethodError'{0x00000000c5198a90}: 'void java.lang.invoke.DirectMethodHandle$Holder.invokeSpecial(java.lang.Object, java.lang.Object, java.lang.Object)'> (0x00000000c5198a90) 
thrown [e:\jenkins\tmp\workspace\build\src\src\hotspot\share\interpreter\linkResolver.cpp, line 766]
Event: 0.640 Thread 0x000001e06e6de520 Exception <a 'java/lang/NoSuchMethodError'{0x00000000c51c2d40}: 'java.lang.Object java.lang.invoke.DirectMethodHandle$Holder.newInvokeSpecial(java.lang.Object, java.lang.Object, java.lang.Object, java.lang.Object, java.lang.Object)'> (0x00000000c51c2d40) 
thrown [e:\jenkins\tmp\workspace\build\src\src\hotspot\share\interpreter\linkResolver.cpp, line 766]
Event: 0.644 Thread 0x000001e06e6de520 Exception <a 'java/lang/NoSuchMethodError'{0x00000000c51ce9b0}: 'java.lang.Object java.lang.invoke.DirectMethodHandle$Holder.invokeStatic(java.lang.Object, int, java.lang.Object, java.lang.Object, java.lang.Object, java.lang.Object)'> (0x00000000c51ce9b0) 
thrown [e:\jenkins\tmp\workspace\build\src\src\hotspot\share\interpreter\linkResolver.cpp, line 766]
Event: 0.654 Thread 0x000001e06e6de520 Exception <a 'java/lang/NoSuchMethodError'{0x00000000c51f4170}: 'java.lang.Object java.lang.invoke.DirectMethodHandle$Holder.invokeStatic(java.lang.Object, int, java.lang.Object)'> (0x00000000c51f4170) 
thrown [e:\jenkins\tmp\workspace\build\src\src\hotspot\share\interpreter\linkResolver.cpp, line 766]
Event: 0.702 Thread 0x000001e06e6de520 Exception <a 'java/lang/ClassNotFoundException'{0x00000000c50ac2e0}: com/sun/swing/internal/plaf/metal/resources/spi/metalProvider> (0x00000000c50ac2e0) 
thrown [e:\jenkins\tmp\workspace\build\src\src\hotspot\share\classfile\systemDictionary.cpp, line 256]
Event: 0.704 Thread 0x000001e06e6de520 Exception <a 'java/lang/ClassNotFoundException'{0x00000000c50b01b8}: com/sun/swing/internal/plaf/basic/resources/spi/basicProvider> (0x00000000c50b01b8) 
thrown [e:\jenkins\tmp\workspace\build\src\src\hotspot\share\classfile\systemDictionary.cpp, line 256]
Event: 0.851 Thread 0x000001e07765cc70 Exception <a 'java/lang/NoSuchMethodError'{0x00000000c4ea3170}: 'java.lang.Object java.lang.invoke.DirectMethodHandle$Holder.newInvokeSpecial(java.lang.Object, java.lang.Object, java.lang.Object, int, int, int, int, int)'> (0x00000000c4ea3170) 
thrown [e:\jenkins\tmp\workspace\build\src\src\hotspot\share\interpreter\linkResolver.cpp, line 766]
Event: 0.856 Thread 0x000001e07765cc70 Exception <a 'sun/awt/image/ImageFormatException'{0x00000000c4eaf540}: Insufficient memory (case 4)> (0x00000000c4eaf540) 
thrown [e:\jenkins\tmp\workspace\build\src\src\hotspot\share\prims\jni.cpp, line 535]
Event: 0.887 Thread 0x000001e07765d610 Exception <a 'java/lang/NoSuchMethodError'{0x00000000c5153218}: 'void java.lang.invoke.DirectMethodHandle$Holder.invokeVirtual(java.lang.Object, java.lang.Object)'> (0x00000000c5153218) 
thrown [e:\jenkins\tmp\workspace\build\src\src\hotspot\share\interpreter\linkResolver.cpp, line 766]
Event: 0.926 Thread 0x000001e06e6de520 Exception <a 'java/lang/NoSuchMethodError'{0x00000000c50ef730}: 'void java.lang.invoke.DirectMethodHandle$Holder.invokeStaticInit(java.lang.Object)'> (0x00000000c50ef730) 
thrown [e:\jenkins\tmp\workspace\build\src\src\hotspot\share\interpreter\linkResolver.cpp, line 766]

VM Operations (12 events):
Event: 0.701 Executing VM operation: HandshakeAllThreads
Event: 0.701 Executing VM operation: HandshakeAllThreads done
Event: 0.902 Executing VM operation: HandshakeAllThreads
Event: 0.902 Executing VM operation: HandshakeAllThreads done
Event: 1.030 Executing VM operation: HandshakeAllThreads
Event: 1.030 Executing VM operation: HandshakeAllThreads done
Event: 1.156 Executing VM operation: HandshakeAllThreads
Event: 1.156 Executing VM operation: HandshakeAllThreads done
Event: 1.156 Executing VM operation: Cleanup
Event: 1.157 Executing VM operation: Cleanup done
Event: 1.240 Executing VM operation: HandshakeAllThreads
Event: 1.240 Executing VM operation: HandshakeAllThreads done

Events (20 events):
Event: 1.260 loading class javax/swing/text/JTextComponent
Event: 1.261 loading class javax/swing/Scrollable
Event: 1.262 loading class javax/swing/Scrollable done
Event: 1.262 loading class javax/swing/text/JTextComponent done
Event: 1.262 loading class java/util/concurrent/locks/AbstractQueuedSynchronizer$ConditionNode
Event: 1.262 loading class java/util/concurrent/ForkJoinPool$ManagedBlocker
Event: 1.262 loading class java/util/concurrent/ForkJoinPool$ManagedBlocker done
Event: 1.262 loading class java/util/concurrent/locks/AbstractQueuedSynchronizer$ConditionNode done
Event: 1.263 loading class java/util/concurrent/ForkJoinPool
Event: 1.264 loading class java/util/concurrent/AbstractExecutorService
Event: 1.264 loading class java/util/concurrent/ExecutorService
Event: 1.264 loading class java/util/concurrent/Executor
Event: 1.264 loading class java/util/concurrent/Executor done
Event: 1.264 loading class java/util/concurrent/ExecutorService done
Event: 1.265 loading class java/util/concurrent/AbstractExecutorService done
Event: 1.265 loading class java/util/concurrent/ForkJoinPool done
Event: 1.265 loading class java/lang/invoke/VarHandleLongs$FieldInstanceReadWrite
Event: 1.266 loading class java/lang/invoke/VarHandleLongs$FieldInstanceReadOnly
Event: 1.266 loading class java/lang/invoke/VarHandleLongs$FieldInstanceReadOnly done
Event: 1.266 loading class java/lang/invoke/VarHandleLongs$FieldInstanceReadWrite done


Dynamic libraries:
0x00007ff78cd80000 - 0x00007ff78cd8e000 	C:\Users\HP\Downloads\eclipse-jee-2022-06-R-win32-x86_64\eclipse\plugins\org.eclipse.justj.openjdk.hotspot.jre.full.win32.x86_64_17.0.3.v20220515-1416\jre\bin\javaw.exe
0x00007ff883370000 - 0x00007ff883568000 	C:\Windows\SYSTEM32\ntdll.dll
0x00007ff882620000 - 0x00007ff8826df000 	C:\Windows\System32\KERNEL32.DLL
0x00007ff880b00000 - 0x00007ff880dd2000 	C:\Windows\System32\KERNELBASE.dll
0x00007ff881240000 - 0x00007ff881340000 	C:\Windows\System32\ucrtbase.dll
0x00007ff87bcd0000 - 0x00007ff87bce8000 	C:\Users\HP\Downloads\eclipse-jee-2022-06-R-win32-x86_64\eclipse\plugins\org.eclipse.justj.openjdk.hotspot.jre.full.win32.x86_64_17.0.3.v20220515-1416\jre\bin\jli.dll
0x00007ff882470000 - 0x00007ff882611000 	C:\Windows\System32\USER32.dll
0x00007ff880e10000 - 0x00007ff880e32000 	C:\Windows\System32\win32u.dll
0x00007ff8817e0000 - 0x00007ff88180b000 	C:\Windows\System32\GDI32.dll
0x00007ff880e40000 - 0x00007ff880f4f000 	C:\Windows\System32\gdi32full.dll
0x00007ff880a60000 - 0x00007ff880afd000 	C:\Windows\System32\msvcp_win.dll
0x00007ff87bcf0000 - 0x00007ff87bd09000 	C:\Users\HP\Downloads\eclipse-jee-2022-06-R-win32-x86_64\eclipse\plugins\org.eclipse.justj.openjdk.hotspot.jre.full.win32.x86_64_17.0.3.v20220515-1416\jre\bin\VCRUNTIME140.dll
0x00007ff86c2b0000 - 0x00007ff86c54a000 	C:\Windows\WinSxS\amd64_microsoft.windows.common-controls_6595b64144ccf1df_6.0.19041.1110_none_60b5254171f9507e\COMCTL32.dll
0x00007ff8813b0000 - 0x00007ff88144e000 	C:\Windows\System32\msvcrt.dll
0x00007ff883190000 - 0x00007ff8831c2000 	C:\Windows\System32\IMM32.DLL
0x00007ff87bcc0000 - 0x00007ff87bccc000 	C:\Users\HP\Downloads\eclipse-jee-2022-06-R-win32-x86_64\eclipse\plugins\org.eclipse.justj.openjdk.hotspot.jre.full.win32.x86_64_17.0.3.v20220515-1416\jre\bin\vcruntime140_1.dll
0x00007ff87bc20000 - 0x00007ff87bcb1000 	C:\Users\HP\Downloads\eclipse-jee-2022-06-R-win32-x86_64\eclipse\plugins\org.eclipse.justj.openjdk.hotspot.jre.full.win32.x86_64_17.0.3.v20220515-1416\jre\bin\msvcp140.dll
0x00007ff81e6c0000 - 0x00007ff81f308000 	C:\Users\HP\Downloads\eclipse-jee-2022-06-R-win32-x86_64\eclipse\plugins\org.eclipse.justj.openjdk.hotspot.jre.full.win32.x86_64_17.0.3.v20220515-1416\jre\bin\server\jvm.dll
0x00007ff882140000 - 0x00007ff8821ee000 	C:\Windows\System32\ADVAPI32.dll
0x00007ff881740000 - 0x00007ff8817dc000 	C:\Windows\System32\sechost.dll
0x00007ff883060000 - 0x00007ff883185000 	C:\Windows\System32\RPCRT4.dll
0x00007ff8816d0000 - 0x00007ff8816d8000 	C:\Windows\System32\PSAPI.DLL
0x00007ff87e190000 - 0x00007ff87e199000 	C:\Windows\SYSTEM32\WSOCK32.dll
0x00007ff882380000 - 0x00007ff8823eb000 	C:\Windows\System32\WS2_32.dll
0x00007ff862ff0000 - 0x00007ff863017000 	C:\Windows\SYSTEM32\WINMM.dll
0x00007ff87afa0000 - 0x00007ff87afaa000 	C:\Windows\SYSTEM32\VERSION.dll
0x00007ff87e920000 - 0x00007ff87e932000 	C:\Windows\SYSTEM32\kernel.appcore.dll
0x00007ff87bb90000 - 0x00007ff87bb9a000 	C:\Users\HP\Downloads\eclipse-jee-2022-06-R-win32-x86_64\eclipse\plugins\org.eclipse.justj.openjdk.hotspot.jre.full.win32.x86_64_17.0.3.v20220515-1416\jre\bin\jimage.dll
0x00007ff86c620000 - 0x00007ff86c804000 	C:\Windows\SYSTEM32\DBGHELP.DLL
0x00007ff86c5b0000 - 0x00007ff86c5e5000 	C:\Windows\SYSTEM32\dbgcore.DLL
0x00007ff880f50000 - 0x00007ff880fd2000 	C:\Windows\System32\bcryptPrimitives.dll
0x00007ff8575b0000 - 0x00007ff8575d5000 	C:\Users\HP\Downloads\eclipse-jee-2022-06-R-win32-x86_64\eclipse\plugins\org.eclipse.justj.openjdk.hotspot.jre.full.win32.x86_64_17.0.3.v20220515-1416\jre\bin\java.dll
0x00007ff86fe60000 - 0x00007ff86fe78000 	C:\Users\HP\Downloads\eclipse-jee-2022-06-R-win32-x86_64\eclipse\plugins\org.eclipse.justj.openjdk.hotspot.jre.full.win32.x86_64_17.0.3.v20220515-1416\jre\bin\zip.dll
0x00007ff8826e0000 - 0x00007ff882e24000 	C:\Windows\System32\SHELL32.dll
0x00007ff87eb20000 - 0x00007ff87f2b2000 	C:\Windows\SYSTEM32\windows.storage.dll
0x00007ff881d30000 - 0x00007ff882085000 	C:\Windows\System32\combase.dll
0x00007ff8803e0000 - 0x00007ff880410000 	C:\Windows\SYSTEM32\Wldp.dll
0x00007ff881c80000 - 0x00007ff881d2d000 	C:\Windows\System32\SHCORE.dll
0x00007ff8816e0000 - 0x00007ff881735000 	C:\Windows\System32\shlwapi.dll
0x00007ff8809a0000 - 0x00007ff8809bf000 	C:\Windows\SYSTEM32\profapi.dll
0x00007ff87ba00000 - 0x00007ff87bb8e000 	C:\Users\HP\Downloads\eclipse-jee-2022-06-R-win32-x86_64\eclipse\plugins\org.eclipse.justj.openjdk.hotspot.jre.full.win32.x86_64_17.0.3.v20220515-1416\jre\bin\awt.dll
0x00007ff881600000 - 0x00007ff8816cd000 	C:\Windows\System32\OLEAUT32.dll
0x00007ff87e2a0000 - 0x00007ff87e331000 	C:\Windows\SYSTEM32\apphelp.dll
0x00007ff87e630000 - 0x00007ff87e65f000 	C:\Windows\system32\DWMAPI.DLL
0x00007ff87e450000 - 0x00007ff87e4ee000 	C:\Windows\system32\uxtheme.dll
0x00007ff860ad0000 - 0x00007ff860bf5000 	C:\Windows\system32\opengl32.dll
0x00007ff860aa0000 - 0x00007ff860acc000 	C:\Windows\SYSTEM32\GLU32.dll
0x00007ff882eb0000 - 0x00007ff882fc5000 	C:\Windows\System32\MSCTF.dll
0x00007ff882250000 - 0x00007ff88237a000 	C:\Windows\System32\ole32.dll
0x00007ff878bf0000 - 0x00007ff878c1d000 	C:\Users\HP\Downloads\eclipse-jee-2022-06-R-win32-x86_64\eclipse\plugins\org.eclipse.justj.openjdk.hotspot.jre.full.win32.x86_64_17.0.3.v20220515-1416\jre\bin\javajpeg.dll
0x00007ff87b6b0000 - 0x00007ff87b739000 	C:\Users\HP\Downloads\eclipse-jee-2022-06-R-win32-x86_64\eclipse\plugins\org.eclipse.justj.openjdk.hotspot.jre.full.win32.x86_64_17.0.3.v20220515-1416\jre\bin\freetype.dll
0x00007ff87aed0000 - 0x00007ff87af78000 	C:\Users\HP\Downloads\eclipse-jee-2022-06-R-win32-x86_64\eclipse\plugins\org.eclipse.justj.openjdk.hotspot.jre.full.win32.x86_64_17.0.3.v20220515-1416\jre\bin\fontmanager.dll
0x00007ff878490000 - 0x00007ff878589000 	C:\Windows\SYSTEM32\textinputframework.dll
0x00007ff87dd00000 - 0x00007ff87e05e000 	C:\Windows\System32\CoreUIComponents.dll
0x00007ff87e060000 - 0x00007ff87e152000 	C:\Windows\System32\CoreMessaging.dll
0x00007ff87fba0000 - 0x00007ff87fbd3000 	C:\Windows\SYSTEM32\ntmarta.dll
0x00007ff87daa0000 - 0x00007ff87dbf4000 	C:\Windows\SYSTEM32\wintypes.dll
0x00007ff8684a0000 - 0x00007ff8684b9000 	C:\Users\HP\Downloads\eclipse-jee-2022-06-R-win32-x86_64\eclipse\plugins\org.eclipse.justj.openjdk.hotspot.jre.full.win32.x86_64_17.0.3.v20220515-1416\jre\bin\net.dll
0x00007ff879010000 - 0x00007ff87911c000 	C:\Windows\SYSTEM32\WINHTTP.dll
0x00007ff880140000 - 0x00007ff8801aa000 	C:\Windows\system32\mswsock.dll
0x00007ff859650000 - 0x00007ff859665000 	C:\Users\HP\Downloads\eclipse-jee-2022-06-R-win32-x86_64\eclipse\plugins\org.eclipse.justj.openjdk.hotspot.jre.full.win32.x86_64_17.0.3.v20220515-1416\jre\bin\nio.dll

dbghelp: loaded successfully - version: 4.0.5 - missing functions: none
symbol engine: initialized successfully - sym options: 0x614 - pdb path: .;C:\Users\HP\Downloads\eclipse-jee-2022-06-R-win32-x86_64\eclipse\plugins\org.eclipse.justj.openjdk.hotspot.jre.full.win32.x86_64_17.0.3.v20220515-1416\jre\bin;C:\Windows\SYSTEM32;C:\Windows\WinSxS\amd64_microsoft.windows.common-controls_6595b64144ccf1df_6.0.19041.1110_none_60b5254171f9507e;C:\Users\HP\Downloads\eclipse-jee-2022-06-R-win32-x86_64\eclipse\plugins\org.eclipse.justj.openjdk.hotspot.jre.full.win32.x86_64_17.0.3.v20220515-1416\jre\bin\server

VM Arguments:
jvm_args: -Dfile.encoding=UTF-8 -XX:+ShowCodeDetailsInExceptionMessages 
java_command: com.quizapplication.Quiz1
java_class_path (initial): C:\Users\HP\Desktop\JavaProjectsEclipse\JDBCProject\Quiz Application\bin
Launcher Type: SUN_STANDARD

[Global flags]
     intx CICompilerCount                          = 3                                         {product} {ergonomic}
     uint ConcGCThreads                            = 1                                         {product} {ergonomic}
     uint G1ConcRefinementThreads                  = 4                                         {product} {ergonomic}
   size_t G1HeapRegionSize                         = 1048576                                   {product} {ergonomic}
    uintx GCDrainStackTargetSize                   = 64                                        {product} {ergonomic}
   size_t InitialHeapSize                          = 67108864                                  {product} {ergonomic}
   size_t MarkStackSize                            = 4194304                                   {product} {ergonomic}
   size_t MaxHeapSize                              = 1052770304                                {product} {ergonomic}
   size_t MaxNewSize                               = 631242752                                 {product} {ergonomic}
   size_t MinHeapDeltaBytes                        = 1048576                                   {product} {ergonomic}
   size_t MinHeapSize                              = 8388608                                   {product} {ergonomic}
    uintx NonNMethodCodeHeapSize                   = 5832780                                {pd product} {ergonomic}
    uintx NonProfiledCodeHeapSize                  = 122912730                              {pd product} {ergonomic}
    uintx ProfiledCodeHeapSize                     = 122912730                              {pd product} {ergonomic}
    uintx ReservedCodeCacheSize                    = 251658240                              {pd product} {ergonomic}
     bool SegmentedCodeCache                       = true                                      {product} {ergonomic}
     bool ShowCodeDetailsInExceptionMessages       = true                                   {manageable} {command line}
   size_t SoftMaxHeapSize                          = 1052770304                             {manageable} {ergonomic}
     bool UseCompressedClassPointers               = true                           {product lp64_product} {ergonomic}
     bool UseCompressedOops                        = true                           {product lp64_product} {ergonomic}
     bool UseG1GC                                  = true                                      {product} {ergonomic}
     bool UseLargePagesIndividualAllocation        = false                                  {pd product} {ergonomic}

Logging:
Log output configuration:
 #0: stdout all=warning uptime,level,tags
 #1: stderr all=off uptime,level,tags

Environment Variables:
PATH=C:/Users/HP/Downloads/eclipse-jee-2022-06-R-win32-x86_64/eclipse//plugins/org.eclipse.justj.openjdk.hotspot.jre.full.win32.x86_64_17.0.3.v20220515-1416/jre/bin/server;C:/Users/HP/Downloads/eclipse-jee-2022-06-R-win32-x86_64/eclipse//plugins/org.eclipse.justj.openjdk.hotspot.jre.full.win32.x86_64_17.0.3.v20220515-1416/jre/bin;C:\Python310\Scripts\;C:\Python310\;D:\oracle\product\10.2.0\db_4\bin;C:\Program Files\Common Files\Oracle\Java\javapath;D:\oracle\product\10.2.0\db_2\bin;D:\oracle\product\10.2.0\db_1\bin;C:\Windows\system32;C:\Windows;C:\Windows\System32\Wbem;C:\Windows\System32\WindowsPowerShell\v1.0\;C:\Windows\System32\OpenSSH\;C:\Program Files\nodejs\;C:\ProgramData\chocolatey\bin;C:\Program Files\MySQL\MySQL Server 8.0\bin;C:\Program Files\MySQL\MySQL Shell 8.0\bin\;C:\Users\HP\AppData\Local\Microsoft\WindowsApps;C:\Users\HP\AppData\Local\Programs\Microsoft VS Code\bin;C:\Program Files\JetBrains\IntelliJ IDEA Community Edition 2022.2.1\bin;;C:\Users\HP\AppData\Roaming\npm;C:\MinGW\bin;;C:\Users\HP\Downloads\eclipse-jee-2022-06-R-win32-x86_64\eclipse;
USERNAME=HP
OS=Windows_NT
PROCESSOR_IDENTIFIER=Intel64 Family 6 Model 78 Stepping 3, GenuineIntel



---------------  S Y S T E M  ---------------

OS:
 Windows 10 , 64 bit Build 19041 (10.0.19041.2364)
OS uptime: 0 days 2:17 hours

CPU: total 4 (initial active 4) (2 cores per cpu, 2 threads per core) family 6 model 78 stepping 3 microcode 0xcc, cx8, cmov, fxsr, ht, mmx, 3dnowpref, sse, sse2, sse3, ssse3, sse4.1, sse4.2, popcnt, lzcnt, tsc, tscinvbit, avx, avx2, aes, erms, clmul, bmi1, bmi2, adx, fma, vzeroupper, clflush, clflushopt

Memory: 4k page, system-wide physical 4012M (335M free)
TotalPageFile size 16300M (AvailPageFile size 0M)
current process WorkingSet (physical memory assigned to process): 65M, peak: 65M
current process commit charge ("private bytes"): 141M, peak: 148M

vm_info: OpenJDK 64-Bit Server VM (17.0.3+7) for windows-amd64 JRE (17.0.3+7), built on Apr 19 2022 16:55:35 by "" with MS VC++ 16.7 (VS2019)

END.
