#
# There is insufficient memory for the Java Runtime Environment to continue.
# Native memory allocation (malloc) failed to allocate 115648 bytes for Chunk::new
# Possible reasons:
#   The system is out of physical RAM or swap space
#   The process is running with CompressedOops enabled, and the Java Heap may be blocking the growth of the native heap
# Possible solutions:
#   Reduce memory load on the system
#   Increase physical memory or swap space
#   Check if swap backing store is full
#   Decrease Java heap size (-Xmx/-Xms)
#   Decrease number of Java threads
#   Decrease Java thread stack sizes (-Xss)
#   Set larger code cache with -XX:ReservedCodeCacheSize=
#   JVM is running with Unscaled Compressed Oops mode in which the Java heap is
#     placed in the first 4GB address space. The Java Heap base address is the
#     maximum limit for the native heap growth. Please use -XX:HeapBaseMinAddress
#     to set the Java Heap base and to place the Java Heap above 4GB virtual address.
# This output file may be truncated or incomplete.
#
#  Out of Memory Error (arena.cpp:189), pid=4168, tid=16288
#
# JRE version: OpenJDK Runtime Environment Temurin-17.0.3+7 (17.0.3+7) (build 17.0.3+7)
# Java VM: OpenJDK 64-Bit Server VM Temurin-17.0.3+7 (17.0.3+7, mixed mode, tiered, compressed oops, compressed class ptrs, g1 gc, windows-amd64)
# No core dump will be written. Minidumps are not enabled by default on client versions of Windows
#

---------------  S U M M A R Y ------------

Command Line: -Dfile.encoding=UTF-8 -XX:+ShowCodeDetailsInExceptionMessages com.quizapplication.Quiz1

Host: Intel(R) Core(TM) i3-6006U CPU @ 2.00GHz, 4 cores, 3G,  Windows 10 , 64 bit Build 19041 (10.0.19041.2364)
Time: Sat Feb 11 23:44:11 2023 India Standard Time elapsed time: 0.960875 seconds (0d 0h 0m 0s)

---------------  T H R E A D  ---------------

Current thread (0x00000273636a0b20):  JavaThread "C2 CompilerThread0" daemon [_thread_in_native, id=16288, stack(0x0000007411400000,0x0000007411500000)]


Current CompileTask:
C2:    961  562       4       java.lang.StringLatin1::replace (198 bytes)

Stack: [0x0000007411400000,0x0000007411500000]
Native frames: (J=compiled Java code, j=interpreted, Vv=VM code, C=native code)
V  [jvm.dll+0x675efa]
V  [jvm.dll+0x830a24]
V  [jvm.dll+0x8321ce]
V  [jvm.dll+0x832833]
V  [jvm.dll+0x2454b5]
V  [jvm.dll+0xabd7b]
V  [jvm.dll+0xac30c]
V  [jvm.dll+0x363627]
V  [jvm.dll+0x32dca1]
V  [jvm.dll+0x32d14a]
V  [jvm.dll+0x218361]
V  [jvm.dll+0x217781]
V  [jvm.dll+0x1a3ccd]
V  [jvm.dll+0x227178]
V  [jvm.dll+0x2252bc]
V  [jvm.dll+0x7e673b]
V  [jvm.dll+0x7e0cfa]
V  [jvm.dll+0x674d85]
C  [ucrtbase.dll+0x21bb2]
C  [KERNEL32.DLL+0x17614]
C  [ntdll.dll+0x526a1]


---------------  P R O C E S S  ---------------

Threads class SMR info:
_java_thread_list=0x0000027364574400, length=16, elements={
0x000002734c5a07d0, 0x000002736363a760, 0x000002736363d820, 0x00000273636450b0,
0x00000273636858c0, 0x0000027363686270, 0x00000273636873c0, 0x00000273636a0b20,
0x00000273636a2360, 0x00000273636c4bb0, 0x0000027364134d20, 0x0000027364150010,
0x00000273643d5cb0, 0x00000273643ecae0, 0x00000273643f6140, 0x00000273645a4660
}

Java Threads: ( => current thread )
  0x000002734c5a07d0 JavaThread "main" [_thread_blocked, id=1200, stack(0x0000007410700000,0x0000007410800000)]
  0x000002736363a760 JavaThread "Reference Handler" daemon [_thread_blocked, id=16500, stack(0x0000007410e00000,0x0000007410f00000)]
  0x000002736363d820 JavaThread "Finalizer" daemon [_thread_blocked, id=13736, stack(0x0000007410f00000,0x0000007411000000)]
  0x00000273636450b0 JavaThread "Signal Dispatcher" daemon [_thread_blocked, id=16552, stack(0x0000007411000000,0x0000007411100000)]
  0x00000273636858c0 JavaThread "Attach Listener" daemon [_thread_blocked, id=16480, stack(0x0000007411100000,0x0000007411200000)]
  0x0000027363686270 JavaThread "Service Thread" daemon [_thread_blocked, id=16396, stack(0x0000007411200000,0x0000007411300000)]
  0x00000273636873c0 JavaThread "Monitor Deflation Thread" daemon [_thread_blocked, id=12988, stack(0x0000007411300000,0x0000007411400000)]
=>0x00000273636a0b20 JavaThread "C2 CompilerThread0" daemon [_thread_in_native, id=16288, stack(0x0000007411400000,0x0000007411500000)]
  0x00000273636a2360 JavaThread "C1 CompilerThread0" daemon [_thread_blocked, id=6212, stack(0x0000007411500000,0x0000007411600000)]
  0x00000273636c4bb0 JavaThread "Sweeper thread" daemon [_thread_blocked, id=10164, stack(0x0000007411600000,0x0000007411700000)]
  0x0000027364134d20 JavaThread "Notification Thread" daemon [_thread_blocked, id=16276, stack(0x0000007411700000,0x0000007411800000)]
  0x0000027364150010 JavaThread "Common-Cleaner" daemon [_thread_blocked, id=17364, stack(0x0000007411900000,0x0000007411a00000)]
  0x00000273643d5cb0 JavaThread "Java2D Disposer" daemon [_thread_blocked, id=7644, stack(0x0000007411a00000,0x0000007411b00000)]
  0x00000273643ecae0 JavaThread "AWT-Shutdown" [_thread_blocked, id=11804, stack(0x0000007411b00000,0x0000007411c00000)]
  0x00000273643f6140 JavaThread "AWT-Windows" daemon [_thread_in_native, id=16108, stack(0x0000007411c00000,0x0000007411d00000)]
  0x00000273645a4660 JavaThread "Image Fetcher 0" daemon [_thread_in_vm, id=16608, stack(0x0000007411d00000,0x0000007411e00000)]

Other Threads:
  0x0000027363657590 VMThread "VM Thread" [stack: 0x0000007410d00000,0x0000007410e00000] [id=7600]
  0x000002736413e220 WatcherThread [stack: 0x0000007411800000,0x0000007411900000] [id=12532]
  0x000002734c5dd790 GCTaskThread "GC Thread#0" [stack: 0x0000007410800000,0x0000007410900000] [id=7220]
  0x000002734c5e6a90 ConcurrentGCThread "G1 Main Marker" [stack: 0x0000007410900000,0x0000007410a00000] [id=15764]
  0x000002734c5e8af0 ConcurrentGCThread "G1 Conc#0" [stack: 0x0000007410a00000,0x0000007410b00000] [id=3336]
  0x000002734c636400 ConcurrentGCThread "G1 Refine#0" [stack: 0x0000007410b00000,0x0000007410c00000] [id=16592]
  0x000002734c636cc0 ConcurrentGCThread "G1 Service" [stack: 0x0000007410c00000,0x0000007410d00000] [id=17004]

Threads with active compile tasks:
C2 CompilerThread0     1020  562       4       java.lang.StringLatin1::replace (198 bytes)

VM state: not at safepoint (normal execution)

VM Mutex/Monitor currently owned by a thread:  ([mutex/lock_event])
[0x000002734c59a620] Metaspace_lock - owner thread: 0x00000273645a4660

Heap address: 0x00000000c1400000, size: 1004 MB, Compressed Oops mode: 32-bit

CDS archive(s) not mapped
Compressed class space mapped at: 0x0000000100000000-0x0000000140000000, reserved size: 1073741824
Narrow klass base: 0x0000000000000000, Narrow klass shift: 3, Narrow klass range: 0x140000000

GC Precious Log:
 CPUs: 4 total, 4 available
 Memory: 4012M
 Large Page Support: Disabled
 NUMA Support: Disabled
 Compressed Oops: Enabled (32-bit)
 Heap Region Size: 1M
 Heap Min Capacity: 8M
 Heap Initial Capacity: 64M
 Heap Max Capacity: 1004M
 Pre-touch: Disabled
 Parallel Workers: 4
 Concurrent Workers: 1
 Concurrent Refinement Workers: 4
 Periodic GC: Disabled

Heap:
 garbage-first heap   total 65536K, used 5120K [0x00000000c1400000, 0x0000000100000000)
  region size 1024K, 6 young (6144K), 0 survivors (0K)
 Metaspace       used 11010K, committed 11136K, reserved 1064960K
  class space    used 1039K, committed 1088K, reserved 1048576K

Heap Regions: E=young(eden), S=young(survivor), O=old, HS=humongous(starts), HC=humongous(continues), CS=collection set, F=free, OA=open archive, CA=closed archive, TAMS=top-at-mark-start (previous, next)
|   0|0x00000000c1400000, 0x00000000c1400000, 0x00000000c1500000|  0%| F|  |TAMS 0x00000000c1400000, 0x00000000c1400000| Untracked 
|   1|0x00000000c1500000, 0x00000000c1500000, 0x00000000c1600000|  0%| F|  |TAMS 0x00000000c1500000, 0x00000000c1500000| Untracked 
|   2|0x00000000c1600000, 0x00000000c1600000, 0x00000000c1700000|  0%| F|  |TAMS 0x00000000c1600000, 0x00000000c1600000| Untracked 
|   3|0x00000000c1700000, 0x00000000c1700000, 0x00000000c1800000|  0%| F|  |TAMS 0x00000000c1700000, 0x00000000c1700000| Untracked 
|   4|0x00000000c1800000, 0x00000000c1800000, 0x00000000c1900000|  0%| F|  |TAMS 0x00000000c1800000, 0x00000000c1800000| Untracked 
|   5|0x00000000c1900000, 0x00000000c1900000, 0x00000000c1a00000|  0%| F|  |TAMS 0x00000000c1900000, 0x00000000c1900000| Untracked 
|   6|0x00000000c1a00000, 0x00000000c1a00000, 0x00000000c1b00000|  0%| F|  |TAMS 0x00000000c1a00000, 0x00000000c1a00000| Untracked 
|   7|0x00000000c1b00000, 0x00000000c1b00000, 0x00000000c1c00000|  0%| F|  |TAMS 0x00000000c1b00000, 0x00000000c1b00000| Untracked 
|   8|0x00000000c1c00000, 0x00000000c1c00000, 0x00000000c1d00000|  0%| F|  |TAMS 0x00000000c1c00000, 0x00000000c1c00000| Untracked 
|   9|0x00000000c1d00000, 0x00000000c1d00000, 0x00000000c1e00000|  0%| F|  |TAMS 0x00000000c1d00000, 0x00000000c1d00000| Untracked 
|  10|0x00000000c1e00000, 0x00000000c1e00000, 0x00000000c1f00000|  0%| F|  |TAMS 0x00000000c1e00000, 0x00000000c1e00000| Untracked 
|  11|0x00000000c1f00000, 0x00000000c1f00000, 0x00000000c2000000|  0%| F|  |TAMS 0x00000000c1f00000, 0x00000000c1f00000| Untracked 
|  12|0x00000000c2000000, 0x00000000c2000000, 0x00000000c2100000|  0%| F|  |TAMS 0x00000000c2000000, 0x00000000c2000000| Untracked 
|  13|0x00000000c2100000, 0x00000000c2100000, 0x00000000c2200000|  0%| F|  |TAMS 0x00000000c2100000, 0x00000000c2100000| Untracked 
|  14|0x00000000c2200000, 0x00000000c2200000, 0x00000000c2300000|  0%| F|  |TAMS 0x00000000c2200000, 0x00000000c2200000| Untracked 
|  15|0x00000000c2300000, 0x00000000c2300000, 0x00000000c2400000|  0%| F|  |TAMS 0x00000000c2300000, 0x00000000c2300000| Untracked 
|  16|0x00000000c2400000, 0x00000000c2400000, 0x00000000c2500000|  0%| F|  |TAMS 0x00000000c2400000, 0x00000000c2400000| Untracked 
|  17|0x00000000c2500000, 0x00000000c2500000, 0x00000000c2600000|  0%| F|  |TAMS 0x00000000c2500000, 0x00000000c2500000| Untracked 
|  18|0x00000000c2600000, 0x00000000c2600000, 0x00000000c2700000|  0%| F|  |TAMS 0x00000000c2600000, 0x00000000c2600000| Untracked 
|  19|0x00000000c2700000, 0x00000000c2700000, 0x00000000c2800000|  0%| F|  |TAMS 0x00000000c2700000, 0x00000000c2700000| Untracked 
|  20|0x00000000c2800000, 0x00000000c2800000, 0x00000000c2900000|  0%| F|  |TAMS 0x00000000c2800000, 0x00000000c2800000| Untracked 
|  21|0x00000000c2900000, 0x00000000c2900000, 0x00000000c2a00000|  0%| F|  |TAMS 0x00000000c2900000, 0x00000000c2900000| Untracked 
|  22|0x00000000c2a00000, 0x00000000c2a00000, 0x00000000c2b00000|  0%| F|  |TAMS 0x00000000c2a00000, 0x00000000c2a00000| Untracked 
|  23|0x00000000c2b00000, 0x00000000c2b00000, 0x00000000c2c00000|  0%| F|  |TAMS 0x00000000c2b00000, 0x00000000c2b00000| Untracked 
|  24|0x00000000c2c00000, 0x00000000c2c00000, 0x00000000c2d00000|  0%| F|  |TAMS 0x00000000c2c00000, 0x00000000c2c00000| Untracked 
|  25|0x00000000c2d00000, 0x00000000c2d00000, 0x00000000c2e00000|  0%| F|  |TAMS 0x00000000c2d00000, 0x00000000c2d00000| Untracked 
|  26|0x00000000c2e00000, 0x00000000c2e00000, 0x00000000c2f00000|  0%| F|  |TAMS 0x00000000c2e00000, 0x00000000c2e00000| Untracked 
|  27|0x00000000c2f00000, 0x00000000c2f00000, 0x00000000c3000000|  0%| F|  |TAMS 0x00000000c2f00000, 0x00000000c2f00000| Untracked 
|  28|0x00000000c3000000, 0x00000000c3000000, 0x00000000c3100000|  0%| F|  |TAMS 0x00000000c3000000, 0x00000000c3000000| Untracked 
|  29|0x00000000c3100000, 0x00000000c3100000, 0x00000000c3200000|  0%| F|  |TAMS 0x00000000c3100000, 0x00000000c3100000| Untracked 
|  30|0x00000000c3200000, 0x00000000c3200000, 0x00000000c3300000|  0%| F|  |TAMS 0x00000000c3200000, 0x00000000c3200000| Untracked 
|  31|0x00000000c3300000, 0x00000000c3300000, 0x00000000c3400000|  0%| F|  |TAMS 0x00000000c3300000, 0x00000000c3300000| Untracked 
|  32|0x00000000c3400000, 0x00000000c3400000, 0x00000000c3500000|  0%| F|  |TAMS 0x00000000c3400000, 0x00000000c3400000| Untracked 
|  33|0x00000000c3500000, 0x00000000c3500000, 0x00000000c3600000|  0%| F|  |TAMS 0x00000000c3500000, 0x00000000c3500000| Untracked 
|  34|0x00000000c3600000, 0x00000000c3600000, 0x00000000c3700000|  0%| F|  |TAMS 0x00000000c3600000, 0x00000000c3600000| Untracked 
|  35|0x00000000c3700000, 0x00000000c3700000, 0x00000000c3800000|  0%| F|  |TAMS 0x00000000c3700000, 0x00000000c3700000| Untracked 
|  36|0x00000000c3800000, 0x00000000c3800000, 0x00000000c3900000|  0%| F|  |TAMS 0x00000000c3800000, 0x00000000c3800000| Untracked 
|  37|0x00000000c3900000, 0x00000000c3900000, 0x00000000c3a00000|  0%| F|  |TAMS 0x00000000c3900000, 0x00000000c3900000| Untracked 
|  38|0x00000000c3a00000, 0x00000000c3a00000, 0x00000000c3b00000|  0%| F|  |TAMS 0x00000000c3a00000, 0x00000000c3a00000| Untracked 
|  39|0x00000000c3b00000, 0x00000000c3b00000, 0x00000000c3c00000|  0%| F|  |TAMS 0x00000000c3b00000, 0x00000000c3b00000| Untracked 
|  40|0x00000000c3c00000, 0x00000000c3c00000, 0x00000000c3d00000|  0%| F|  |TAMS 0x00000000c3c00000, 0x00000000c3c00000| Untracked 
|  41|0x00000000c3d00000, 0x00000000c3d00000, 0x00000000c3e00000|  0%| F|  |TAMS 0x00000000c3d00000, 0x00000000c3d00000| Untracked 
|  42|0x00000000c3e00000, 0x00000000c3e00000, 0x00000000c3f00000|  0%| F|  |TAMS 0x00000000c3e00000, 0x00000000c3e00000| Untracked 
|  43|0x00000000c3f00000, 0x00000000c3f00000, 0x00000000c4000000|  0%| F|  |TAMS 0x00000000c3f00000, 0x00000000c3f00000| Untracked 
|  44|0x00000000c4000000, 0x00000000c4000000, 0x00000000c4100000|  0%| F|  |TAMS 0x00000000c4000000, 0x00000000c4000000| Untracked 
|  45|0x00000000c4100000, 0x00000000c4100000, 0x00000000c4200000|  0%| F|  |TAMS 0x00000000c4100000, 0x00000000c4100000| Untracked 
|  46|0x00000000c4200000, 0x00000000c4200000, 0x00000000c4300000|  0%| F|  |TAMS 0x00000000c4200000, 0x00000000c4200000| Untracked 
|  47|0x00000000c4300000, 0x00000000c4300000, 0x00000000c4400000|  0%| F|  |TAMS 0x00000000c4300000, 0x00000000c4300000| Untracked 
|  48|0x00000000c4400000, 0x00000000c4400000, 0x00000000c4500000|  0%| F|  |TAMS 0x00000000c4400000, 0x00000000c4400000| Untracked 
|  49|0x00000000c4500000, 0x00000000c4500000, 0x00000000c4600000|  0%| F|  |TAMS 0x00000000c4500000, 0x00000000c4500000| Untracked 
|  50|0x00000000c4600000, 0x00000000c4600000, 0x00000000c4700000|  0%| F|  |TAMS 0x00000000c4600000, 0x00000000c4600000| Untracked 
|  51|0x00000000c4700000, 0x00000000c4700000, 0x00000000c4800000|  0%| F|  |TAMS 0x00000000c4700000, 0x00000000c4700000| Untracked 
|  52|0x00000000c4800000, 0x00000000c4800000, 0x00000000c4900000|  0%| F|  |TAMS 0x00000000c4800000, 0x00000000c4800000| Untracked 
|  53|0x00000000c4900000, 0x00000000c4900000, 0x00000000c4a00000|  0%| F|  |TAMS 0x00000000c4900000, 0x00000000c4900000| Untracked 
|  54|0x00000000c4a00000, 0x00000000c4a00000, 0x00000000c4b00000|  0%| F|  |TAMS 0x00000000c4a00000, 0x00000000c4a00000| Untracked 
|  55|0x00000000c4b00000, 0x00000000c4b00000, 0x00000000c4c00000|  0%| F|  |TAMS 0x00000000c4b00000, 0x00000000c4b00000| Untracked 
|  56|0x00000000c4c00000, 0x00000000c4c00000, 0x00000000c4d00000|  0%| F|  |TAMS 0x00000000c4c00000, 0x00000000c4c00000| Untracked 
|  57|0x00000000c4d00000, 0x00000000c4d00000, 0x00000000c4e00000|  0%| F|  |TAMS 0x00000000c4d00000, 0x00000000c4d00000| Untracked 
|  58|0x00000000c4e00000, 0x00000000c4ec8b28, 0x00000000c4f00000| 78%| E|  |TAMS 0x00000000c4e00000, 0x00000000c4e00000| Complete 
|  59|0x00000000c4f00000, 0x00000000c5000000, 0x00000000c5000000|100%| E|CS|TAMS 0x00000000c4f00000, 0x00000000c4f00000| Complete 
|  60|0x00000000c5000000, 0x00000000c5100000, 0x00000000c5100000|100%| E|CS|TAMS 0x00000000c5000000, 0x00000000c5000000| Complete 
|  61|0x00000000c5100000, 0x00000000c5200000, 0x00000000c5200000|100%| E|CS|TAMS 0x00000000c5100000, 0x00000000c5100000| Complete 
|  62|0x00000000c5200000, 0x00000000c5300000, 0x00000000c5300000|100%| E|CS|TAMS 0x00000000c5200000, 0x00000000c5200000| Complete 
|  63|0x00000000c5300000, 0x00000000c5400000, 0x00000000c5400000|100%| E|CS|TAMS 0x00000000c5300000, 0x00000000c5300000| Complete 

Card table byte_map: [0x000002735ee60000,0x000002735f060000] _byte_map_base: 0x000002735e856000

Marking Bits (Prev, Next): (CMBitMap*) 0x000002734c5ddc40, (CMBitMap*) 0x000002734c5ddc80
 Prev Bits: [0x000002735f260000, 0x0000027360210000)
 Next Bits: [0x0000027360210000, 0x00000273611c0000)

Polling page: 0x000002734a560000

Metaspace:

Usage:
  Non-class:      9.74 MB used.
      Class:      1.01 MB used.
       Both:     10.75 MB used.

Virtual space:
  Non-class space:       16.00 MB reserved,       9.81 MB ( 61%) committed,  2 nodes.
      Class space:        1.00 GB reserved,       1.06 MB ( <1%) committed,  1 nodes.
             Both:        1.02 GB reserved,      10.88 MB (  1%) committed. 

Chunk freelists:
   Non-Class:  2.23 MB
       Class:  2.75 MB
        Both:  4.98 MB

MaxMetaspaceSize: unlimited
CompressedClassSpaceSize: 1.00 GB
Initial GC threshold: 21.00 MB
Current GC threshold: 21.00 MB
CDS: off
MetaspaceReclaimPolicy: balanced
 - commit_granule_bytes: 65536.
 - commit_granule_words: 8192.
 - virtual_space_node_default_size: 1048576.
 - enlarge_chunks_in_place: 1.
 - new_chunks_are_fully_committed: 0.
 - uncommit_free_chunks: 1.
 - use_allocation_guard: 0.
 - handle_deallocations: 1.


Internal statistics:

num_allocs_failed_limit: 0.
num_arena_births: 92.
num_arena_deaths: 0.
num_vsnodes_births: 3.
num_vsnodes_deaths: 0.
num_space_committed: 174.
num_space_uncommitted: 0.
num_chunks_returned_to_freelist: 0.
num_chunks_taken_from_freelist: 125.
num_chunk_merges: 0.
num_chunk_splits: 73.
num_chunks_enlarged: 42.
num_purges: 0.
num_inconsistent_stats: 0.

CodeHeap 'non-profiled nmethods': size=120000Kb used=145Kb max_used=145Kb free=119854Kb
 bounds [0x0000027357730000, 0x00000273579a0000, 0x000002735ec60000]
CodeHeap 'profiled nmethods': size=120000Kb used=900Kb max_used=900Kb free=119100Kb
 bounds [0x0000027350200000, 0x0000027350470000, 0x0000027357730000]
CodeHeap 'non-nmethods': size=5760Kb used=1184Kb max_used=1200Kb free=4575Kb
 bounds [0x000002734fc60000, 0x000002734fed0000, 0x0000027350200000]
 total_blobs=1050 nmethods=565 adapters=398
 compilation: enabled
              stopped_count=0, restarted_count=0
 full_count=0

Compilation events (20 events):
Event: 0.940 Thread 0x00000273636a2360  547       3       sun.util.locale.BaseLocale$Cache::normalizeKey (9 bytes)
Event: 0.941 Thread 0x00000273636a2360 nmethod 547 0x00000273502dca10 code [0x00000273502dcbc0, 0x00000273502dce48]
Event: 0.941 Thread 0x00000273636a2360  548       3       sun.util.locale.BaseLocale$Cache::normalizeKey (5 bytes)
Event: 0.941 Thread 0x00000273636a2360 nmethod 548 0x00000273502dcf10 code [0x00000273502dd0a0, 0x00000273502dd1e8]
Event: 0.941 Thread 0x00000273636a2360  533       3       sun.util.locale.LanguageTag::isExtlang (21 bytes)
Event: 0.942 Thread 0x00000273636a2360 nmethod 533 0x00000273502dd290 code [0x00000273502dd4c0, 0x00000273502dde38]
Event: 0.942 Thread 0x00000273636a2360  538       3       java.lang.String::<init> (10 bytes)
Event: 0.942 Thread 0x00000273636a2360 nmethod 538 0x00000273502de190 code [0x00000273502de340, 0x00000273502de488]
Event: 0.942 Thread 0x00000273636a2360  545       3       sun.util.locale.BaseLocale$Key::getBaseLocale (25 bytes)
Event: 0.943 Thread 0x00000273636a2360 nmethod 545 0x00000273502de590 code [0x00000273502de740, 0x00000273502dea68]
Event: 0.943 Thread 0x00000273636a2360  535       3       sun.util.locale.BaseLocale::convertOldISOCodes (238 bytes)
Event: 0.944 Thread 0x00000273636a2360 nmethod 535 0x00000273502deb90 code [0x00000273502dedc0, 0x00000273502df508]
Event: 0.944 Thread 0x00000273636a2360  560       3       sun.util.locale.BaseLocale::equals (71 bytes)
Event: 0.944 Thread 0x00000273636a2360 nmethod 560 0x00000273502df690 code [0x00000273502df860, 0x00000273502dfd38]
Event: 0.944 Thread 0x00000273636a2360  561       3       java.util.Locale::stripExtensions (20 bytes)
Event: 0.945 Thread 0x00000273636a2360 nmethod 561 0x00000273502dfe10 code [0x00000273502dffc0, 0x00000273502e0248]
Event: 0.945 Thread 0x00000273636a2360  546       3       sun.util.locale.LocaleObjectCache::normalizeKey (2 bytes)
Event: 0.945 Thread 0x00000273636a2360 nmethod 546 0x00000273502e0310 code [0x00000273502e04a0, 0x00000273502e05b8]
Event: 0.949 Thread 0x00000273636a2360  564       3       java.lang.invoke.DirectMethodHandle::maybeCompile (24 bytes)
Event: 0.950 Thread 0x00000273636a2360 nmethod 564 0x00000273502e0690 code [0x00000273502e0840, 0x00000273502e0a58]

GC Heap History (0 events):
No events

Deoptimization events (0 events):
No events

Classes unloaded (0 events):
No events

Classes redefined (0 events):
No events

Internal exceptions (10 events):
Event: 0.317 Thread 0x000002734c5a07d0 Exception <a 'java/lang/ClassNotFoundException'{0x00000000c52328e0}: sun/awt/resources/spi/awtProvider> (0x00000000c52328e0) 
thrown [e:\jenkins\tmp\workspace\build\src\src\hotspot\share\classfile\systemDictionary.cpp, line 256]
Event: 0.372 Thread 0x000002734c5a07d0 Exception <a 'java/io/FileNotFoundException'{0x00000000c528d5d0}> (0x00000000c528d5d0) 
thrown [e:\jenkins\tmp\workspace\build\src\src\hotspot\share\prims\jni.cpp, line 516]
Event: 0.389 Thread 0x000002734c5a07d0 Exception <a 'java/io/FileNotFoundException'{0x00000000c52ba570}> (0x00000000c52ba570) 
thrown [e:\jenkins\tmp\workspace\build\src\src\hotspot\share\prims\jni.cpp, line 516]
Event: 0.515 Thread 0x000002734c5a07d0 Exception <a 'java/lang/NoSuchMethodError'{0x00000000c510c118}: 'java.lang.Object java.lang.invoke.DirectMethodHandle$Holder.invokeStaticInit(java.lang.Object)'> (0x00000000c510c118) 
thrown [e:\jenkins\tmp\workspace\build\src\src\hotspot\share\interpreter\linkResolver.cpp, line 766]
Event: 0.600 Thread 0x000002734c5a07d0 Exception <a 'java/lang/NoSuchMethodError'{0x00000000c5198b60}: 'void java.lang.invoke.DirectMethodHandle$Holder.invokeSpecial(java.lang.Object, java.lang.Object, java.lang.Object)'> (0x00000000c5198b60) 
thrown [e:\jenkins\tmp\workspace\build\src\src\hotspot\share\interpreter\linkResolver.cpp, line 766]
Event: 0.618 Thread 0x000002734c5a07d0 Exception <a 'java/lang/NoSuchMethodError'{0x00000000c51c2e10}: 'java.lang.Object java.lang.invoke.DirectMethodHandle$Holder.newInvokeSpecial(java.lang.Object, java.lang.Object, java.lang.Object, java.lang.Object, java.lang.Object)'> (0x00000000c51c2e10) 
thrown [e:\jenkins\tmp\workspace\build\src\src\hotspot\share\interpreter\linkResolver.cpp, line 766]
Event: 0.622 Thread 0x000002734c5a07d0 Exception <a 'java/lang/NoSuchMethodError'{0x00000000c51cea78}: 'java.lang.Object java.lang.invoke.DirectMethodHandle$Holder.invokeStatic(java.lang.Object, int, java.lang.Object, java.lang.Object, java.lang.Object, java.lang.Object)'> (0x00000000c51cea78) 
thrown [e:\jenkins\tmp\workspace\build\src\src\hotspot\share\interpreter\linkResolver.cpp, line 766]
Event: 0.631 Thread 0x000002734c5a07d0 Exception <a 'java/lang/NoSuchMethodError'{0x00000000c51f4238}: 'java.lang.Object java.lang.invoke.DirectMethodHandle$Holder.invokeStatic(java.lang.Object, int, java.lang.Object)'> (0x00000000c51f4238) 
thrown [e:\jenkins\tmp\workspace\build\src\src\hotspot\share\interpreter\linkResolver.cpp, line 766]
Event: 0.776 Thread 0x000002734c5a07d0 Exception <a 'java/lang/ClassNotFoundException'{0x00000000c50ac270}: com/sun/swing/internal/plaf/metal/resources/spi/metalProvider> (0x00000000c50ac270) 
thrown [e:\jenkins\tmp\workspace\build\src\src\hotspot\share\classfile\systemDictionary.cpp, line 256]
Event: 0.777 Thread 0x000002734c5a07d0 Exception <a 'java/lang/ClassNotFoundException'{0x00000000c50b0148}: com/sun/swing/internal/plaf/basic/resources/spi/basicProvider> (0x00000000c50b0148) 
thrown [e:\jenkins\tmp\workspace\build\src\src\hotspot\share\classfile\systemDictionary.cpp, line 256]

VM Operations (2 events):
Event: 0.774 Executing VM operation: HandshakeAllThreads
Event: 0.774 Executing VM operation: HandshakeAllThreads done

Events (20 events):
Event: 0.954 loading class java/util/stream/IntPipeline$10
Event: 0.954 loading class java/util/stream/IntPipeline$StatelessOp
Event: 0.954 loading class java/util/stream/IntPipeline$StatelessOp done
Event: 0.954 loading class java/util/stream/IntPipeline$10 done
Event: 0.955 loading class java/util/stream/FindOps
Event: 0.955 loading class java/util/stream/FindOps done
Event: 0.955 loading class java/util/stream/FindOps$FindSink$OfInt
Event: 0.955 loading class java/util/stream/Sink$OfInt
Event: 0.955 loading class java/util/function/IntConsumer
Event: 0.955 loading class java/util/function/IntConsumer done
Event: 0.955 loading class java/util/stream/Sink$OfInt done
Event: 0.955 loading class java/util/stream/FindOps$FindSink
Event: 0.955 loading class java/util/stream/FindOps$FindSink done
Event: 0.955 loading class java/util/stream/FindOps$FindSink$OfInt done
Event: 0.955 loading class java/util/stream/FindOps$FindOp
Event: 0.956 loading class java/util/stream/FindOps$FindOp done
Event: 0.956 loading class java/util/OptionalInt
Event: 0.956 loading class java/util/OptionalInt done
Event: 0.956 loading class java/util/function/Predicate
Event: 0.956 loading class java/util/function/Predicate done


Dynamic libraries:
0x00007ff78cd80000 - 0x00007ff78cd8e000 	C:\Users\HP\Downloads\eclipse-jee-2022-06-R-win32-x86_64\eclipse\plugins\org.eclipse.justj.openjdk.hotspot.jre.full.win32.x86_64_17.0.3.v20220515-1416\jre\bin\javaw.exe
0x00007ff883370000 - 0x00007ff883568000 	C:\Windows\SYSTEM32\ntdll.dll
0x00007ff882620000 - 0x00007ff8826df000 	C:\Windows\System32\KERNEL32.DLL
0x00007ff880b00000 - 0x00007ff880dd2000 	C:\Windows\System32\KERNELBASE.dll
0x00007ff881240000 - 0x00007ff881340000 	C:\Windows\System32\ucrtbase.dll
0x00007ff87bcd0000 - 0x00007ff87bce8000 	C:\Users\HP\Downloads\eclipse-jee-2022-06-R-win32-x86_64\eclipse\plugins\org.eclipse.justj.openjdk.hotspot.jre.full.win32.x86_64_17.0.3.v20220515-1416\jre\bin\jli.dll
0x00007ff882470000 - 0x00007ff882611000 	C:\Windows\System32\USER32.dll
0x00007ff880e10000 - 0x00007ff880e32000 	C:\Windows\System32\win32u.dll
0x00007ff8817e0000 - 0x00007ff88180b000 	C:\Windows\System32\GDI32.dll
0x00007ff880e40000 - 0x00007ff880f4f000 	C:\Windows\System32\gdi32full.dll
0x00007ff880a60000 - 0x00007ff880afd000 	C:\Windows\System32\msvcp_win.dll
0x00007ff87bcf0000 - 0x00007ff87bd09000 	C:\Users\HP\Downloads\eclipse-jee-2022-06-R-win32-x86_64\eclipse\plugins\org.eclipse.justj.openjdk.hotspot.jre.full.win32.x86_64_17.0.3.v20220515-1416\jre\bin\VCRUNTIME140.dll
0x00007ff86c2b0000 - 0x00007ff86c54a000 	C:\Windows\WinSxS\amd64_microsoft.windows.common-controls_6595b64144ccf1df_6.0.19041.1110_none_60b5254171f9507e\COMCTL32.dll
0x00007ff8813b0000 - 0x00007ff88144e000 	C:\Windows\System32\msvcrt.dll
0x00007ff883190000 - 0x00007ff8831c2000 	C:\Windows\System32\IMM32.DLL
0x00007ff87bcc0000 - 0x00007ff87bccc000 	C:\Users\HP\Downloads\eclipse-jee-2022-06-R-win32-x86_64\eclipse\plugins\org.eclipse.justj.openjdk.hotspot.jre.full.win32.x86_64_17.0.3.v20220515-1416\jre\bin\vcruntime140_1.dll
0x00007ff87bc20000 - 0x00007ff87bcb1000 	C:\Users\HP\Downloads\eclipse-jee-2022-06-R-win32-x86_64\eclipse\plugins\org.eclipse.justj.openjdk.hotspot.jre.full.win32.x86_64_17.0.3.v20220515-1416\jre\bin\msvcp140.dll
0x00007ff81e6c0000 - 0x00007ff81f308000 	C:\Users\HP\Downloads\eclipse-jee-2022-06-R-win32-x86_64\eclipse\plugins\org.eclipse.justj.openjdk.hotspot.jre.full.win32.x86_64_17.0.3.v20220515-1416\jre\bin\server\jvm.dll
0x00007ff882140000 - 0x00007ff8821ee000 	C:\Windows\System32\ADVAPI32.dll
0x00007ff881740000 - 0x00007ff8817dc000 	C:\Windows\System32\sechost.dll
0x00007ff883060000 - 0x00007ff883185000 	C:\Windows\System32\RPCRT4.dll
0x00007ff8816d0000 - 0x00007ff8816d8000 	C:\Windows\System32\PSAPI.DLL
0x00007ff87e190000 - 0x00007ff87e199000 	C:\Windows\SYSTEM32\WSOCK32.dll
0x00007ff882380000 - 0x00007ff8823eb000 	C:\Windows\System32\WS2_32.dll
0x00007ff862ff0000 - 0x00007ff863017000 	C:\Windows\SYSTEM32\WINMM.dll
0x00007ff87afa0000 - 0x00007ff87afaa000 	C:\Windows\SYSTEM32\VERSION.dll
0x00007ff87e920000 - 0x00007ff87e932000 	C:\Windows\SYSTEM32\kernel.appcore.dll
0x00007ff87bb90000 - 0x00007ff87bb9a000 	C:\Users\HP\Downloads\eclipse-jee-2022-06-R-win32-x86_64\eclipse\plugins\org.eclipse.justj.openjdk.hotspot.jre.full.win32.x86_64_17.0.3.v20220515-1416\jre\bin\jimage.dll
0x00007ff86c620000 - 0x00007ff86c804000 	C:\Windows\SYSTEM32\DBGHELP.DLL
0x00007ff86c5b0000 - 0x00007ff86c5e5000 	C:\Windows\SYSTEM32\dbgcore.DLL
0x00007ff880f50000 - 0x00007ff880fd2000 	C:\Windows\System32\bcryptPrimitives.dll
0x00007ff8575b0000 - 0x00007ff8575d5000 	C:\Users\HP\Downloads\eclipse-jee-2022-06-R-win32-x86_64\eclipse\plugins\org.eclipse.justj.openjdk.hotspot.jre.full.win32.x86_64_17.0.3.v20220515-1416\jre\bin\java.dll
0x00007ff86fe60000 - 0x00007ff86fe78000 	C:\Users\HP\Downloads\eclipse-jee-2022-06-R-win32-x86_64\eclipse\plugins\org.eclipse.justj.openjdk.hotspot.jre.full.win32.x86_64_17.0.3.v20220515-1416\jre\bin\zip.dll
0x00007ff8826e0000 - 0x00007ff882e24000 	C:\Windows\System32\SHELL32.dll
0x00007ff87eb20000 - 0x00007ff87f2b2000 	C:\Windows\SYSTEM32\windows.storage.dll
0x00007ff881d30000 - 0x00007ff882085000 	C:\Windows\System32\combase.dll
0x00007ff8803e0000 - 0x00007ff880410000 	C:\Windows\SYSTEM32\Wldp.dll
0x00007ff881c80000 - 0x00007ff881d2d000 	C:\Windows\System32\SHCORE.dll
0x00007ff8816e0000 - 0x00007ff881735000 	C:\Windows\System32\shlwapi.dll
0x00007ff8809a0000 - 0x00007ff8809bf000 	C:\Windows\SYSTEM32\profapi.dll
0x00007ff87ba00000 - 0x00007ff87bb8e000 	C:\Users\HP\Downloads\eclipse-jee-2022-06-R-win32-x86_64\eclipse\plugins\org.eclipse.justj.openjdk.hotspot.jre.full.win32.x86_64_17.0.3.v20220515-1416\jre\bin\awt.dll
0x00007ff881600000 - 0x00007ff8816cd000 	C:\Windows\System32\OLEAUT32.dll
0x00007ff87e2a0000 - 0x00007ff87e331000 	C:\Windows\SYSTEM32\apphelp.dll
0x00007ff87e630000 - 0x00007ff87e65f000 	C:\Windows\system32\DWMAPI.DLL
0x00007ff87e450000 - 0x00007ff87e4ee000 	C:\Windows\system32\uxtheme.dll
0x00007ff860ad0000 - 0x00007ff860bf5000 	C:\Windows\system32\opengl32.dll
0x00007ff860aa0000 - 0x00007ff860acc000 	C:\Windows\SYSTEM32\GLU32.dll
0x00007ff882eb0000 - 0x00007ff882fc5000 	C:\Windows\System32\MSCTF.dll
0x00007ff882250000 - 0x00007ff88237a000 	C:\Windows\System32\ole32.dll

dbghelp: loaded successfully - version: 4.0.5 - missing functions: none
symbol engine: initialized successfully - sym options: 0x614 - pdb path: .;C:\Users\HP\Downloads\eclipse-jee-2022-06-R-win32-x86_64\eclipse\plugins\org.eclipse.justj.openjdk.hotspot.jre.full.win32.x86_64_17.0.3.v20220515-1416\jre\bin;C:\Windows\SYSTEM32;C:\Windows\WinSxS\amd64_microsoft.windows.common-controls_6595b64144ccf1df_6.0.19041.1110_none_60b5254171f9507e;C:\Users\HP\Downloads\eclipse-jee-2022-06-R-win32-x86_64\eclipse\plugins\org.eclipse.justj.openjdk.hotspot.jre.full.win32.x86_64_17.0.3.v20220515-1416\jre\bin\server

VM Arguments:
jvm_args: -Dfile.encoding=UTF-8 -XX:+ShowCodeDetailsInExceptionMessages 
java_command: com.quizapplication.Quiz1
java_class_path (initial): C:\Users\HP\Desktop\JavaProjectsEclipse\JDBCProject\Quiz Application\bin
Launcher Type: SUN_STANDARD

[Global flags]
     intx CICompilerCount                          = 3                                         {product} {ergonomic}
     uint ConcGCThreads                            = 1                                         {product} {ergonomic}
     uint G1ConcRefinementThreads                  = 4                                         {product} {ergonomic}
   size_t G1HeapRegionSize                         = 1048576                                   {product} {ergonomic}
    uintx GCDrainStackTargetSize                   = 64                                        {product} {ergonomic}
   size_t InitialHeapSize                          = 67108864                                  {product} {ergonomic}
   size_t MarkStackSize                            = 4194304                                   {product} {ergonomic}
   size_t MaxHeapSize                              = 1052770304                                {product} {ergonomic}
   size_t MaxNewSize                               = 631242752                                 {product} {ergonomic}
   size_t MinHeapDeltaBytes                        = 1048576                                   {product} {ergonomic}
   size_t MinHeapSize                              = 8388608                                   {product} {ergonomic}
    uintx NonNMethodCodeHeapSize                   = 5832780                                {pd product} {ergonomic}
    uintx NonProfiledCodeHeapSize                  = 122912730                              {pd product} {ergonomic}
    uintx ProfiledCodeHeapSize                     = 122912730                              {pd product} {ergonomic}
    uintx ReservedCodeCacheSize                    = 251658240                              {pd product} {ergonomic}
     bool SegmentedCodeCache                       = true                                      {product} {ergonomic}
     bool ShowCodeDetailsInExceptionMessages       = true                                   {manageable} {command line}
   size_t SoftMaxHeapSize                          = 1052770304                             {manageable} {ergonomic}
     bool UseCompressedClassPointers               = true                           {product lp64_product} {ergonomic}
     bool UseCompressedOops                        = true                           {product lp64_product} {ergonomic}
     bool UseG1GC                                  = true                                      {product} {ergonomic}
     bool UseLargePagesIndividualAllocation        = false                                  {pd product} {ergonomic}

Logging:
Log output configuration:
 #0: stdout all=warning uptime,level,tags
 #1: stderr all=off uptime,level,tags

Environment Variables:
PATH=C:/Users/HP/Downloads/eclipse-jee-2022-06-R-win32-x86_64/eclipse//plugins/org.eclipse.justj.openjdk.hotspot.jre.full.win32.x86_64_17.0.3.v20220515-1416/jre/bin/server;C:/Users/HP/Downloads/eclipse-jee-2022-06-R-win32-x86_64/eclipse//plugins/org.eclipse.justj.openjdk.hotspot.jre.full.win32.x86_64_17.0.3.v20220515-1416/jre/bin;C:\Python310\Scripts\;C:\Python310\;D:\oracle\product\10.2.0\db_4\bin;C:\Program Files\Common Files\Oracle\Java\javapath;D:\oracle\product\10.2.0\db_2\bin;D:\oracle\product\10.2.0\db_1\bin;C:\Windows\system32;C:\Windows;C:\Windows\System32\Wbem;C:\Windows\System32\WindowsPowerShell\v1.0\;C:\Windows\System32\OpenSSH\;C:\Program Files\nodejs\;C:\ProgramData\chocolatey\bin;C:\Program Files\MySQL\MySQL Server 8.0\bin;C:\Program Files\MySQL\MySQL Shell 8.0\bin\;C:\Users\HP\AppData\Local\Microsoft\WindowsApps;C:\Users\HP\AppData\Local\Programs\Microsoft VS Code\bin;C:\Program Files\JetBrains\IntelliJ IDEA Community Edition 2022.2.1\bin;;C:\Users\HP\AppData\Roaming\npm;C:\MinGW\bin;;C:\Users\HP\Downloads\eclipse-jee-2022-06-R-win32-x86_64\eclipse;
USERNAME=HP
OS=Windows_NT
PROCESSOR_IDENTIFIER=Intel64 Family 6 Model 78 Stepping 3, GenuineIntel



---------------  S Y S T E M  ---------------

OS:
 Windows 10 , 64 bit Build 19041 (10.0.19041.2364)
OS uptime: 0 days 2:18 hours

CPU: total 4 (initial active 4) (2 cores per cpu, 2 threads per core) family 6 model 78 stepping 3 microcode 0xcc, cx8, cmov, fxsr, ht, mmx, 3dnowpref, sse, sse2, sse3, ssse3, sse4.1, sse4.2, popcnt, lzcnt, tsc, tscinvbit, avx, avx2, aes, erms, clmul, bmi1, bmi2, adx, fma, vzeroupper, clflush, clflushopt

Memory: 4k page, system-wide physical 4012M (375M free)
TotalPageFile size 16300M (AvailPageFile size 2M)
current process WorkingSet (physical memory assigned to process): 50M, peak: 50M
current process commit charge ("private bytes"): 138M, peak: 138M

vm_info: OpenJDK 64-Bit Server VM (17.0.3+7) for windows-amd64 JRE (17.0.3+7), built on Apr 19 2022 16:55:35 by "" with MS VC++ 16.7 (VS2019)

END.
