#
# There is insufficient memory for the Java Runtime Environment to continue.
# Native memory allocation (malloc) failed to allocate 32744 bytes for ChunkPool::allocate
# Possible reasons:
#   The system is out of physical RAM or swap space
#   The process is running with CompressedOops enabled, and the Java Heap may be blocking the growth of the native heap
# Possible solutions:
#   Reduce memory load on the system
#   Increase physical memory or swap space
#   Check if swap backing store is full
#   Decrease Java heap size (-Xmx/-Xms)
#   Decrease number of Java threads
#   Decrease Java thread stack sizes (-Xss)
#   Set larger code cache with -XX:ReservedCodeCacheSize=
#   JVM is running with Unscaled Compressed Oops mode in which the Java heap is
#     placed in the first 4GB address space. The Java Heap base address is the
#     maximum limit for the native heap growth. Please use -XX:HeapBaseMinAddress
#     to set the Java Heap base and to place the Java Heap above 4GB virtual address.
# This output file may be truncated or incomplete.
#
#  Out of Memory Error (arena.cpp:78), pid=13172, tid=5872
#
# JRE version: OpenJDK Runtime Environment Temurin-17.0.3+7 (17.0.3+7) (build 17.0.3+7)
# Java VM: OpenJDK 64-Bit Server VM Temurin-17.0.3+7 (17.0.3+7, mixed mode, tiered, compressed oops, compressed class ptrs, g1 gc, windows-amd64)
# No core dump will be written. Minidumps are not enabled by default on client versions of Windows
#

---------------  S U M M A R Y ------------

Command Line: -Dfile.encoding=UTF-8 -XX:+ShowCodeDetailsInExceptionMessages com.quizapplication.Quiz1

Host: Intel(R) Core(TM) i3-6006U CPU @ 2.00GHz, 4 cores, 3G,  Windows 10 , 64 bit Build 19041 (10.0.19041.2364)
Time: Sat Feb 11 23:44:35 2023 India Standard Time elapsed time: 105.730891 seconds (0d 0h 1m 45s)

---------------  T H R E A D  ---------------

Current thread (0x0000028d5263f9d0):  JavaThread "C1 CompilerThread0" daemon [_thread_in_native, id=5872, stack(0x000000f79a100000,0x000000f79a200000)]


Current CompileTask:
C1: 105731  839       3       jdk.internal.org.objectweb.asm.MethodWriter::putMethodInfo (1274 bytes)

Stack: [0x000000f79a100000,0x000000f79a200000]
Native frames: (J=compiled Java code, j=interpreted, Vv=VM code, C=native code)
V  [jvm.dll+0x675efa]
V  [jvm.dll+0x830a24]
V  [jvm.dll+0x8321ce]
V  [jvm.dll+0x832833]
V  [jvm.dll+0x2454b5]
V  [jvm.dll+0xabfc0]
V  [jvm.dll+0xac30c]
V  [jvm.dll+0x175b73]
V  [jvm.dll+0x175c3e]
V  [jvm.dll+0x178559]
V  [jvm.dll+0x17a591]
V  [jvm.dll+0x134743]
V  [jvm.dll+0x13403f]
V  [jvm.dll+0x134276]
V  [jvm.dll+0x13370a]
V  [jvm.dll+0x1353d1]
V  [jvm.dll+0x227178]
V  [jvm.dll+0x2252bc]
V  [jvm.dll+0x7e673b]
V  [jvm.dll+0x7e0cfa]
V  [jvm.dll+0x674d85]
C  [ucrtbase.dll+0x21bb2]
C  [KERNEL32.DLL+0x17614]
C  [ntdll.dll+0x526a1]


---------------  P R O C E S S  ---------------

Threads class SMR info:
_java_thread_list=0x0000028d53681880, length=16, elements={
0x0000028d525da860, 0x0000028d525db410, 0x0000028d52623030, 0x0000028d52625900,
0x0000028d526387b0, 0x0000028d52639fb0, 0x0000028d5263e840, 0x0000028d5263f9d0,
0x0000028d5264a340, 0x0000028d5311c5b0, 0x0000028d5313b010, 0x0000028d533be330,
0x0000028d533be800, 0x0000028d533f2af0, 0x0000028d536184b0, 0x0000028d3959a050
}

Java Threads: ( => current thread )
  0x0000028d525da860 JavaThread "Reference Handler" daemon [_thread_blocked, id=13648, stack(0x000000f799900000,0x000000f799a00000)]
  0x0000028d525db410 JavaThread "Finalizer" daemon [_thread_blocked, id=13852, stack(0x000000f799a00000,0x000000f799b00000)]
  0x0000028d52623030 JavaThread "Signal Dispatcher" daemon [_thread_blocked, id=13720, stack(0x000000f799c00000,0x000000f799d00000)]
  0x0000028d52625900 JavaThread "Attach Listener" daemon [_thread_blocked, id=7612, stack(0x000000f799d00000,0x000000f799e00000)]
  0x0000028d526387b0 JavaThread "Service Thread" daemon [_thread_blocked, id=4756, stack(0x000000f799e00000,0x000000f799f00000)]
  0x0000028d52639fb0 JavaThread "Monitor Deflation Thread" daemon [_thread_blocked, id=12180, stack(0x000000f799f00000,0x000000f79a000000)]
  0x0000028d5263e840 JavaThread "C2 CompilerThread0" daemon [_thread_blocked, id=14204, stack(0x000000f79a000000,0x000000f79a100000)]
=>0x0000028d5263f9d0 JavaThread "C1 CompilerThread0" daemon [_thread_in_native, id=5872, stack(0x000000f79a100000,0x000000f79a200000)]
  0x0000028d5264a340 JavaThread "Sweeper thread" daemon [_thread_blocked, id=12780, stack(0x000000f79a200000,0x000000f79a300000)]
  0x0000028d5311c5b0 JavaThread "Notification Thread" daemon [_thread_blocked, id=14264, stack(0x000000f79a300000,0x000000f79a400000)]
  0x0000028d5313b010 JavaThread "Common-Cleaner" daemon [_thread_blocked, id=13420, stack(0x000000f79a500000,0x000000f79a600000)]
  0x0000028d533be330 JavaThread "Java2D Disposer" daemon [_thread_blocked, id=7040, stack(0x000000f79a600000,0x000000f79a700000)]
  0x0000028d533be800 JavaThread "AWT-Shutdown" [_thread_blocked, id=15196, stack(0x000000f79a700000,0x000000f79a800000)]
  0x0000028d533f2af0 JavaThread "AWT-Windows" daemon [_thread_in_native, id=15184, stack(0x000000f79a800000,0x000000f79a900000)]
  0x0000028d536184b0 JavaThread "AWT-EventQueue-0" [_thread_blocked, id=14892, stack(0x000000f79aa00000,0x000000f79ab00000)]
  0x0000028d3959a050 JavaThread "DestroyJavaVM" [_thread_blocked, id=12544, stack(0x000000f799200000,0x000000f799300000)]

Other Threads:
  0x0000028d525f7400 VMThread "VM Thread" [stack: 0x000000f799800000,0x000000f799900000] [id=13080]
  0x0000028d53120a90 WatcherThread [stack: 0x000000f79a400000,0x000000f79a500000] [id=12484]
  0x0000028d3961c0b0 GCTaskThread "GC Thread#0" [stack: 0x000000f799300000,0x000000f799400000] [id=14248]
  0x0000028d533413e0 GCTaskThread "GC Thread#1" [stack: 0x000000f799000000,0x000000f799100000] [id=15584]
  0x0000028d53341690 GCTaskThread "GC Thread#2" [stack: 0x000000f799100000,0x000000f799200000] [id=16624]
  0x0000028d53341940 GCTaskThread "GC Thread#3" [stack: 0x000000f799b00000,0x000000f799c00000] [id=14364]
  0x0000028d39625510 ConcurrentGCThread "G1 Main Marker" [stack: 0x000000f799400000,0x000000f799500000] [id=12296]
  0x0000028d396281e0 ConcurrentGCThread "G1 Conc#0" [stack: 0x000000f799500000,0x000000f799600000] [id=12960]
  0x0000028d39676290 ConcurrentGCThread "G1 Refine#0" [stack: 0x000000f799600000,0x000000f799700000] [id=13848]
  0x0000028d39676b50 ConcurrentGCThread "G1 Service" [stack: 0x000000f799700000,0x000000f799800000] [id=9980]

Threads with active compile tasks:
C1 CompilerThread0   105840  839       3       jdk.internal.org.objectweb.asm.MethodWriter::putMethodInfo (1274 bytes)

VM state: not at safepoint (normal execution)

VM Mutex/Monitor currently owned by a thread: None

Heap address: 0x00000000c1400000, size: 1004 MB, Compressed Oops mode: 32-bit

CDS archive(s) not mapped
Compressed class space mapped at: 0x0000000100000000-0x0000000140000000, reserved size: 1073741824
Narrow klass base: 0x0000000000000000, Narrow klass shift: 3, Narrow klass range: 0x140000000

GC Precious Log:
 CPUs: 4 total, 4 available
 Memory: 4012M
 Large Page Support: Disabled
 NUMA Support: Disabled
 Compressed Oops: Enabled (32-bit)
 Heap Region Size: 1M
 Heap Min Capacity: 8M
 Heap Initial Capacity: 64M
 Heap Max Capacity: 1004M
 Pre-touch: Disabled
 Parallel Workers: 4
 Concurrent Workers: 1
 Concurrent Refinement Workers: 4
 Periodic GC: Disabled

Heap:
 garbage-first heap   total 65536K, used 34217K [0x00000000c1400000, 0x0000000100000000)
  region size 1024K, 3 young (3072K), 2 survivors (2048K)
 Metaspace       used 13623K, committed 13824K, reserved 1064960K
  class space    used 1327K, committed 1472K, reserved 1048576K

Heap Regions: E=young(eden), S=young(survivor), O=old, HS=humongous(starts), HC=humongous(continues), CS=collection set, F=free, OA=open archive, CA=closed archive, TAMS=top-at-mark-start (previous, next)
|   0|0x00000000c1400000, 0x00000000c1500000, 0x00000000c1500000|100%|HS|  |TAMS 0x00000000c1400000, 0x00000000c1500000| Complete 
|   1|0x00000000c1500000, 0x00000000c1600000, 0x00000000c1600000|100%|HC|  |TAMS 0x00000000c1500000, 0x00000000c1600000| Complete 
|   2|0x00000000c1600000, 0x00000000c1700000, 0x00000000c1700000|100%|HC|  |TAMS 0x00000000c1600000, 0x00000000c1700000| Complete 
|   3|0x00000000c1700000, 0x00000000c1800000, 0x00000000c1800000|100%|HC|  |TAMS 0x00000000c1700000, 0x00000000c1800000| Complete 
|   4|0x00000000c1800000, 0x00000000c1900000, 0x00000000c1900000|100%|HC|  |TAMS 0x00000000c1800000, 0x00000000c1900000| Complete 
|   5|0x00000000c1900000, 0x00000000c1a00000, 0x00000000c1a00000|100%|HC|  |TAMS 0x00000000c1900000, 0x00000000c1a00000| Complete 
|   6|0x00000000c1a00000, 0x00000000c1b00000, 0x00000000c1b00000|100%|HS|  |TAMS 0x00000000c1a00000, 0x00000000c1b00000| Complete 
|   7|0x00000000c1b00000, 0x00000000c1c00000, 0x00000000c1c00000|100%|HC|  |TAMS 0x00000000c1b00000, 0x00000000c1c00000| Complete 
|   8|0x00000000c1c00000, 0x00000000c1d00000, 0x00000000c1d00000|100%|HC|  |TAMS 0x00000000c1c00000, 0x00000000c1d00000| Complete 
|   9|0x00000000c1d00000, 0x00000000c1e00000, 0x00000000c1e00000|100%|HC|  |TAMS 0x00000000c1d00000, 0x00000000c1e00000| Complete 
|  10|0x00000000c1e00000, 0x00000000c1f00000, 0x00000000c1f00000|100%|HC|  |TAMS 0x00000000c1e00000, 0x00000000c1f00000| Complete 
|  11|0x00000000c1f00000, 0x00000000c2000000, 0x00000000c2000000|100%|HC|  |TAMS 0x00000000c1f00000, 0x00000000c2000000| Complete 
|  12|0x00000000c2000000, 0x00000000c2100000, 0x00000000c2100000|100%|HC|  |TAMS 0x00000000c2000000, 0x00000000c2100000| Complete 
|  13|0x00000000c2100000, 0x00000000c2200000, 0x00000000c2200000|100%|HS|  |TAMS 0x00000000c2100000, 0x00000000c2200000| Complete 
|  14|0x00000000c2200000, 0x00000000c2300000, 0x00000000c2300000|100%|HC|  |TAMS 0x00000000c2200000, 0x00000000c2300000| Complete 
|  15|0x00000000c2300000, 0x00000000c2400000, 0x00000000c2400000|100%|HC|  |TAMS 0x00000000c2300000, 0x00000000c2400000| Complete 
|  16|0x00000000c2400000, 0x00000000c2500000, 0x00000000c2500000|100%|HC|  |TAMS 0x00000000c2400000, 0x00000000c2500000| Complete 
|  17|0x00000000c2500000, 0x00000000c2600000, 0x00000000c2600000|100%|HC|  |TAMS 0x00000000c2500000, 0x00000000c2600000| Complete 
|  18|0x00000000c2600000, 0x00000000c2700000, 0x00000000c2700000|100%|HC|  |TAMS 0x00000000c2600000, 0x00000000c2700000| Complete 
|  19|0x00000000c2700000, 0x00000000c2800000, 0x00000000c2800000|100%|HC|  |TAMS 0x00000000c2700000, 0x00000000c2800000| Complete 
|  20|0x00000000c2800000, 0x00000000c2900000, 0x00000000c2900000|100%|HC|  |TAMS 0x00000000c2800000, 0x00000000c2900000| Complete 
|  21|0x00000000c2900000, 0x00000000c2a00000, 0x00000000c2a00000|100%|HS|  |TAMS 0x00000000c2900000, 0x00000000c2a00000| Complete 
|  22|0x00000000c2a00000, 0x00000000c2b00000, 0x00000000c2b00000|100%|HC|  |TAMS 0x00000000c2a00000, 0x00000000c2b00000| Complete 
|  23|0x00000000c2b00000, 0x00000000c2c00000, 0x00000000c2c00000|100%|HC|  |TAMS 0x00000000c2b00000, 0x00000000c2c00000| Complete 
|  24|0x00000000c2c00000, 0x00000000c2d00000, 0x00000000c2d00000|100%|HC|  |TAMS 0x00000000c2c00000, 0x00000000c2d00000| Complete 
|  25|0x00000000c2d00000, 0x00000000c2e00000, 0x00000000c2e00000|100%|HC|  |TAMS 0x00000000c2d00000, 0x00000000c2e00000| Complete 
|  26|0x00000000c2e00000, 0x00000000c2e6a600, 0x00000000c2f00000| 41%| O|  |TAMS 0x00000000c2e00000, 0x00000000c2e00000| Untracked 
|  27|0x00000000c2f00000, 0x00000000c3000000, 0x00000000c3000000|100%|HS|  |TAMS 0x00000000c2f00000, 0x00000000c2f00000| Complete 
|  28|0x00000000c3000000, 0x00000000c3100000, 0x00000000c3100000|100%|HC|  |TAMS 0x00000000c3000000, 0x00000000c3000000| Complete 
|  29|0x00000000c3100000, 0x00000000c3200000, 0x00000000c3200000|100%|HC|  |TAMS 0x00000000c3100000, 0x00000000c3100000| Complete 
|  30|0x00000000c3200000, 0x00000000c3300000, 0x00000000c3300000|100%|HC|  |TAMS 0x00000000c3200000, 0x00000000c3200000| Complete 
|  31|0x00000000c3300000, 0x00000000c3400000, 0x00000000c3400000|100%|HC|  |TAMS 0x00000000c3300000, 0x00000000c3300000| Complete 
|  32|0x00000000c3400000, 0x00000000c3400000, 0x00000000c3500000|  0%| F|  |TAMS 0x00000000c3400000, 0x00000000c3400000| Untracked 
|  33|0x00000000c3500000, 0x00000000c3500000, 0x00000000c3600000|  0%| F|  |TAMS 0x00000000c3500000, 0x00000000c3500000| Untracked 
|  34|0x00000000c3600000, 0x00000000c3600000, 0x00000000c3700000|  0%| F|  |TAMS 0x00000000c3600000, 0x00000000c3600000| Untracked 
|  35|0x00000000c3700000, 0x00000000c3700000, 0x00000000c3800000|  0%| F|  |TAMS 0x00000000c3700000, 0x00000000c3700000| Untracked 
|  36|0x00000000c3800000, 0x00000000c3800000, 0x00000000c3900000|  0%| F|  |TAMS 0x00000000c3800000, 0x00000000c3800000| Untracked 
|  37|0x00000000c3900000, 0x00000000c3900000, 0x00000000c3a00000|  0%| F|  |TAMS 0x00000000c3900000, 0x00000000c3900000| Untracked 
|  38|0x00000000c3a00000, 0x00000000c3a00000, 0x00000000c3b00000|  0%| F|  |TAMS 0x00000000c3a00000, 0x00000000c3a00000| Untracked 
|  39|0x00000000c3b00000, 0x00000000c3b00000, 0x00000000c3c00000|  0%| F|  |TAMS 0x00000000c3b00000, 0x00000000c3b00000| Untracked 
|  40|0x00000000c3c00000, 0x00000000c3c00000, 0x00000000c3d00000|  0%| F|  |TAMS 0x00000000c3c00000, 0x00000000c3c00000| Untracked 
|  41|0x00000000c3d00000, 0x00000000c3d00000, 0x00000000c3e00000|  0%| F|  |TAMS 0x00000000c3d00000, 0x00000000c3d00000| Untracked 
|  42|0x00000000c3e00000, 0x00000000c3e00000, 0x00000000c3f00000|  0%| F|  |TAMS 0x00000000c3e00000, 0x00000000c3e00000| Untracked 
|  43|0x00000000c3f00000, 0x00000000c3f00000, 0x00000000c4000000|  0%| F|  |TAMS 0x00000000c3f00000, 0x00000000c3f00000| Untracked 
|  44|0x00000000c4000000, 0x00000000c4000000, 0x00000000c4100000|  0%| F|  |TAMS 0x00000000c4000000, 0x00000000c4000000| Untracked 
|  45|0x00000000c4100000, 0x00000000c4100000, 0x00000000c4200000|  0%| F|  |TAMS 0x00000000c4100000, 0x00000000c4100000| Untracked 
|  46|0x00000000c4200000, 0x00000000c4200000, 0x00000000c4300000|  0%| F|  |TAMS 0x00000000c4200000, 0x00000000c4200000| Untracked 
|  47|0x00000000c4300000, 0x00000000c4300000, 0x00000000c4400000|  0%| F|  |TAMS 0x00000000c4300000, 0x00000000c4300000| Untracked 
|  48|0x00000000c4400000, 0x00000000c4400000, 0x00000000c4500000|  0%| F|  |TAMS 0x00000000c4400000, 0x00000000c4400000| Untracked 
|  49|0x00000000c4500000, 0x00000000c4600000, 0x00000000c4600000|100%| S|CS|TAMS 0x00000000c4500000, 0x00000000c4500000| Complete 
|  50|0x00000000c4600000, 0x00000000c4700000, 0x00000000c4700000|100%| S|CS|TAMS 0x00000000c4600000, 0x00000000c4600000| Complete 
|  51|0x00000000c4700000, 0x00000000c4700000, 0x00000000c4800000|  0%| F|  |TAMS 0x00000000c4700000, 0x00000000c4700000| Untracked 
|  52|0x00000000c4800000, 0x00000000c4800000, 0x00000000c4900000|  0%| F|  |TAMS 0x00000000c4800000, 0x00000000c4800000| Untracked 
|  53|0x00000000c4900000, 0x00000000c4900000, 0x00000000c4a00000|  0%| F|  |TAMS 0x00000000c4900000, 0x00000000c4900000| Untracked 
|  54|0x00000000c4a00000, 0x00000000c4a00000, 0x00000000c4b00000|  0%| F|  |TAMS 0x00000000c4a00000, 0x00000000c4a00000| Untracked 
|  55|0x00000000c4b00000, 0x00000000c4b00000, 0x00000000c4c00000|  0%| F|  |TAMS 0x00000000c4b00000, 0x00000000c4b00000| Untracked 
|  56|0x00000000c4c00000, 0x00000000c4c00000, 0x00000000c4d00000|  0%| F|  |TAMS 0x00000000c4c00000, 0x00000000c4c00000| Untracked 
|  57|0x00000000c4d00000, 0x00000000c4d00000, 0x00000000c4e00000|  0%| F|  |TAMS 0x00000000c4d00000, 0x00000000c4d00000| Untracked 
|  58|0x00000000c4e00000, 0x00000000c4e00000, 0x00000000c4f00000|  0%| F|  |TAMS 0x00000000c4e00000, 0x00000000c4e00000| Untracked 
|  59|0x00000000c4f00000, 0x00000000c4f00000, 0x00000000c5000000|  0%| F|  |TAMS 0x00000000c4f00000, 0x00000000c4f00000| Untracked 
|  60|0x00000000c5000000, 0x00000000c5000000, 0x00000000c5100000|  0%| F|  |TAMS 0x00000000c5000000, 0x00000000c5000000| Untracked 
|  61|0x00000000c5100000, 0x00000000c5100000, 0x00000000c5200000|  0%| F|  |TAMS 0x00000000c5100000, 0x00000000c5100000| Untracked 
|  62|0x00000000c5200000, 0x00000000c5200000, 0x00000000c5300000|  0%| F|  |TAMS 0x00000000c5200000, 0x00000000c5200000| Untracked 
|  63|0x00000000c5300000, 0x00000000c5385250, 0x00000000c5400000| 52%| E|  |TAMS 0x00000000c5300000, 0x00000000c5300000| Complete 

Card table byte_map: [0x0000028d4dcb0000,0x0000028d4deb0000] _byte_map_base: 0x0000028d4d6a6000

Marking Bits (Prev, Next): (CMBitMap*) 0x0000028d3961c6c0, (CMBitMap*) 0x0000028d3961c700
 Prev Bits: [0x0000028d4e0b0000, 0x0000028d4f060000)
 Next Bits: [0x0000028d4f060000, 0x0000028d50010000)

Polling page: 0x0000028d396c0000

Metaspace:

Usage:
  Non-class:     12.01 MB used.
      Class:      1.30 MB used.
       Both:     13.30 MB used.

Virtual space:
  Non-class space:       16.00 MB reserved,      12.06 MB ( 75%) committed,  2 nodes.
      Class space:        1.00 GB reserved,       1.44 MB ( <1%) committed,  1 nodes.
             Both:        1.02 GB reserved,      13.50 MB (  1%) committed. 

Chunk freelists:
   Non-Class:  3.00 MB
       Class:  2.61 MB
        Both:  5.61 MB

MaxMetaspaceSize: unlimited
CompressedClassSpaceSize: 1.00 GB
Initial GC threshold: 21.00 MB
Current GC threshold: 21.00 MB
CDS: off
MetaspaceReclaimPolicy: balanced
 - commit_granule_bytes: 65536.
 - commit_granule_words: 8192.
 - virtual_space_node_default_size: 1048576.
 - enlarge_chunks_in_place: 1.
 - new_chunks_are_fully_committed: 0.
 - uncommit_free_chunks: 1.
 - use_allocation_guard: 0.
 - handle_deallocations: 1.


Internal statistics:

num_allocs_failed_limit: 0.
num_arena_births: 118.
num_arena_deaths: 0.
num_vsnodes_births: 3.
num_vsnodes_deaths: 0.
num_space_committed: 216.
num_space_uncommitted: 0.
num_chunks_returned_to_freelist: 0.
num_chunks_taken_from_freelist: 190.
num_chunk_merges: 0.
num_chunk_splits: 95.
num_chunks_enlarged: 33.
num_purges: 0.
num_inconsistent_stats: 0.

CodeHeap 'non-profiled nmethods': size=120000Kb used=218Kb max_used=218Kb free=119781Kb
 bounds [0x0000028d45f60000, 0x0000028d461d0000, 0x0000028d4d490000]
CodeHeap 'profiled nmethods': size=120000Kb used=1332Kb max_used=1332Kb free=118668Kb
 bounds [0x0000028d3ea30000, 0x0000028d3eca0000, 0x0000028d45f60000]
CodeHeap 'non-nmethods': size=5760Kb used=1250Kb max_used=1264Kb free=4509Kb
 bounds [0x0000028d3e490000, 0x0000028d3e700000, 0x0000028d3ea30000]
 total_blobs=1405 nmethods=837 adapters=481
 compilation: enabled
              stopped_count=0, restarted_count=0
 full_count=0

Compilation events (20 events):
Event: 102.016 Thread 0x0000028d5263f9d0  829  s    3       sun.java2d.loops.GraphicsPrimitiveMgr::locatePrim (95 bytes)
Event: 102.017 Thread 0x0000028d5263f9d0 nmethod 829 0x0000028d3eb77410 code [0x0000028d3eb77620, 0x0000028d3eb77e68]
Event: 102.018 Thread 0x0000028d5263e840 nmethod 828 0x0000028d45f95f90 code [0x0000028d45f96120, 0x0000028d45f96338]
Event: 102.020 Thread 0x0000028d5263f9d0  830       3       java.awt.EventQueue::eventToCacheIndex (80 bytes)
Event: 102.020 Thread 0x0000028d5263f9d0 nmethod 830 0x0000028d3eb78210 code [0x0000028d3eb783e0, 0x0000028d3eb78998]
Event: 102.723 Thread 0x0000028d5263f9d0  831       3       sun.awt.SunToolkit::flushPendingEvents (19 bytes)
Event: 102.724 Thread 0x0000028d5263f9d0 nmethod 831 0x0000028d3eb78a90 code [0x0000028d3eb78c40, 0x0000028d3eb78ed8]
Event: 102.724 Thread 0x0000028d5263f9d0  832   !   3       sun.awt.PostEventQueue::flush (168 bytes)
Event: 102.726 Thread 0x0000028d5263f9d0 nmethod 832 0x0000028d3eb79010 code [0x0000028d3eb792c0, 0x0000028d3eb7a008]
Event: 105.603 Thread 0x0000028d5263f9d0  833       3       java.awt.Component::checkTreeLock (21 bytes)
Event: 105.604 Thread 0x0000028d5263f9d0 nmethod 833 0x0000028d3eb7a610 code [0x0000028d3eb7a7e0, 0x0000028d3eb7aa78]
Event: 105.669 Thread 0x0000028d5263f9d0  835       3       java.util.HashMap$EntryIterator::next (5 bytes)
Event: 105.669 Thread 0x0000028d5263f9d0 nmethod 835 0x0000028d3eb7ab90 code [0x0000028d3eb7ad40, 0x0000028d3eb7aec8]
Event: 105.670 Thread 0x0000028d5263f9d0  836       3       java.lang.ref.ReferenceQueue::reallyPoll (65 bytes)
Event: 105.670 Thread 0x0000028d5263f9d0 nmethod 836 0x0000028d3eb7af90 code [0x0000028d3eb7b160, 0x0000028d3eb7b678]
Event: 105.671 Thread 0x0000028d5263f9d0  837       3       jdk.internal.org.objectweb.asm.MethodWriter::<init> (232 bytes)
Event: 105.673 Thread 0x0000028d5263f9d0 nmethod 837 0x0000028d3eb7b790 code [0x0000028d3eb7ba20, 0x0000028d3eb7c798]
Event: 105.673 Thread 0x0000028d5263f9d0  838       3       jdk.internal.org.objectweb.asm.MethodWriter::hasFrames (13 bytes)
Event: 105.673 Thread 0x0000028d5263f9d0 nmethod 838 0x0000028d3eb7cc90 code [0x0000028d3eb7ce20, 0x0000028d3eb7cf98]
Event: 105.673 Thread 0x0000028d5263f9d0  839       3       jdk.internal.org.objectweb.asm.MethodWriter::putMethodInfo (1274 bytes)

GC Heap History (2 events):
Event: 101.577 GC heap before
{Heap before GC invocations=0 (full 0):
 garbage-first heap   total 65536K, used 38912K [0x00000000c1400000, 0x0000000100000000)
  region size 1024K, 13 young (13312K), 0 survivors (0K)
 Metaspace       used 13599K, committed 13824K, reserved 1064960K
  class space    used 1326K, committed 1472K, reserved 1048576K
}
Event: 101.994 GC heap after
{Heap after GC invocations=1 (full 0):
 garbage-first heap   total 65536K, used 29097K [0x00000000c1400000, 0x0000000100000000)
  region size 1024K, 2 young (2048K), 2 survivors (2048K)
 Metaspace       used 13599K, committed 13824K, reserved 1064960K
  class space    used 1326K, committed 1472K, reserved 1048576K
}

Deoptimization events (12 events):
Event: 1.121 Thread 0x0000028d535b5730 Uncommon trap: trap_request=0xffffff45 fr.pc=0x0000028d45f8469c relative=0x00000000000003fc
Event: 1.121 Thread 0x0000028d535b5730 Uncommon trap: reason=unstable_if action=reinterpret pc=0x0000028d45f8469c method=java.lang.StringLatin1.newString([BII)Ljava/lang/String; @ 1 c2
Event: 1.121 Thread 0x0000028d535b5730 DEOPT PACKING pc=0x0000028d45f8469c sp=0x000000f79a9fed70
Event: 1.121 Thread 0x0000028d535b5730 DEOPT UNPACKING pc=0x0000028d3e4e23a3 sp=0x000000f79a9fed50 mode 2
Event: 1.271 Thread 0x0000028d3959a050 Uncommon trap: trap_request=0xffffff45 fr.pc=0x0000028d45f820e8 relative=0x0000000000000368
Event: 1.271 Thread 0x0000028d3959a050 Uncommon trap: reason=unstable_if action=reinterpret pc=0x0000028d45f820e8 method=java.lang.StringUTF16.compress([CI[BII)I @ 20 c2
Event: 1.271 Thread 0x0000028d3959a050 DEOPT PACKING pc=0x0000028d45f820e8 sp=0x000000f7992fcd60
Event: 1.271 Thread 0x0000028d3959a050 DEOPT UNPACKING pc=0x0000028d3e4e23a3 sp=0x000000f7992fcce0 mode 2
Event: 1.414 Thread 0x0000028d536184b0 Uncommon trap: trap_request=0xffffff45 fr.pc=0x0000028d45f8d980 relative=0x0000000000000820
Event: 1.414 Thread 0x0000028d536184b0 Uncommon trap: reason=unstable_if action=reinterpret pc=0x0000028d45f8d980 method=java.util.HashMap.putVal(ILjava/lang/Object;Ljava/lang/Object;ZZ)Ljava/lang/Object; @ 181 c2
Event: 1.414 Thread 0x0000028d536184b0 DEOPT PACKING pc=0x0000028d45f8d980 sp=0x000000f79aafd0f0
Event: 1.414 Thread 0x0000028d536184b0 DEOPT UNPACKING pc=0x0000028d3e4e23a3 sp=0x000000f79aafd038 mode 2

Classes unloaded (0 events):
No events

Classes redefined (0 events):
No events

Internal exceptions (13 events):
Event: 0.379 Thread 0x0000028d3959a050 Exception <a 'java/lang/ClassNotFoundException'{0x00000000c5232858}: sun/awt/resources/spi/awtProvider> (0x00000000c5232858) 
thrown [e:\jenkins\tmp\workspace\build\src\src\hotspot\share\classfile\systemDictionary.cpp, line 256]
Event: 0.444 Thread 0x0000028d3959a050 Exception <a 'java/io/FileNotFoundException'{0x00000000c528d4b0}> (0x00000000c528d4b0) 
thrown [e:\jenkins\tmp\workspace\build\src\src\hotspot\share\prims\jni.cpp, line 516]
Event: 0.455 Thread 0x0000028d3959a050 Exception <a 'java/io/FileNotFoundException'{0x00000000c52ba450}> (0x00000000c52ba450) 
thrown [e:\jenkins\tmp\workspace\build\src\src\hotspot\share\prims\jni.cpp, line 516]
Event: 0.627 Thread 0x0000028d3959a050 Exception <a 'java/lang/NoSuchMethodError'{0x00000000c510c048}: 'java.lang.Object java.lang.invoke.DirectMethodHandle$Holder.invokeStaticInit(java.lang.Object)'> (0x00000000c510c048) 
thrown [e:\jenkins\tmp\workspace\build\src\src\hotspot\share\interpreter\linkResolver.cpp, line 766]
Event: 0.744 Thread 0x0000028d3959a050 Exception <a 'java/lang/NoSuchMethodError'{0x00000000c5198a90}: 'void java.lang.invoke.DirectMethodHandle$Holder.invokeSpecial(java.lang.Object, java.lang.Object, java.lang.Object)'> (0x00000000c5198a90) 
thrown [e:\jenkins\tmp\workspace\build\src\src\hotspot\share\interpreter\linkResolver.cpp, line 766]
Event: 0.775 Thread 0x0000028d3959a050 Exception <a 'java/lang/NoSuchMethodError'{0x00000000c51c2d40}: 'java.lang.Object java.lang.invoke.DirectMethodHandle$Holder.newInvokeSpecial(java.lang.Object, java.lang.Object, java.lang.Object, java.lang.Object, java.lang.Object)'> (0x00000000c51c2d40) 
thrown [e:\jenkins\tmp\workspace\build\src\src\hotspot\share\interpreter\linkResolver.cpp, line 766]
Event: 0.781 Thread 0x0000028d3959a050 Exception <a 'java/lang/NoSuchMethodError'{0x00000000c51ce9b0}: 'java.lang.Object java.lang.invoke.DirectMethodHandle$Holder.invokeStatic(java.lang.Object, int, java.lang.Object, java.lang.Object, java.lang.Object, java.lang.Object)'> (0x00000000c51ce9b0) 
thrown [e:\jenkins\tmp\workspace\build\src\src\hotspot\share\interpreter\linkResolver.cpp, line 766]
Event: 0.795 Thread 0x0000028d3959a050 Exception <a 'java/lang/NoSuchMethodError'{0x00000000c51f4170}: 'java.lang.Object java.lang.invoke.DirectMethodHandle$Holder.invokeStatic(java.lang.Object, int, java.lang.Object)'> (0x00000000c51f4170) 
thrown [e:\jenkins\tmp\workspace\build\src\src\hotspot\share\interpreter\linkResolver.cpp, line 766]
Event: 0.886 Thread 0x0000028d3959a050 Exception <a 'java/lang/ClassNotFoundException'{0x00000000c50ac250}: com/sun/swing/internal/plaf/metal/resources/spi/metalProvider> (0x00000000c50ac250) 
thrown [e:\jenkins\tmp\workspace\build\src\src\hotspot\share\classfile\systemDictionary.cpp, line 256]
Event: 0.889 Thread 0x0000028d3959a050 Exception <a 'java/lang/ClassNotFoundException'{0x00000000c50b0128}: com/sun/swing/internal/plaf/basic/resources/spi/basicProvider> (0x00000000c50b0128) 
thrown [e:\jenkins\tmp\workspace\build\src\src\hotspot\share\classfile\systemDictionary.cpp, line 256]
Event: 1.129 Thread 0x0000028d535b5730 Exception <a 'java/lang/NoSuchMethodError'{0x00000000c4ea3170}: 'java.lang.Object java.lang.invoke.DirectMethodHandle$Holder.newInvokeSpecial(java.lang.Object, java.lang.Object, java.lang.Object, int, int, int, int, int)'> (0x00000000c4ea3170) 
thrown [e:\jenkins\tmp\workspace\build\src\src\hotspot\share\interpreter\linkResolver.cpp, line 766]
Event: 1.217 Thread 0x0000028d533f2af0 Exception <a 'java/lang/NoSuchMethodError'{0x00000000c5153218}: 'void java.lang.invoke.DirectMethodHandle$Holder.invokeVirtual(java.lang.Object, java.lang.Object)'> (0x00000000c5153218) 
thrown [e:\jenkins\tmp\workspace\build\src\src\hotspot\share\interpreter\linkResolver.cpp, line 766]
Event: 1.243 Thread 0x0000028d3959a050 Exception <a 'java/lang/NoSuchMethodError'{0x00000000c50ef680}: 'void java.lang.invoke.DirectMethodHandle$Holder.invokeStaticInit(java.lang.Object)'> (0x00000000c50ef680) 
thrown [e:\jenkins\tmp\workspace\build\src\src\hotspot\share\interpreter\linkResolver.cpp, line 766]

VM Operations (18 events):
Event: 0.886 Executing VM operation: HandshakeAllThreads
Event: 0.886 Executing VM operation: HandshakeAllThreads done
Event: 1.228 Executing VM operation: HandshakeAllThreads
Event: 1.228 Executing VM operation: HandshakeAllThreads done
Event: 1.228 Executing VM operation: Cleanup
Event: 1.228 Executing VM operation: Cleanup done
Event: 1.289 Executing VM operation: HandshakeAllThreads
Event: 1.289 Executing VM operation: HandshakeAllThreads done
Event: 1.359 Executing VM operation: HandshakeAllThreads
Event: 1.359 Executing VM operation: HandshakeAllThreads done
Event: 1.395 Executing VM operation: HandshakeAllThreads
Event: 1.395 Executing VM operation: HandshakeAllThreads done
Event: 2.405 Executing VM operation: Cleanup
Event: 2.405 Executing VM operation: Cleanup done
Event: 3.416 Executing VM operation: Cleanup
Event: 3.416 Executing VM operation: Cleanup done
Event: 101.577 Executing VM operation: G1TryInitiateConcMark
Event: 101.994 Executing VM operation: G1TryInitiateConcMark done

Events (20 events):
Event: 1.504 loading class java/util/concurrent/ForkJoinPool$DefaultCommonPoolForkJoinWorkerThreadFactory done
Event: 1.505 loading class java/util/concurrent/ForkJoinPool$WorkQueue
Event: 1.505 loading class java/util/concurrent/ForkJoinPool$WorkQueue done
Event: 1.505 loading class java/util/concurrent/ForkJoinWorkerThread
Event: 1.505 loading class java/util/concurrent/ForkJoinWorkerThread done
Event: 3.133 loading class java/applet/Applet
Event: 3.134 loading class java/awt/Panel
Event: 3.135 loading class java/awt/Panel done
Event: 3.135 loading class java/applet/Applet done
Event: 6.201 Thread 0x0000028d535b5730 Thread exited: 0x0000028d535b5730
Event: 6.742 loading class java/awt/KeyboardFocusManager$2
Event: 6.742 loading class java/awt/KeyboardFocusManager$2 done
Event: 6.742 loading class sun/awt/SunToolkit$1
Event: 6.742 loading class sun/awt/SunToolkit$1 done
Event: 101.568 loading class java/util/WeakHashMap$KeyIterator
Event: 101.569 loading class java/util/WeakHashMap$HashIterator
Event: 101.569 loading class java/util/WeakHashMap$HashIterator done
Event: 101.569 loading class java/util/WeakHashMap$KeyIterator done
Event: 101.569 loading class javax/swing/RepaintManager$DisplayChangedRunnable
Event: 101.569 loading class javax/swing/RepaintManager$DisplayChangedRunnable done


Dynamic libraries:
0x00007ff78cd80000 - 0x00007ff78cd8e000 	C:\Users\HP\Downloads\eclipse-jee-2022-06-R-win32-x86_64\eclipse\plugins\org.eclipse.justj.openjdk.hotspot.jre.full.win32.x86_64_17.0.3.v20220515-1416\jre\bin\javaw.exe
0x00007ff883370000 - 0x00007ff883568000 	C:\Windows\SYSTEM32\ntdll.dll
0x00007ff882620000 - 0x00007ff8826df000 	C:\Windows\System32\KERNEL32.DLL
0x00007ff880b00000 - 0x00007ff880dd2000 	C:\Windows\System32\KERNELBASE.dll
0x00007ff881240000 - 0x00007ff881340000 	C:\Windows\System32\ucrtbase.dll
0x00007ff87bcd0000 - 0x00007ff87bce8000 	C:\Users\HP\Downloads\eclipse-jee-2022-06-R-win32-x86_64\eclipse\plugins\org.eclipse.justj.openjdk.hotspot.jre.full.win32.x86_64_17.0.3.v20220515-1416\jre\bin\jli.dll
0x00007ff882470000 - 0x00007ff882611000 	C:\Windows\System32\USER32.dll
0x00007ff880e10000 - 0x00007ff880e32000 	C:\Windows\System32\win32u.dll
0x00007ff8817e0000 - 0x00007ff88180b000 	C:\Windows\System32\GDI32.dll
0x00007ff880e40000 - 0x00007ff880f4f000 	C:\Windows\System32\gdi32full.dll
0x00007ff880a60000 - 0x00007ff880afd000 	C:\Windows\System32\msvcp_win.dll
0x00007ff87bcf0000 - 0x00007ff87bd09000 	C:\Users\HP\Downloads\eclipse-jee-2022-06-R-win32-x86_64\eclipse\plugins\org.eclipse.justj.openjdk.hotspot.jre.full.win32.x86_64_17.0.3.v20220515-1416\jre\bin\VCRUNTIME140.dll
0x00007ff86c2b0000 - 0x00007ff86c54a000 	C:\Windows\WinSxS\amd64_microsoft.windows.common-controls_6595b64144ccf1df_6.0.19041.1110_none_60b5254171f9507e\COMCTL32.dll
0x00007ff8813b0000 - 0x00007ff88144e000 	C:\Windows\System32\msvcrt.dll
0x00007ff883190000 - 0x00007ff8831c2000 	C:\Windows\System32\IMM32.DLL
0x00007ff87bcc0000 - 0x00007ff87bccc000 	C:\Users\HP\Downloads\eclipse-jee-2022-06-R-win32-x86_64\eclipse\plugins\org.eclipse.justj.openjdk.hotspot.jre.full.win32.x86_64_17.0.3.v20220515-1416\jre\bin\vcruntime140_1.dll
0x00007ff87bc20000 - 0x00007ff87bcb1000 	C:\Users\HP\Downloads\eclipse-jee-2022-06-R-win32-x86_64\eclipse\plugins\org.eclipse.justj.openjdk.hotspot.jre.full.win32.x86_64_17.0.3.v20220515-1416\jre\bin\msvcp140.dll
0x00007ff81e6c0000 - 0x00007ff81f308000 	C:\Users\HP\Downloads\eclipse-jee-2022-06-R-win32-x86_64\eclipse\plugins\org.eclipse.justj.openjdk.hotspot.jre.full.win32.x86_64_17.0.3.v20220515-1416\jre\bin\server\jvm.dll
0x00007ff882140000 - 0x00007ff8821ee000 	C:\Windows\System32\ADVAPI32.dll
0x00007ff881740000 - 0x00007ff8817dc000 	C:\Windows\System32\sechost.dll
0x00007ff883060000 - 0x00007ff883185000 	C:\Windows\System32\RPCRT4.dll
0x00007ff8816d0000 - 0x00007ff8816d8000 	C:\Windows\System32\PSAPI.DLL
0x00007ff87e190000 - 0x00007ff87e199000 	C:\Windows\SYSTEM32\WSOCK32.dll
0x00007ff882380000 - 0x00007ff8823eb000 	C:\Windows\System32\WS2_32.dll
0x00007ff862ff0000 - 0x00007ff863017000 	C:\Windows\SYSTEM32\WINMM.dll
0x00007ff87afa0000 - 0x00007ff87afaa000 	C:\Windows\SYSTEM32\VERSION.dll
0x00007ff87e920000 - 0x00007ff87e932000 	C:\Windows\SYSTEM32\kernel.appcore.dll
0x00007ff87bb90000 - 0x00007ff87bb9a000 	C:\Users\HP\Downloads\eclipse-jee-2022-06-R-win32-x86_64\eclipse\plugins\org.eclipse.justj.openjdk.hotspot.jre.full.win32.x86_64_17.0.3.v20220515-1416\jre\bin\jimage.dll
0x00007ff86c620000 - 0x00007ff86c804000 	C:\Windows\SYSTEM32\DBGHELP.DLL
0x00007ff86c5b0000 - 0x00007ff86c5e5000 	C:\Windows\SYSTEM32\dbgcore.DLL
0x00007ff880f50000 - 0x00007ff880fd2000 	C:\Windows\System32\bcryptPrimitives.dll
0x00007ff8575b0000 - 0x00007ff8575d5000 	C:\Users\HP\Downloads\eclipse-jee-2022-06-R-win32-x86_64\eclipse\plugins\org.eclipse.justj.openjdk.hotspot.jre.full.win32.x86_64_17.0.3.v20220515-1416\jre\bin\java.dll
0x00007ff86fe60000 - 0x00007ff86fe78000 	C:\Users\HP\Downloads\eclipse-jee-2022-06-R-win32-x86_64\eclipse\plugins\org.eclipse.justj.openjdk.hotspot.jre.full.win32.x86_64_17.0.3.v20220515-1416\jre\bin\zip.dll
0x00007ff8826e0000 - 0x00007ff882e24000 	C:\Windows\System32\SHELL32.dll
0x00007ff87eb20000 - 0x00007ff87f2b2000 	C:\Windows\SYSTEM32\windows.storage.dll
0x00007ff881d30000 - 0x00007ff882085000 	C:\Windows\System32\combase.dll
0x00007ff8803e0000 - 0x00007ff880410000 	C:\Windows\SYSTEM32\Wldp.dll
0x00007ff881c80000 - 0x00007ff881d2d000 	C:\Windows\System32\SHCORE.dll
0x00007ff8816e0000 - 0x00007ff881735000 	C:\Windows\System32\shlwapi.dll
0x00007ff8809a0000 - 0x00007ff8809bf000 	C:\Windows\SYSTEM32\profapi.dll
0x00007ff87ba00000 - 0x00007ff87bb8e000 	C:\Users\HP\Downloads\eclipse-jee-2022-06-R-win32-x86_64\eclipse\plugins\org.eclipse.justj.openjdk.hotspot.jre.full.win32.x86_64_17.0.3.v20220515-1416\jre\bin\awt.dll
0x00007ff881600000 - 0x00007ff8816cd000 	C:\Windows\System32\OLEAUT32.dll
0x00007ff87e2a0000 - 0x00007ff87e331000 	C:\Windows\SYSTEM32\apphelp.dll
0x00007ff87e630000 - 0x00007ff87e65f000 	C:\Windows\system32\DWMAPI.DLL
0x00007ff87e450000 - 0x00007ff87e4ee000 	C:\Windows\system32\uxtheme.dll
0x00007ff860ad0000 - 0x00007ff860bf5000 	C:\Windows\system32\opengl32.dll
0x00007ff860aa0000 - 0x00007ff860acc000 	C:\Windows\SYSTEM32\GLU32.dll
0x00007ff882eb0000 - 0x00007ff882fc5000 	C:\Windows\System32\MSCTF.dll
0x00007ff882250000 - 0x00007ff88237a000 	C:\Windows\System32\ole32.dll
0x00007ff878bf0000 - 0x00007ff878c1d000 	C:\Users\HP\Downloads\eclipse-jee-2022-06-R-win32-x86_64\eclipse\plugins\org.eclipse.justj.openjdk.hotspot.jre.full.win32.x86_64_17.0.3.v20220515-1416\jre\bin\javajpeg.dll
0x00007ff87b6b0000 - 0x00007ff87b739000 	C:\Users\HP\Downloads\eclipse-jee-2022-06-R-win32-x86_64\eclipse\plugins\org.eclipse.justj.openjdk.hotspot.jre.full.win32.x86_64_17.0.3.v20220515-1416\jre\bin\freetype.dll
0x00007ff87aed0000 - 0x00007ff87af78000 	C:\Users\HP\Downloads\eclipse-jee-2022-06-R-win32-x86_64\eclipse\plugins\org.eclipse.justj.openjdk.hotspot.jre.full.win32.x86_64_17.0.3.v20220515-1416\jre\bin\fontmanager.dll
0x00007ff878490000 - 0x00007ff878589000 	C:\Windows\SYSTEM32\textinputframework.dll
0x00007ff87dd00000 - 0x00007ff87e05e000 	C:\Windows\System32\CoreUIComponents.dll
0x00007ff87e060000 - 0x00007ff87e152000 	C:\Windows\System32\CoreMessaging.dll
0x00007ff87fba0000 - 0x00007ff87fbd3000 	C:\Windows\SYSTEM32\ntmarta.dll
0x00007ff87daa0000 - 0x00007ff87dbf4000 	C:\Windows\SYSTEM32\wintypes.dll
0x00007ff8684a0000 - 0x00007ff8684b9000 	C:\Users\HP\Downloads\eclipse-jee-2022-06-R-win32-x86_64\eclipse\plugins\org.eclipse.justj.openjdk.hotspot.jre.full.win32.x86_64_17.0.3.v20220515-1416\jre\bin\net.dll
0x00007ff879010000 - 0x00007ff87911c000 	C:\Windows\SYSTEM32\WINHTTP.dll
0x00007ff880140000 - 0x00007ff8801aa000 	C:\Windows\system32\mswsock.dll
0x00007ff859650000 - 0x00007ff859665000 	C:\Users\HP\Downloads\eclipse-jee-2022-06-R-win32-x86_64\eclipse\plugins\org.eclipse.justj.openjdk.hotspot.jre.full.win32.x86_64_17.0.3.v20220515-1416\jre\bin\nio.dll
0x00007ff86e290000 - 0x00007ff86e33c000 	C:\Windows\SYSTEM32\TextShaping.dll

dbghelp: loaded successfully - version: 4.0.5 - missing functions: none
symbol engine: initialized successfully - sym options: 0x614 - pdb path: .;C:\Users\HP\Downloads\eclipse-jee-2022-06-R-win32-x86_64\eclipse\plugins\org.eclipse.justj.openjdk.hotspot.jre.full.win32.x86_64_17.0.3.v20220515-1416\jre\bin;C:\Windows\SYSTEM32;C:\Windows\WinSxS\amd64_microsoft.windows.common-controls_6595b64144ccf1df_6.0.19041.1110_none_60b5254171f9507e;C:\Users\HP\Downloads\eclipse-jee-2022-06-R-win32-x86_64\eclipse\plugins\org.eclipse.justj.openjdk.hotspot.jre.full.win32.x86_64_17.0.3.v20220515-1416\jre\bin\server

VM Arguments:
jvm_args: -Dfile.encoding=UTF-8 -XX:+ShowCodeDetailsInExceptionMessages 
java_command: com.quizapplication.Quiz1
java_class_path (initial): C:\Users\HP\Desktop\JavaProjectsEclipse\JDBCProject\Quiz Application\bin
Launcher Type: SUN_STANDARD

[Global flags]
     intx CICompilerCount                          = 3                                         {product} {ergonomic}
     uint ConcGCThreads                            = 1                                         {product} {ergonomic}
     uint G1ConcRefinementThreads                  = 4                                         {product} {ergonomic}
   size_t G1HeapRegionSize                         = 1048576                                   {product} {ergonomic}
    uintx GCDrainStackTargetSize                   = 64                                        {product} {ergonomic}
   size_t InitialHeapSize                          = 67108864                                  {product} {ergonomic}
   size_t MarkStackSize                            = 4194304                                   {product} {ergonomic}
   size_t MaxHeapSize                              = 1052770304                                {product} {ergonomic}
   size_t MaxNewSize                               = 631242752                                 {product} {ergonomic}
   size_t MinHeapDeltaBytes                        = 1048576                                   {product} {ergonomic}
   size_t MinHeapSize                              = 8388608                                   {product} {ergonomic}
    uintx NonNMethodCodeHeapSize                   = 5832780                                {pd product} {ergonomic}
    uintx NonProfiledCodeHeapSize                  = 122912730                              {pd product} {ergonomic}
    uintx ProfiledCodeHeapSize                     = 122912730                              {pd product} {ergonomic}
    uintx ReservedCodeCacheSize                    = 251658240                              {pd product} {ergonomic}
     bool SegmentedCodeCache                       = true                                      {product} {ergonomic}
     bool ShowCodeDetailsInExceptionMessages       = true                                   {manageable} {command line}
   size_t SoftMaxHeapSize                          = 1052770304                             {manageable} {ergonomic}
     bool UseCompressedClassPointers               = true                           {product lp64_product} {ergonomic}
     bool UseCompressedOops                        = true                           {product lp64_product} {ergonomic}
     bool UseG1GC                                  = true                                      {product} {ergonomic}
     bool UseLargePagesIndividualAllocation        = false                                  {pd product} {ergonomic}

Logging:
Log output configuration:
 #0: stdout all=warning uptime,level,tags
 #1: stderr all=off uptime,level,tags

Environment Variables:
PATH=C:/Users/HP/Downloads/eclipse-jee-2022-06-R-win32-x86_64/eclipse//plugins/org.eclipse.justj.openjdk.hotspot.jre.full.win32.x86_64_17.0.3.v20220515-1416/jre/bin/server;C:/Users/HP/Downloads/eclipse-jee-2022-06-R-win32-x86_64/eclipse//plugins/org.eclipse.justj.openjdk.hotspot.jre.full.win32.x86_64_17.0.3.v20220515-1416/jre/bin;C:\Python310\Scripts\;C:\Python310\;D:\oracle\product\10.2.0\db_4\bin;C:\Program Files\Common Files\Oracle\Java\javapath;D:\oracle\product\10.2.0\db_2\bin;D:\oracle\product\10.2.0\db_1\bin;C:\Windows\system32;C:\Windows;C:\Windows\System32\Wbem;C:\Windows\System32\WindowsPowerShell\v1.0\;C:\Windows\System32\OpenSSH\;C:\Program Files\nodejs\;C:\ProgramData\chocolatey\bin;C:\Program Files\MySQL\MySQL Server 8.0\bin;C:\Program Files\MySQL\MySQL Shell 8.0\bin\;C:\Users\HP\AppData\Local\Microsoft\WindowsApps;C:\Users\HP\AppData\Local\Programs\Microsoft VS Code\bin;C:\Program Files\JetBrains\IntelliJ IDEA Community Edition 2022.2.1\bin;;C:\Users\HP\AppData\Roaming\npm;C:\MinGW\bin;;C:\Users\HP\Downloads\eclipse-jee-2022-06-R-win32-x86_64\eclipse;
USERNAME=HP
OS=Windows_NT
PROCESSOR_IDENTIFIER=Intel64 Family 6 Model 78 Stepping 3, GenuineIntel



---------------  S Y S T E M  ---------------

OS:
 Windows 10 , 64 bit Build 19041 (10.0.19041.2364)
OS uptime: 0 days 2:19 hours

CPU: total 4 (initial active 4) (2 cores per cpu, 2 threads per core) family 6 model 78 stepping 3 microcode 0xcc, cx8, cmov, fxsr, ht, mmx, 3dnowpref, sse, sse2, sse3, ssse3, sse4.1, sse4.2, popcnt, lzcnt, tsc, tscinvbit, avx, avx2, aes, erms, clmul, bmi1, bmi2, adx, fma, vzeroupper, clflush, clflushopt

Memory: 4k page, system-wide physical 4012M (265M free)
TotalPageFile size 16300M (AvailPageFile size 9M)
current process WorkingSet (physical memory assigned to process): 112M, peak: 112M
current process commit charge ("private bytes"): 156M, peak: 156M

vm_info: OpenJDK 64-Bit Server VM (17.0.3+7) for windows-amd64 JRE (17.0.3+7), built on Apr 19 2022 16:55:35 by "" with MS VC++ 16.7 (VS2019)

END.
