#
# There is insufficient memory for the Java Runtime Environment to continue.
# Native memory allocation (malloc) failed to allocate 32744 bytes for ChunkPool::allocate
# Possible reasons:
#   The system is out of physical RAM or swap space
#   The process is running with CompressedOops enabled, and the Java Heap may be blocking the growth of the native heap
# Possible solutions:
#   Reduce memory load on the system
#   Increase physical memory or swap space
#   Check if swap backing store is full
#   Decrease Java heap size (-Xmx/-Xms)
#   Decrease number of Java threads
#   Decrease Java thread stack sizes (-Xss)
#   Set larger code cache with -XX:ReservedCodeCacheSize=
#   JVM is running with Unscaled Compressed Oops mode in which the Java heap is
#     placed in the first 4GB address space. The Java Heap base address is the
#     maximum limit for the native heap growth. Please use -XX:HeapBaseMinAddress
#     to set the Java Heap base and to place the Java Heap above 4GB virtual address.
# This output file may be truncated or incomplete.
#
#  Out of Memory Error (arena.cpp:78), pid=14984, tid=17396
#
# JRE version: OpenJDK Runtime Environment Temurin-17.0.3+7 (17.0.3+7) (build 17.0.3+7)
# Java VM: OpenJDK 64-Bit Server VM Temurin-17.0.3+7 (17.0.3+7, mixed mode, tiered, compressed oops, compressed class ptrs, g1 gc, windows-amd64)
# No core dump will be written. Minidumps are not enabled by default on client versions of Windows
#

---------------  S U M M A R Y ------------

Command Line: -Dfile.encoding=UTF-8 -XX:+ShowCodeDetailsInExceptionMessages com.quizapplication.Quiz1

Host: Intel(R) Core(TM) i3-6006U CPU @ 2.00GHz, 4 cores, 3G,  Windows 10 , 64 bit Build 19041 (10.0.19041.2364)
Time: Sat Feb 11 23:44:35 2023 India Standard Time elapsed time: 39.258266 seconds (0d 0h 0m 39s)

---------------  T H R E A D  ---------------

Current thread (0x000001f67c644e20):  JavaThread "C1 CompilerThread0" daemon [_thread_in_native, id=17396, stack(0x0000002e4e500000,0x0000002e4e600000)]


Current CompileTask:
C1:  39258  848       3       jdk.internal.org.objectweb.asm.MethodWriter::computeMethodInfoSize (571 bytes)

Stack: [0x0000002e4e500000,0x0000002e4e600000]
Native frames: (J=compiled Java code, j=interpreted, Vv=VM code, C=native code)
V  [jvm.dll+0x675efa]
V  [jvm.dll+0x830a24]
V  [jvm.dll+0x8321ce]
V  [jvm.dll+0x832833]
V  [jvm.dll+0x2454b5]
V  [jvm.dll+0xabfc0]
V  [jvm.dll+0xac30c]
V  [jvm.dll+0x1791af]
V  [jvm.dll+0x17917d]
V  [jvm.dll+0x17917d]
V  [jvm.dll+0x1774c4]
V  [jvm.dll+0x17778a]
V  [jvm.dll+0x17a8c3]
V  [jvm.dll+0x134743]
V  [jvm.dll+0x13403f]
V  [jvm.dll+0x134276]
V  [jvm.dll+0x13370a]
V  [jvm.dll+0x1353d1]
V  [jvm.dll+0x227178]
V  [jvm.dll+0x2252bc]
V  [jvm.dll+0x7e673b]
V  [jvm.dll+0x7e0cfa]
V  [jvm.dll+0x674d85]
C  [ucrtbase.dll+0x21bb2]
C  [KERNEL32.DLL+0x17614]
C  [ntdll.dll+0x526a1]


---------------  P R O C E S S  ---------------

Threads class SMR info:
_java_thread_list=0x000001f67d6b0f70, length=16, elements={
0x000001f67c5dae20, 0x000001f67c5db860, 0x000001f67c622140, 0x000001f67c624a10,
0x000001f67c637010, 0x000001f67c63f8e0, 0x000001f67c643b70, 0x000001f67c644e20,
0x000001f67c656fe0, 0x000001f67d11f110, 0x000001f67d142010, 0x000001f67d3f7300,
0x000001f67d586af0, 0x000001f67d599160, 0x000001f67d65ce00, 0x000001f6635ee520
}

Java Threads: ( => current thread )
  0x000001f67c5dae20 JavaThread "Reference Handler" daemon [_thread_blocked, id=9728, stack(0x0000002e4de00000,0x0000002e4df00000)]
  0x000001f67c5db860 JavaThread "Finalizer" daemon [_thread_blocked, id=14416, stack(0x0000002e4df00000,0x0000002e4e000000)]
  0x000001f67c622140 JavaThread "Signal Dispatcher" daemon [_thread_blocked, id=10952, stack(0x0000002e4e000000,0x0000002e4e100000)]
  0x000001f67c624a10 JavaThread "Attach Listener" daemon [_thread_blocked, id=5536, stack(0x0000002e4e100000,0x0000002e4e200000)]
  0x000001f67c637010 JavaThread "Service Thread" daemon [_thread_blocked, id=17392, stack(0x0000002e4e200000,0x0000002e4e300000)]
  0x000001f67c63f8e0 JavaThread "Monitor Deflation Thread" daemon [_thread_blocked, id=15964, stack(0x0000002e4e300000,0x0000002e4e400000)]
  0x000001f67c643b70 JavaThread "C2 CompilerThread0" daemon [_thread_blocked, id=15880, stack(0x0000002e4e400000,0x0000002e4e500000)]
=>0x000001f67c644e20 JavaThread "C1 CompilerThread0" daemon [_thread_in_native, id=17396, stack(0x0000002e4e500000,0x0000002e4e600000)]
  0x000001f67c656fe0 JavaThread "Sweeper thread" daemon [_thread_blocked, id=16932, stack(0x0000002e4e600000,0x0000002e4e700000)]
  0x000001f67d11f110 JavaThread "Notification Thread" daemon [_thread_blocked, id=9900, stack(0x0000002e4e700000,0x0000002e4e800000)]
  0x000001f67d142010 JavaThread "Common-Cleaner" daemon [_thread_blocked, id=17096, stack(0x0000002e4e900000,0x0000002e4ea00000)]
  0x000001f67d3f7300 JavaThread "Java2D Disposer" daemon [_thread_blocked, id=14628, stack(0x0000002e4ea00000,0x0000002e4eb00000)]
  0x000001f67d586af0 JavaThread "AWT-Shutdown" [_thread_blocked, id=10944, stack(0x0000002e4eb00000,0x0000002e4ec00000)]
  0x000001f67d599160 JavaThread "AWT-Windows" daemon [_thread_in_native, id=15136, stack(0x0000002e4ec00000,0x0000002e4ed00000)]
  0x000001f67d65ce00 JavaThread "AWT-EventQueue-0" [_thread_blocked, id=16788, stack(0x0000002e4ee00000,0x0000002e4ef00000)]
  0x000001f6635ee520 JavaThread "DestroyJavaVM" [_thread_blocked, id=16996, stack(0x0000002e4d700000,0x0000002e4d800000)]

Other Threads:
  0x000001f67c5f7730 VMThread "VM Thread" [stack: 0x0000002e4dd00000,0x0000002e4de00000] [id=15484]
  0x000001f67d11fe00 WatcherThread [stack: 0x0000002e4e800000,0x0000002e4e900000] [id=9852]
  0x000001f66362a9e0 GCTaskThread "GC Thread#0" [stack: 0x0000002e4d800000,0x0000002e4d900000] [id=15000]
  0x000001f67d6a7640 GCTaskThread "GC Thread#1" [stack: 0x0000002e4f100000,0x0000002e4f200000] [id=16796]
  0x000001f67d781770 GCTaskThread "GC Thread#2" [stack: 0x0000002e4f200000,0x0000002e4f300000] [id=12264]
  0x000001f67d781a20 GCTaskThread "GC Thread#3" [stack: 0x0000002e4f300000,0x0000002e4f400000] [id=14456]
  0x000001f663634cf0 ConcurrentGCThread "G1 Main Marker" [stack: 0x0000002e4d900000,0x0000002e4da00000] [id=16832]
  0x000001f66363ab10 ConcurrentGCThread "G1 Conc#0" [stack: 0x0000002e4da00000,0x0000002e4db00000] [id=7112]
  0x000001f663687b40 ConcurrentGCThread "G1 Refine#0" [stack: 0x0000002e4db00000,0x0000002e4dc00000] [id=2768]
  0x000001f663688400 ConcurrentGCThread "G1 Service" [stack: 0x0000002e4dc00000,0x0000002e4dd00000] [id=13324]

Threads with active compile tasks:
C1 CompilerThread0    39418  848       3       jdk.internal.org.objectweb.asm.MethodWriter::computeMethodInfoSize (571 bytes)

VM state: not at safepoint (normal execution)

VM Mutex/Monitor currently owned by a thread: None

Heap address: 0x00000000c1400000, size: 1004 MB, Compressed Oops mode: 32-bit

CDS archive(s) not mapped
Compressed class space mapped at: 0x0000000100000000-0x0000000140000000, reserved size: 1073741824
Narrow klass base: 0x0000000000000000, Narrow klass shift: 3, Narrow klass range: 0x140000000

GC Precious Log:
 CPUs: 4 total, 4 available
 Memory: 4012M
 Large Page Support: Disabled
 NUMA Support: Disabled
 Compressed Oops: Enabled (32-bit)
 Heap Region Size: 1M
 Heap Min Capacity: 8M
 Heap Initial Capacity: 64M
 Heap Max Capacity: 1004M
 Pre-touch: Disabled
 Parallel Workers: 4
 Concurrent Workers: 1
 Concurrent Refinement Workers: 4
 Periodic GC: Disabled

Heap:
 garbage-first heap   total 65536K, used 46508K [0x00000000c1400000, 0x0000000100000000)
  region size 1024K, 3 young (3072K), 2 survivors (2048K)
 Metaspace       used 13599K, committed 13824K, reserved 1064960K
  class space    used 1326K, committed 1472K, reserved 1048576K

Heap Regions: E=young(eden), S=young(survivor), O=old, HS=humongous(starts), HC=humongous(continues), CS=collection set, F=free, OA=open archive, CA=closed archive, TAMS=top-at-mark-start (previous, next)
|   0|0x00000000c1400000, 0x00000000c1500000, 0x00000000c1500000|100%|HS|  |TAMS 0x00000000c1500000, 0x00000000c1400000| Complete 
|   1|0x00000000c1500000, 0x00000000c1600000, 0x00000000c1600000|100%|HC|  |TAMS 0x00000000c1600000, 0x00000000c1500000| Complete 
|   2|0x00000000c1600000, 0x00000000c1700000, 0x00000000c1700000|100%|HC|  |TAMS 0x00000000c1700000, 0x00000000c1600000| Complete 
|   3|0x00000000c1700000, 0x00000000c1800000, 0x00000000c1800000|100%|HC|  |TAMS 0x00000000c1800000, 0x00000000c1700000| Complete 
|   4|0x00000000c1800000, 0x00000000c1900000, 0x00000000c1900000|100%|HC|  |TAMS 0x00000000c1900000, 0x00000000c1800000| Complete 
|   5|0x00000000c1900000, 0x00000000c1a00000, 0x00000000c1a00000|100%|HC|  |TAMS 0x00000000c1a00000, 0x00000000c1900000| Complete 
|   6|0x00000000c1a00000, 0x00000000c1b00000, 0x00000000c1b00000|100%|HS|  |TAMS 0x00000000c1b00000, 0x00000000c1a00000| Complete 
|   7|0x00000000c1b00000, 0x00000000c1c00000, 0x00000000c1c00000|100%|HC|  |TAMS 0x00000000c1c00000, 0x00000000c1b00000| Complete 
|   8|0x00000000c1c00000, 0x00000000c1d00000, 0x00000000c1d00000|100%|HC|  |TAMS 0x00000000c1d00000, 0x00000000c1c00000| Complete 
|   9|0x00000000c1d00000, 0x00000000c1e00000, 0x00000000c1e00000|100%|HC|  |TAMS 0x00000000c1e00000, 0x00000000c1d00000| Complete 
|  10|0x00000000c1e00000, 0x00000000c1f00000, 0x00000000c1f00000|100%|HC|  |TAMS 0x00000000c1f00000, 0x00000000c1e00000| Complete 
|  11|0x00000000c1f00000, 0x00000000c2000000, 0x00000000c2000000|100%|HC|  |TAMS 0x00000000c2000000, 0x00000000c1f00000| Complete 
|  12|0x00000000c2000000, 0x00000000c2100000, 0x00000000c2100000|100%|HC|  |TAMS 0x00000000c2100000, 0x00000000c2000000| Complete 
|  13|0x00000000c2100000, 0x00000000c2200000, 0x00000000c2200000|100%|HS|  |TAMS 0x00000000c2200000, 0x00000000c2100000| Complete 
|  14|0x00000000c2200000, 0x00000000c2300000, 0x00000000c2300000|100%|HC|  |TAMS 0x00000000c2300000, 0x00000000c2200000| Complete 
|  15|0x00000000c2300000, 0x00000000c2400000, 0x00000000c2400000|100%|HC|  |TAMS 0x00000000c2400000, 0x00000000c2300000| Complete 
|  16|0x00000000c2400000, 0x00000000c2500000, 0x00000000c2500000|100%|HC|  |TAMS 0x00000000c2500000, 0x00000000c2400000| Complete 
|  17|0x00000000c2500000, 0x00000000c2600000, 0x00000000c2600000|100%|HC|  |TAMS 0x00000000c2600000, 0x00000000c2500000| Complete 
|  18|0x00000000c2600000, 0x00000000c2700000, 0x00000000c2700000|100%|HC|  |TAMS 0x00000000c2700000, 0x00000000c2600000| Complete 
|  19|0x00000000c2700000, 0x00000000c2800000, 0x00000000c2800000|100%|HC|  |TAMS 0x00000000c2800000, 0x00000000c2700000| Complete 
|  20|0x00000000c2800000, 0x00000000c2900000, 0x00000000c2900000|100%|HC|  |TAMS 0x00000000c2900000, 0x00000000c2800000| Complete 
|  21|0x00000000c2900000, 0x00000000c2a00000, 0x00000000c2a00000|100%|HS|  |TAMS 0x00000000c2a00000, 0x00000000c2900000| Complete 
|  22|0x00000000c2a00000, 0x00000000c2b00000, 0x00000000c2b00000|100%|HC|  |TAMS 0x00000000c2b00000, 0x00000000c2a00000| Complete 
|  23|0x00000000c2b00000, 0x00000000c2c00000, 0x00000000c2c00000|100%|HC|  |TAMS 0x00000000c2c00000, 0x00000000c2b00000| Complete 
|  24|0x00000000c2c00000, 0x00000000c2d00000, 0x00000000c2d00000|100%|HC|  |TAMS 0x00000000c2d00000, 0x00000000c2c00000| Complete 
|  25|0x00000000c2d00000, 0x00000000c2e00000, 0x00000000c2e00000|100%|HC|  |TAMS 0x00000000c2e00000, 0x00000000c2d00000| Complete 
|  26|0x00000000c2e00000, 0x00000000c2f00000, 0x00000000c2f00000|100%|HC|  |TAMS 0x00000000c2f00000, 0x00000000c2e00000| Complete 
|  27|0x00000000c2f00000, 0x00000000c3000000, 0x00000000c3000000|100%|HC|  |TAMS 0x00000000c3000000, 0x00000000c2f00000| Complete 
|  28|0x00000000c3000000, 0x00000000c306b200, 0x00000000c3100000| 41%| O|  |TAMS 0x00000000c3000000, 0x00000000c3000000| Untracked 
|  29|0x00000000c3100000, 0x00000000c3200000, 0x00000000c3200000|100%|HS|  |TAMS 0x00000000c3100000, 0x00000000c3100000| Complete 
|  30|0x00000000c3200000, 0x00000000c3300000, 0x00000000c3300000|100%|HC|  |TAMS 0x00000000c3200000, 0x00000000c3200000| Complete 
|  31|0x00000000c3300000, 0x00000000c3400000, 0x00000000c3400000|100%|HC|  |TAMS 0x00000000c3300000, 0x00000000c3300000| Complete 
|  32|0x00000000c3400000, 0x00000000c3500000, 0x00000000c3500000|100%|HC|  |TAMS 0x00000000c3400000, 0x00000000c3400000| Complete 
|  33|0x00000000c3500000, 0x00000000c3600000, 0x00000000c3600000|100%|HC|  |TAMS 0x00000000c3500000, 0x00000000c3500000| Complete 
|  34|0x00000000c3600000, 0x00000000c3700000, 0x00000000c3700000|100%|HS|  |TAMS 0x00000000c3600000, 0x00000000c3600000| Complete 
|  35|0x00000000c3700000, 0x00000000c3800000, 0x00000000c3800000|100%|HC|  |TAMS 0x00000000c3700000, 0x00000000c3700000| Complete 
|  36|0x00000000c3800000, 0x00000000c3900000, 0x00000000c3900000|100%|HC|  |TAMS 0x00000000c3800000, 0x00000000c3800000| Complete 
|  37|0x00000000c3900000, 0x00000000c3a00000, 0x00000000c3a00000|100%|HC|  |TAMS 0x00000000c3900000, 0x00000000c3900000| Complete 
|  38|0x00000000c3a00000, 0x00000000c3b00000, 0x00000000c3b00000|100%|HC|  |TAMS 0x00000000c3a00000, 0x00000000c3a00000| Complete 
|  39|0x00000000c3b00000, 0x00000000c3c00000, 0x00000000c3c00000|100%|HS|  |TAMS 0x00000000c3b00000, 0x00000000c3b00000| Complete 
|  40|0x00000000c3c00000, 0x00000000c3d00000, 0x00000000c3d00000|100%|HC|  |TAMS 0x00000000c3c00000, 0x00000000c3c00000| Complete 
|  41|0x00000000c3d00000, 0x00000000c3e00000, 0x00000000c3e00000|100%|HC|  |TAMS 0x00000000c3d00000, 0x00000000c3d00000| Complete 
|  42|0x00000000c3e00000, 0x00000000c3f00000, 0x00000000c3f00000|100%|HC|  |TAMS 0x00000000c3e00000, 0x00000000c3e00000| Complete 
|  43|0x00000000c3f00000, 0x00000000c4000000, 0x00000000c4000000|100%|HC|  |TAMS 0x00000000c3f00000, 0x00000000c3f00000| Complete 
|  44|0x00000000c4000000, 0x00000000c4000000, 0x00000000c4100000|  0%| F|  |TAMS 0x00000000c4000000, 0x00000000c4000000| Untracked 
|  45|0x00000000c4100000, 0x00000000c4100000, 0x00000000c4200000|  0%| F|  |TAMS 0x00000000c4100000, 0x00000000c4100000| Untracked 
|  46|0x00000000c4200000, 0x00000000c4200000, 0x00000000c4300000|  0%| F|  |TAMS 0x00000000c4200000, 0x00000000c4200000| Untracked 
|  47|0x00000000c4300000, 0x00000000c4300000, 0x00000000c4400000|  0%| F|  |TAMS 0x00000000c4300000, 0x00000000c4300000| Untracked 
|  48|0x00000000c4400000, 0x00000000c4400000, 0x00000000c4500000|  0%| F|  |TAMS 0x00000000c4400000, 0x00000000c4400000| Untracked 
|  49|0x00000000c4500000, 0x00000000c4600000, 0x00000000c4600000|100%| S|CS|TAMS 0x00000000c4500000, 0x00000000c4500000| Complete 
|  50|0x00000000c4600000, 0x00000000c4700000, 0x00000000c4700000|100%| S|CS|TAMS 0x00000000c4600000, 0x00000000c4600000| Complete 
|  51|0x00000000c4700000, 0x00000000c4700000, 0x00000000c4800000|  0%| F|  |TAMS 0x00000000c4700000, 0x00000000c4700000| Untracked 
|  52|0x00000000c4800000, 0x00000000c4800000, 0x00000000c4900000|  0%| F|  |TAMS 0x00000000c4800000, 0x00000000c4800000| Untracked 
|  53|0x00000000c4900000, 0x00000000c4900000, 0x00000000c4a00000|  0%| F|  |TAMS 0x00000000c4900000, 0x00000000c4900000| Untracked 
|  54|0x00000000c4a00000, 0x00000000c4a00000, 0x00000000c4b00000|  0%| F|  |TAMS 0x00000000c4a00000, 0x00000000c4a00000| Untracked 
|  55|0x00000000c4b00000, 0x00000000c4b00000, 0x00000000c4c00000|  0%| F|  |TAMS 0x00000000c4b00000, 0x00000000c4b00000| Untracked 
|  56|0x00000000c4c00000, 0x00000000c4c00000, 0x00000000c4d00000|  0%| F|  |TAMS 0x00000000c4c00000, 0x00000000c4c00000| Untracked 
|  57|0x00000000c4d00000, 0x00000000c4d00000, 0x00000000c4e00000|  0%| F|  |TAMS 0x00000000c4d00000, 0x00000000c4d00000| Untracked 
|  58|0x00000000c4e00000, 0x00000000c4e00000, 0x00000000c4f00000|  0%| F|  |TAMS 0x00000000c4e00000, 0x00000000c4e00000| Untracked 
|  59|0x00000000c4f00000, 0x00000000c4f00000, 0x00000000c5000000|  0%| F|  |TAMS 0x00000000c4f00000, 0x00000000c4f00000| Untracked 
|  60|0x00000000c5000000, 0x00000000c5000000, 0x00000000c5100000|  0%| F|  |TAMS 0x00000000c5000000, 0x00000000c5000000| Untracked 
|  61|0x00000000c5100000, 0x00000000c5100000, 0x00000000c5200000|  0%| F|  |TAMS 0x00000000c5100000, 0x00000000c5100000| Untracked 
|  62|0x00000000c5200000, 0x00000000c5200000, 0x00000000c5300000|  0%| F|  |TAMS 0x00000000c5200000, 0x00000000c5200000| Untracked 
|  63|0x00000000c5300000, 0x00000000c537ae70, 0x00000000c5400000| 48%| E|  |TAMS 0x00000000c5300000, 0x00000000c5300000| Complete 

Card table byte_map: [0x000001f677cb0000,0x000001f677eb0000] _byte_map_base: 0x000001f6776a6000

Marking Bits (Prev, Next): (CMBitMap*) 0x000001f66362bee0, (CMBitMap*) 0x000001f66362bea0
 Prev Bits: [0x000001f679060000, 0x000001f67a010000)
 Next Bits: [0x000001f6780b0000, 0x000001f679060000)

Polling page: 0x000001f6636d0000

Metaspace:

Usage:
  Non-class:     11.98 MB used.
      Class:      1.30 MB used.
       Both:     13.28 MB used.

Virtual space:
  Non-class space:       16.00 MB reserved,      12.06 MB ( 75%) committed,  2 nodes.
      Class space:        1.00 GB reserved,       1.44 MB ( <1%) committed,  1 nodes.
             Both:        1.02 GB reserved,      13.50 MB (  1%) committed. 

Chunk freelists:
   Non-Class:  3.00 MB
       Class:  2.61 MB
        Both:  5.61 MB

MaxMetaspaceSize: unlimited
CompressedClassSpaceSize: 1.00 GB
Initial GC threshold: 21.00 MB
Current GC threshold: 22.50 MB
CDS: off
MetaspaceReclaimPolicy: balanced
 - commit_granule_bytes: 65536.
 - commit_granule_words: 8192.
 - virtual_space_node_default_size: 1048576.
 - enlarge_chunks_in_place: 1.
 - new_chunks_are_fully_committed: 0.
 - uncommit_free_chunks: 1.
 - use_allocation_guard: 0.
 - handle_deallocations: 1.


Internal statistics:

num_allocs_failed_limit: 0.
num_arena_births: 118.
num_arena_deaths: 0.
num_vsnodes_births: 3.
num_vsnodes_deaths: 0.
num_space_committed: 216.
num_space_uncommitted: 0.
num_chunks_returned_to_freelist: 0.
num_chunks_taken_from_freelist: 193.
num_chunk_merges: 0.
num_chunk_splits: 94.
num_chunks_enlarged: 28.
num_purges: 0.
num_inconsistent_stats: 0.

CodeHeap 'non-profiled nmethods': size=120000Kb used=221Kb max_used=221Kb free=119778Kb
 bounds [0x000001f66ff50000, 0x000001f6701c0000, 0x000001f677480000]
CodeHeap 'profiled nmethods': size=120000Kb used=1300Kb max_used=1300Kb free=118699Kb
 bounds [0x000001f668a20000, 0x000001f668c90000, 0x000001f66ff50000]
CodeHeap 'non-nmethods': size=5760Kb used=1249Kb max_used=1264Kb free=4510Kb
 bounds [0x000001f668480000, 0x000001f6686f0000, 0x000001f668a20000]
 total_blobs=1414 nmethods=846 adapters=481
 compilation: enabled
              stopped_count=0, restarted_count=0
 full_count=0

Compilation events (20 events):
Event: 35.078 Thread 0x000001f67c644e20 nmethod 837 0x000001f668b61a90 code [0x000001f668b61c40, 0x000001f668b61f18]
Event: 35.090 Thread 0x000001f67c643b70  838  s    4       sun.java2d.loops.GraphicsPrimitive::makeUniqueID (26 bytes)
Event: 35.091 Thread 0x000001f67c644e20  839  s    3       sun.java2d.loops.GraphicsPrimitiveMgr::locatePrim (95 bytes)
Event: 35.092 Thread 0x000001f67c644e20 nmethod 839 0x000001f668b61f90 code [0x000001f668b621a0, 0x000001f668b629e8]
Event: 35.093 Thread 0x000001f67c643b70 nmethod 838 0x000001f66ff86c90 code [0x000001f66ff86e20, 0x000001f66ff87038]
Event: 37.054 Thread 0x000001f67c644e20  840       3       java.awt.EventQueue::getNextEventPrivate (76 bytes)
Event: 37.055 Thread 0x000001f67c644e20 nmethod 840 0x000001f668b62d90 code [0x000001f668b62f60, 0x000001f668b632c8]
Event: 37.094 Thread 0x000001f67c644e20  841       3       java.awt.Component::checkTreeLock (21 bytes)
Event: 37.094 Thread 0x000001f67c644e20 nmethod 841 0x000001f668b63410 code [0x000001f668b635e0, 0x000001f668b63878]
Event: 39.196 Thread 0x000001f67c644e20  843       3       java.util.HashMap$EntryIterator::next (5 bytes)
Event: 39.203 Thread 0x000001f67c644e20 nmethod 843 0x000001f668b63990 code [0x000001f668b63b40, 0x000001f668b63cc8]
Event: 39.251 Thread 0x000001f67c644e20  844       3       java.lang.ref.ReferenceQueue::reallyPoll (65 bytes)
Event: 39.251 Thread 0x000001f67c644e20 nmethod 844 0x000001f668b63d90 code [0x000001f668b63f60, 0x000001f668b64478]
Event: 39.252 Thread 0x000001f67c644e20  845       3       jdk.internal.org.objectweb.asm.MethodVisitor::<init> (7 bytes)
Event: 39.253 Thread 0x000001f67c644e20 nmethod 845 0x000001f668b64590 code [0x000001f668b64740, 0x000001f668b64888]
Event: 39.253 Thread 0x000001f67c644e20  846       3       jdk.internal.org.objectweb.asm.MethodWriter::visitMaxs (60 bytes)
Event: 39.253 Thread 0x000001f67c644e20 nmethod 846 0x000001f668b64910 code [0x000001f668b64ae0, 0x000001f668b64db8]
Event: 39.253 Thread 0x000001f67c644e20  847       3       jdk.internal.org.objectweb.asm.MethodWriter::visitEnd (1 bytes)
Event: 39.253 Thread 0x000001f67c644e20 nmethod 847 0x000001f668b64e90 code [0x000001f668b65020, 0x000001f668b65138]
Event: 39.253 Thread 0x000001f67c644e20  848       3       jdk.internal.org.objectweb.asm.MethodWriter::computeMethodInfoSize (571 bytes)

GC Heap History (2 events):
Event: 34.928 GC heap before
{Heap before GC invocations=0 (full 0):
 garbage-first heap   total 65536K, used 40960K [0x00000000c1400000, 0x0000000100000000)
  region size 1024K, 13 young (13312K), 0 survivors (0K)
 Metaspace       used 13595K, committed 13824K, reserved 1064960K
  class space    used 1325K, committed 1472K, reserved 1048576K
}
Event: 35.006 GC heap after
{Heap after GC invocations=1 (full 0):
 garbage-first heap   total 65536K, used 31148K [0x00000000c1400000, 0x0000000100000000)
  region size 1024K, 2 young (2048K), 2 survivors (2048K)
 Metaspace       used 13595K, committed 13824K, reserved 1064960K
  class space    used 1325K, committed 1472K, reserved 1048576K
}

Deoptimization events (12 events):
Event: 1.047 Thread 0x000001f67d5fe4c0 Uncommon trap: trap_request=0xffffff45 fr.pc=0x000001f66ff7409c relative=0x00000000000003fc
Event: 1.047 Thread 0x000001f67d5fe4c0 Uncommon trap: reason=unstable_if action=reinterpret pc=0x000001f66ff7409c method=java.lang.StringLatin1.newString([BII)Ljava/lang/String; @ 1 c2
Event: 1.047 Thread 0x000001f67d5fe4c0 DEOPT PACKING pc=0x000001f66ff7409c sp=0x0000002e4edfe800
Event: 1.047 Thread 0x000001f67d5fe4c0 DEOPT UNPACKING pc=0x000001f6684d23a3 sp=0x0000002e4edfe7e0 mode 2
Event: 1.204 Thread 0x000001f6635ee520 Uncommon trap: trap_request=0xffffff45 fr.pc=0x000001f66ff71de8 relative=0x0000000000000368
Event: 1.204 Thread 0x000001f6635ee520 Uncommon trap: reason=unstable_if action=reinterpret pc=0x000001f66ff71de8 method=java.lang.StringUTF16.compress([CI[BII)I @ 20 c2
Event: 1.204 Thread 0x000001f6635ee520 DEOPT PACKING pc=0x000001f66ff71de8 sp=0x0000002e4d7fd330
Event: 1.204 Thread 0x000001f6635ee520 DEOPT UNPACKING pc=0x000001f6684d23a3 sp=0x0000002e4d7fd2b0 mode 2
Event: 1.343 Thread 0x000001f67d65ce00 Uncommon trap: trap_request=0xffffff45 fr.pc=0x000001f66ff7ce80 relative=0x0000000000000820
Event: 1.343 Thread 0x000001f67d65ce00 Uncommon trap: reason=unstable_if action=reinterpret pc=0x000001f66ff7ce80 method=java.util.HashMap.putVal(ILjava/lang/Object;Ljava/lang/Object;ZZ)Ljava/lang/Object; @ 181 c2
Event: 1.343 Thread 0x000001f67d65ce00 DEOPT PACKING pc=0x000001f66ff7ce80 sp=0x0000002e4eefce20
Event: 1.343 Thread 0x000001f67d65ce00 DEOPT UNPACKING pc=0x000001f6684d23a3 sp=0x0000002e4eefcd68 mode 2

Classes unloaded (0 events):
No events

Classes redefined (0 events):
No events

Internal exceptions (13 events):
Event: 0.324 Thread 0x000001f6635ee520 Exception <a 'java/lang/ClassNotFoundException'{0x00000000c52328e0}: sun/awt/resources/spi/awtProvider> (0x00000000c52328e0) 
thrown [e:\jenkins\tmp\workspace\build\src\src\hotspot\share\classfile\systemDictionary.cpp, line 256]
Event: 0.395 Thread 0x000001f6635ee520 Exception <a 'java/io/FileNotFoundException'{0x00000000c528d5d0}> (0x00000000c528d5d0) 
thrown [e:\jenkins\tmp\workspace\build\src\src\hotspot\share\prims\jni.cpp, line 516]
Event: 0.411 Thread 0x000001f6635ee520 Exception <a 'java/io/FileNotFoundException'{0x00000000c52ba5d8}> (0x00000000c52ba5d8) 
thrown [e:\jenkins\tmp\workspace\build\src\src\hotspot\share\prims\jni.cpp, line 516]
Event: 0.616 Thread 0x000001f6635ee520 Exception <a 'java/lang/NoSuchMethodError'{0x00000000c510c180}: 'java.lang.Object java.lang.invoke.DirectMethodHandle$Holder.invokeStaticInit(java.lang.Object)'> (0x00000000c510c180) 
thrown [e:\jenkins\tmp\workspace\build\src\src\hotspot\share\interpreter\linkResolver.cpp, line 766]
Event: 0.708 Thread 0x000001f6635ee520 Exception <a 'java/lang/NoSuchMethodError'{0x00000000c5198bd0}: 'void java.lang.invoke.DirectMethodHandle$Holder.invokeSpecial(java.lang.Object, java.lang.Object, java.lang.Object)'> (0x00000000c5198bd0) 
thrown [e:\jenkins\tmp\workspace\build\src\src\hotspot\share\interpreter\linkResolver.cpp, line 766]
Event: 0.740 Thread 0x000001f6635ee520 Exception <a 'java/lang/NoSuchMethodError'{0x00000000c51c2e80}: 'java.lang.Object java.lang.invoke.DirectMethodHandle$Holder.newInvokeSpecial(java.lang.Object, java.lang.Object, java.lang.Object, java.lang.Object, java.lang.Object)'> (0x00000000c51c2e80) 
thrown [e:\jenkins\tmp\workspace\build\src\src\hotspot\share\interpreter\linkResolver.cpp, line 766]
Event: 0.744 Thread 0x000001f6635ee520 Exception <a 'java/lang/NoSuchMethodError'{0x00000000c51cea88}: 'java.lang.Object java.lang.invoke.DirectMethodHandle$Holder.invokeStatic(java.lang.Object, int, java.lang.Object, java.lang.Object, java.lang.Object, java.lang.Object)'> (0x00000000c51cea88) 
thrown [e:\jenkins\tmp\workspace\build\src\src\hotspot\share\interpreter\linkResolver.cpp, line 766]
Event: 0.756 Thread 0x000001f6635ee520 Exception <a 'java/lang/NoSuchMethodError'{0x00000000c51f4248}: 'java.lang.Object java.lang.invoke.DirectMethodHandle$Holder.invokeStatic(java.lang.Object, int, java.lang.Object)'> (0x00000000c51f4248) 
thrown [e:\jenkins\tmp\workspace\build\src\src\hotspot\share\interpreter\linkResolver.cpp, line 766]
Event: 0.842 Thread 0x000001f6635ee520 Exception <a 'java/lang/ClassNotFoundException'{0x00000000c50ac250}: com/sun/swing/internal/plaf/metal/resources/spi/metalProvider> (0x00000000c50ac250) 
thrown [e:\jenkins\tmp\workspace\build\src\src\hotspot\share\classfile\systemDictionary.cpp, line 256]
Event: 0.845 Thread 0x000001f6635ee520 Exception <a 'java/lang/ClassNotFoundException'{0x00000000c50b0128}: com/sun/swing/internal/plaf/basic/resources/spi/basicProvider> (0x00000000c50b0128) 
thrown [e:\jenkins\tmp\workspace\build\src\src\hotspot\share\classfile\systemDictionary.cpp, line 256]
Event: 1.054 Thread 0x000001f67d5fe4c0 Exception <a 'java/lang/NoSuchMethodError'{0x00000000c4ea3170}: 'java.lang.Object java.lang.invoke.DirectMethodHandle$Holder.newInvokeSpecial(java.lang.Object, java.lang.Object, java.lang.Object, int, int, int, int, int)'> (0x00000000c4ea3170) 
thrown [e:\jenkins\tmp\workspace\build\src\src\hotspot\share\interpreter\linkResolver.cpp, line 766]
Event: 1.157 Thread 0x000001f67d599160 Exception <a 'java/lang/NoSuchMethodError'{0x00000000c5153178}: 'void java.lang.invoke.DirectMethodHandle$Holder.invokeVirtual(java.lang.Object, java.lang.Object)'> (0x00000000c5153178) 
thrown [e:\jenkins\tmp\workspace\build\src\src\hotspot\share\interpreter\linkResolver.cpp, line 766]
Event: 1.182 Thread 0x000001f6635ee520 Exception <a 'java/lang/NoSuchMethodError'{0x00000000c50ef5f8}: 'void java.lang.invoke.DirectMethodHandle$Holder.invokeStaticInit(java.lang.Object)'> (0x00000000c50ef5f8) 
thrown [e:\jenkins\tmp\workspace\build\src\src\hotspot\share\interpreter\linkResolver.cpp, line 766]

VM Operations (20 events):
Event: 1.167 Executing VM operation: Cleanup
Event: 1.168 Executing VM operation: Cleanup done
Event: 1.219 Executing VM operation: HandshakeAllThreads
Event: 1.219 Executing VM operation: HandshakeAllThreads done
Event: 1.269 Executing VM operation: HandshakeAllThreads
Event: 1.269 Executing VM operation: HandshakeAllThreads done
Event: 1.316 Executing VM operation: HandshakeAllThreads
Event: 1.316 Executing VM operation: HandshakeAllThreads done
Event: 2.328 Executing VM operation: Cleanup
Event: 2.328 Executing VM operation: Cleanup done
Event: 3.335 Executing VM operation: Cleanup
Event: 3.335 Executing VM operation: Cleanup done
Event: 6.354 Executing VM operation: Cleanup
Event: 6.354 Executing VM operation: Cleanup done
Event: 34.928 Executing VM operation: G1TryInitiateConcMark
Event: 35.007 Executing VM operation: G1TryInitiateConcMark done
Event: 35.014 Executing VM operation: G1Concurrent
Event: 35.016 Executing VM operation: G1Concurrent done
Event: 35.017 Executing VM operation: G1Concurrent
Event: 35.037 Executing VM operation: G1Concurrent done

Events (20 events):
Event: 1.405 loading class javax/swing/Scrollable
Event: 1.405 loading class javax/swing/Scrollable done
Event: 1.406 loading class javax/swing/text/JTextComponent done
Event: 1.409 loading class java/awt/event/MouseWheelEvent
Event: 1.410 loading class java/awt/event/MouseWheelEvent done
Event: 3.614 loading class java/applet/Applet
Event: 3.615 loading class java/awt/Panel
Event: 3.615 loading class java/awt/Panel done
Event: 3.615 loading class java/applet/Applet done
Event: 6.153 Thread 0x000001f67d5fe4c0 Thread exited: 0x000001f67d5fe4c0
Event: 7.325 loading class java/awt/KeyboardFocusManager$2
Event: 7.325 loading class java/awt/KeyboardFocusManager$2 done
Event: 7.325 loading class sun/awt/SunToolkit$1
Event: 7.325 loading class sun/awt/SunToolkit$1 done
Event: 34.927 loading class java/util/WeakHashMap$KeyIterator
Event: 34.927 loading class java/util/WeakHashMap$HashIterator
Event: 34.927 loading class java/util/WeakHashMap$HashIterator done
Event: 34.927 loading class java/util/WeakHashMap$KeyIterator done
Event: 34.928 loading class javax/swing/RepaintManager$DisplayChangedRunnable
Event: 34.928 loading class javax/swing/RepaintManager$DisplayChangedRunnable done


Dynamic libraries:
0x00007ff78cd80000 - 0x00007ff78cd8e000 	C:\Users\HP\Downloads\eclipse-jee-2022-06-R-win32-x86_64\eclipse\plugins\org.eclipse.justj.openjdk.hotspot.jre.full.win32.x86_64_17.0.3.v20220515-1416\jre\bin\javaw.exe
0x00007ff883370000 - 0x00007ff883568000 	C:\Windows\SYSTEM32\ntdll.dll
0x00007ff882620000 - 0x00007ff8826df000 	C:\Windows\System32\KERNEL32.DLL
0x00007ff880b00000 - 0x00007ff880dd2000 	C:\Windows\System32\KERNELBASE.dll
0x00007ff881240000 - 0x00007ff881340000 	C:\Windows\System32\ucrtbase.dll
0x00007ff87bcd0000 - 0x00007ff87bce8000 	C:\Users\HP\Downloads\eclipse-jee-2022-06-R-win32-x86_64\eclipse\plugins\org.eclipse.justj.openjdk.hotspot.jre.full.win32.x86_64_17.0.3.v20220515-1416\jre\bin\jli.dll
0x00007ff882470000 - 0x00007ff882611000 	C:\Windows\System32\USER32.dll
0x00007ff880e10000 - 0x00007ff880e32000 	C:\Windows\System32\win32u.dll
0x00007ff8817e0000 - 0x00007ff88180b000 	C:\Windows\System32\GDI32.dll
0x00007ff880e40000 - 0x00007ff880f4f000 	C:\Windows\System32\gdi32full.dll
0x00007ff880a60000 - 0x00007ff880afd000 	C:\Windows\System32\msvcp_win.dll
0x00007ff87bcf0000 - 0x00007ff87bd09000 	C:\Users\HP\Downloads\eclipse-jee-2022-06-R-win32-x86_64\eclipse\plugins\org.eclipse.justj.openjdk.hotspot.jre.full.win32.x86_64_17.0.3.v20220515-1416\jre\bin\VCRUNTIME140.dll
0x00007ff86c2b0000 - 0x00007ff86c54a000 	C:\Windows\WinSxS\amd64_microsoft.windows.common-controls_6595b64144ccf1df_6.0.19041.1110_none_60b5254171f9507e\COMCTL32.dll
0x00007ff8813b0000 - 0x00007ff88144e000 	C:\Windows\System32\msvcrt.dll
0x00007ff883190000 - 0x00007ff8831c2000 	C:\Windows\System32\IMM32.DLL
0x00007ff87bcc0000 - 0x00007ff87bccc000 	C:\Users\HP\Downloads\eclipse-jee-2022-06-R-win32-x86_64\eclipse\plugins\org.eclipse.justj.openjdk.hotspot.jre.full.win32.x86_64_17.0.3.v20220515-1416\jre\bin\vcruntime140_1.dll
0x00007ff87bc20000 - 0x00007ff87bcb1000 	C:\Users\HP\Downloads\eclipse-jee-2022-06-R-win32-x86_64\eclipse\plugins\org.eclipse.justj.openjdk.hotspot.jre.full.win32.x86_64_17.0.3.v20220515-1416\jre\bin\msvcp140.dll
0x00007ff81e6c0000 - 0x00007ff81f308000 	C:\Users\HP\Downloads\eclipse-jee-2022-06-R-win32-x86_64\eclipse\plugins\org.eclipse.justj.openjdk.hotspot.jre.full.win32.x86_64_17.0.3.v20220515-1416\jre\bin\server\jvm.dll
0x00007ff882140000 - 0x00007ff8821ee000 	C:\Windows\System32\ADVAPI32.dll
0x00007ff881740000 - 0x00007ff8817dc000 	C:\Windows\System32\sechost.dll
0x00007ff883060000 - 0x00007ff883185000 	C:\Windows\System32\RPCRT4.dll
0x00007ff8816d0000 - 0x00007ff8816d8000 	C:\Windows\System32\PSAPI.DLL
0x00007ff87e190000 - 0x00007ff87e199000 	C:\Windows\SYSTEM32\WSOCK32.dll
0x00007ff882380000 - 0x00007ff8823eb000 	C:\Windows\System32\WS2_32.dll
0x00007ff862ff0000 - 0x00007ff863017000 	C:\Windows\SYSTEM32\WINMM.dll
0x00007ff87afa0000 - 0x00007ff87afaa000 	C:\Windows\SYSTEM32\VERSION.dll
0x00007ff87e920000 - 0x00007ff87e932000 	C:\Windows\SYSTEM32\kernel.appcore.dll
0x00007ff87bb90000 - 0x00007ff87bb9a000 	C:\Users\HP\Downloads\eclipse-jee-2022-06-R-win32-x86_64\eclipse\plugins\org.eclipse.justj.openjdk.hotspot.jre.full.win32.x86_64_17.0.3.v20220515-1416\jre\bin\jimage.dll
0x00007ff86c620000 - 0x00007ff86c804000 	C:\Windows\SYSTEM32\DBGHELP.DLL
0x00007ff86c5b0000 - 0x00007ff86c5e5000 	C:\Windows\SYSTEM32\dbgcore.DLL
0x00007ff880f50000 - 0x00007ff880fd2000 	C:\Windows\System32\bcryptPrimitives.dll
0x00007ff8575b0000 - 0x00007ff8575d5000 	C:\Users\HP\Downloads\eclipse-jee-2022-06-R-win32-x86_64\eclipse\plugins\org.eclipse.justj.openjdk.hotspot.jre.full.win32.x86_64_17.0.3.v20220515-1416\jre\bin\java.dll
0x00007ff86fe60000 - 0x00007ff86fe78000 	C:\Users\HP\Downloads\eclipse-jee-2022-06-R-win32-x86_64\eclipse\plugins\org.eclipse.justj.openjdk.hotspot.jre.full.win32.x86_64_17.0.3.v20220515-1416\jre\bin\zip.dll
0x00007ff8826e0000 - 0x00007ff882e24000 	C:\Windows\System32\SHELL32.dll
0x00007ff87eb20000 - 0x00007ff87f2b2000 	C:\Windows\SYSTEM32\windows.storage.dll
0x00007ff881d30000 - 0x00007ff882085000 	C:\Windows\System32\combase.dll
0x00007ff8803e0000 - 0x00007ff880410000 	C:\Windows\SYSTEM32\Wldp.dll
0x00007ff881c80000 - 0x00007ff881d2d000 	C:\Windows\System32\SHCORE.dll
0x00007ff8816e0000 - 0x00007ff881735000 	C:\Windows\System32\shlwapi.dll
0x00007ff8809a0000 - 0x00007ff8809bf000 	C:\Windows\SYSTEM32\profapi.dll
0x00007ff87ba00000 - 0x00007ff87bb8e000 	C:\Users\HP\Downloads\eclipse-jee-2022-06-R-win32-x86_64\eclipse\plugins\org.eclipse.justj.openjdk.hotspot.jre.full.win32.x86_64_17.0.3.v20220515-1416\jre\bin\awt.dll
0x00007ff881600000 - 0x00007ff8816cd000 	C:\Windows\System32\OLEAUT32.dll
0x00007ff87e2a0000 - 0x00007ff87e331000 	C:\Windows\SYSTEM32\apphelp.dll
0x00007ff87e630000 - 0x00007ff87e65f000 	C:\Windows\system32\DWMAPI.DLL
0x00007ff87e450000 - 0x00007ff87e4ee000 	C:\Windows\system32\uxtheme.dll
0x00007ff860ad0000 - 0x00007ff860bf5000 	C:\Windows\system32\opengl32.dll
0x00007ff860aa0000 - 0x00007ff860acc000 	C:\Windows\SYSTEM32\GLU32.dll
0x00007ff882eb0000 - 0x00007ff882fc5000 	C:\Windows\System32\MSCTF.dll
0x00007ff882250000 - 0x00007ff88237a000 	C:\Windows\System32\ole32.dll
0x00007ff878bf0000 - 0x00007ff878c1d000 	C:\Users\HP\Downloads\eclipse-jee-2022-06-R-win32-x86_64\eclipse\plugins\org.eclipse.justj.openjdk.hotspot.jre.full.win32.x86_64_17.0.3.v20220515-1416\jre\bin\javajpeg.dll
0x00007ff87b6b0000 - 0x00007ff87b739000 	C:\Users\HP\Downloads\eclipse-jee-2022-06-R-win32-x86_64\eclipse\plugins\org.eclipse.justj.openjdk.hotspot.jre.full.win32.x86_64_17.0.3.v20220515-1416\jre\bin\freetype.dll
0x00007ff87aed0000 - 0x00007ff87af78000 	C:\Users\HP\Downloads\eclipse-jee-2022-06-R-win32-x86_64\eclipse\plugins\org.eclipse.justj.openjdk.hotspot.jre.full.win32.x86_64_17.0.3.v20220515-1416\jre\bin\fontmanager.dll
0x00007ff878490000 - 0x00007ff878589000 	C:\Windows\SYSTEM32\textinputframework.dll
0x00007ff87dd00000 - 0x00007ff87e05e000 	C:\Windows\System32\CoreUIComponents.dll
0x00007ff87e060000 - 0x00007ff87e152000 	C:\Windows\System32\CoreMessaging.dll
0x00007ff87fba0000 - 0x00007ff87fbd3000 	C:\Windows\SYSTEM32\ntmarta.dll
0x00007ff87daa0000 - 0x00007ff87dbf4000 	C:\Windows\SYSTEM32\wintypes.dll
0x00007ff8684a0000 - 0x00007ff8684b9000 	C:\Users\HP\Downloads\eclipse-jee-2022-06-R-win32-x86_64\eclipse\plugins\org.eclipse.justj.openjdk.hotspot.jre.full.win32.x86_64_17.0.3.v20220515-1416\jre\bin\net.dll
0x00007ff879010000 - 0x00007ff87911c000 	C:\Windows\SYSTEM32\WINHTTP.dll
0x00007ff880140000 - 0x00007ff8801aa000 	C:\Windows\system32\mswsock.dll
0x00007ff859650000 - 0x00007ff859665000 	C:\Users\HP\Downloads\eclipse-jee-2022-06-R-win32-x86_64\eclipse\plugins\org.eclipse.justj.openjdk.hotspot.jre.full.win32.x86_64_17.0.3.v20220515-1416\jre\bin\nio.dll
0x00007ff86e290000 - 0x00007ff86e33c000 	C:\Windows\SYSTEM32\TextShaping.dll

dbghelp: loaded successfully - version: 4.0.5 - missing functions: none
symbol engine: initialized successfully - sym options: 0x614 - pdb path: .;C:\Users\HP\Downloads\eclipse-jee-2022-06-R-win32-x86_64\eclipse\plugins\org.eclipse.justj.openjdk.hotspot.jre.full.win32.x86_64_17.0.3.v20220515-1416\jre\bin;C:\Windows\SYSTEM32;C:\Windows\WinSxS\amd64_microsoft.windows.common-controls_6595b64144ccf1df_6.0.19041.1110_none_60b5254171f9507e;C:\Users\HP\Downloads\eclipse-jee-2022-06-R-win32-x86_64\eclipse\plugins\org.eclipse.justj.openjdk.hotspot.jre.full.win32.x86_64_17.0.3.v20220515-1416\jre\bin\server

VM Arguments:
jvm_args: -Dfile.encoding=UTF-8 -XX:+ShowCodeDetailsInExceptionMessages 
java_command: com.quizapplication.Quiz1
java_class_path (initial): C:\Users\HP\Desktop\JavaProjectsEclipse\JDBCProject\Quiz Application\bin
Launcher Type: SUN_STANDARD

[Global flags]
     intx CICompilerCount                          = 3                                         {product} {ergonomic}
     uint ConcGCThreads                            = 1                                         {product} {ergonomic}
     uint G1ConcRefinementThreads                  = 4                                         {product} {ergonomic}
   size_t G1HeapRegionSize                         = 1048576                                   {product} {ergonomic}
    uintx GCDrainStackTargetSize                   = 64                                        {product} {ergonomic}
   size_t InitialHeapSize                          = 67108864                                  {product} {ergonomic}
   size_t MarkStackSize                            = 4194304                                   {product} {ergonomic}
   size_t MaxHeapSize                              = 1052770304                                {product} {ergonomic}
   size_t MaxNewSize                               = 631242752                                 {product} {ergonomic}
   size_t MinHeapDeltaBytes                        = 1048576                                   {product} {ergonomic}
   size_t MinHeapSize                              = 8388608                                   {product} {ergonomic}
    uintx NonNMethodCodeHeapSize                   = 5832780                                {pd product} {ergonomic}
    uintx NonProfiledCodeHeapSize                  = 122912730                              {pd product} {ergonomic}
    uintx ProfiledCodeHeapSize                     = 122912730                              {pd product} {ergonomic}
    uintx ReservedCodeCacheSize                    = 251658240                              {pd product} {ergonomic}
     bool SegmentedCodeCache                       = true                                      {product} {ergonomic}
     bool ShowCodeDetailsInExceptionMessages       = true                                   {manageable} {command line}
   size_t SoftMaxHeapSize                          = 1052770304                             {manageable} {ergonomic}
     bool UseCompressedClassPointers               = true                           {product lp64_product} {ergonomic}
     bool UseCompressedOops                        = true                           {product lp64_product} {ergonomic}
     bool UseG1GC                                  = true                                      {product} {ergonomic}
     bool UseLargePagesIndividualAllocation        = false                                  {pd product} {ergonomic}

Logging:
Log output configuration:
 #0: stdout all=warning uptime,level,tags
 #1: stderr all=off uptime,level,tags

Environment Variables:
PATH=C:/Users/HP/Downloads/eclipse-jee-2022-06-R-win32-x86_64/eclipse//plugins/org.eclipse.justj.openjdk.hotspot.jre.full.win32.x86_64_17.0.3.v20220515-1416/jre/bin/server;C:/Users/HP/Downloads/eclipse-jee-2022-06-R-win32-x86_64/eclipse//plugins/org.eclipse.justj.openjdk.hotspot.jre.full.win32.x86_64_17.0.3.v20220515-1416/jre/bin;C:\Python310\Scripts\;C:\Python310\;D:\oracle\product\10.2.0\db_4\bin;C:\Program Files\Common Files\Oracle\Java\javapath;D:\oracle\product\10.2.0\db_2\bin;D:\oracle\product\10.2.0\db_1\bin;C:\Windows\system32;C:\Windows;C:\Windows\System32\Wbem;C:\Windows\System32\WindowsPowerShell\v1.0\;C:\Windows\System32\OpenSSH\;C:\Program Files\nodejs\;C:\ProgramData\chocolatey\bin;C:\Program Files\MySQL\MySQL Server 8.0\bin;C:\Program Files\MySQL\MySQL Shell 8.0\bin\;C:\Users\HP\AppData\Local\Microsoft\WindowsApps;C:\Users\HP\AppData\Local\Programs\Microsoft VS Code\bin;C:\Program Files\JetBrains\IntelliJ IDEA Community Edition 2022.2.1\bin;;C:\Users\HP\AppData\Roaming\npm;C:\MinGW\bin;;C:\Users\HP\Downloads\eclipse-jee-2022-06-R-win32-x86_64\eclipse;
USERNAME=HP
OS=Windows_NT
PROCESSOR_IDENTIFIER=Intel64 Family 6 Model 78 Stepping 3, GenuineIntel



---------------  S Y S T E M  ---------------

OS:
 Windows 10 , 64 bit Build 19041 (10.0.19041.2364)
OS uptime: 0 days 2:19 hours

CPU: total 4 (initial active 4) (2 cores per cpu, 2 threads per core) family 6 model 78 stepping 3 microcode 0xcc, cx8, cmov, fxsr, ht, mmx, 3dnowpref, sse, sse2, sse3, ssse3, sse4.1, sse4.2, popcnt, lzcnt, tsc, tscinvbit, avx, avx2, aes, erms, clmul, bmi1, bmi2, adx, fma, vzeroupper, clflush, clflushopt

Memory: 4k page, system-wide physical 4012M (264M free)
TotalPageFile size 16300M (AvailPageFile size 9M)
current process WorkingSet (physical memory assigned to process): 130M, peak: 130M
current process commit charge ("private bytes"): 163M, peak: 163M

vm_info: OpenJDK 64-Bit Server VM (17.0.3+7) for windows-amd64 JRE (17.0.3+7), built on Apr 19 2022 16:55:35 by "" with MS VC++ 16.7 (VS2019)

END.
